2017-06-21 11:45:45,302 [1] INFO  MyServer.MyServer - 服务器启动
2017-06-21 11:45:46,622 [1] INFO  NHibernate.Cfg.Environment - NHibernate 4.1.1.GA (assembly 4.1.0.4000)
2017-06-21 11:45:46,632 [1] INFO  NHibernate.Cfg.Environment - hibernate-configuration section not found in application configuration file
2017-06-21 11:45:46,632 [1] INFO  NHibernate.Cfg.Environment - Bytecode provider name : lcg
2017-06-21 11:45:46,632 [1] INFO  NHibernate.Cfg.Environment - Using reflection optimizer
2017-06-21 11:45:46,882 [1] INFO  NHibernate.Cfg.Configuration - Searching for mapped documents in assembly: MyServer
2017-06-21 11:45:46,882 [1] INFO  NHibernate.Cfg.Configuration - Mapping resource: MyServer.Mappings.User.hbm.xml
2017-06-21 11:45:47,892 [1] INFO  NHibernate.Dialect.Dialect - Using dialect: NHibernate.Dialect.MySQL5Dialect
2017-06-21 11:45:48,342 [1] INFO  NHibernate.Cfg.XmlHbmBinding.Binder - Mapping class: MyServer.Model.User -> users
2017-06-21 11:45:48,802 [1] INFO  NHibernate.Cfg.Configuration - checking mappings queue
2017-06-21 11:45:48,802 [1] INFO  NHibernate.Cfg.Configuration - processing one-to-many association mappings
2017-06-21 11:45:48,802 [1] INFO  NHibernate.Cfg.Configuration - processing one-to-one association property references
2017-06-21 11:45:48,802 [1] INFO  NHibernate.Cfg.Configuration - processing foreign key constraints
2017-06-21 11:45:48,862 [1] INFO  NHibernate.Cfg.Configuration - processing filters (second pass)
2017-06-21 11:45:49,052 [1] INFO  NHibernate.Dialect.Dialect - Using dialect: NHibernate.Dialect.MySQL5Dialect
2017-06-21 11:45:49,062 [1] INFO  NHibernate.Dialect.Dialect - Using dialect: NHibernate.Dialect.MySQL5Dialect
2017-06-21 11:45:49,762 [1] INFO  NHibernate.Exceptions.SQLExceptionConverterFactory - Using dialect defined converter
2017-06-21 11:45:49,762 [1] INFO  NHibernate.Cfg.SettingsFactory - Generate SQL with comments: disabled
2017-06-21 11:45:49,762 [1] INFO  NHibernate.Connection.ConnectionProviderFactory - Initializing connection provider: NHibernate.Connection.DriverConnectionProvider
2017-06-21 11:45:49,762 [1] INFO  NHibernate.Connection.ConnectionProvider - Configuring ConnectionProvider
2017-06-21 11:45:51,222 [1] INFO  NHibernate.Cfg.SettingsFactory - Transaction factory: NHibernate.Transaction.AdoNetWithDistributedTransactionFactory
2017-06-21 11:45:51,222 [1] INFO  NHibernate.Cfg.SettingsFactory - Optimize cache for minimal puts: False
2017-06-21 11:45:51,222 [1] INFO  NHibernate.Cfg.SettingsFactory - Connection release mode: auto
2017-06-21 11:45:51,222 [1] INFO  NHibernate.Cfg.SettingsFactory - Default batch fetch size: 1
2017-06-21 11:45:51,222 [1] INFO  NHibernate.Cfg.SettingsFactory - echoing all SQL to stdout
2017-06-21 11:45:51,222 [1] INFO  NHibernate.Cfg.SettingsFactory - Statistics: disabled
2017-06-21 11:45:51,222 [1] INFO  NHibernate.Cfg.SettingsFactory - Deleted entity synthetic identifier rollback: disabled
2017-06-21 11:45:51,222 [1] INFO  NHibernate.Cfg.SettingsFactory - Query translator: NHibernate.Hql.Ast.ANTLR.ASTQueryTranslatorFactory
2017-06-21 11:45:51,282 [1] INFO  NHibernate.Cfg.SettingsFactory - Query provider: NHibernate.Linq.DefaultQueryProvider
2017-06-21 11:45:51,292 [1] INFO  NHibernate.Cfg.SettingsFactory - Query language substitutions: {}
2017-06-21 11:45:51,292 [1] INFO  NHibernate.Cfg.SettingsFactory - cache provider: NHibernate.Cache.NoCacheProvider, NHibernate, Version=4.1.0.4000, Culture=neutral, PublicKeyToken=aa95f207798dfdb4
2017-06-21 11:45:51,292 [1] INFO  NHibernate.Cfg.SettingsFactory - Order SQL inserts for batching: disabled
2017-06-21 11:45:51,292 [1] INFO  NHibernate.Cfg.SettingsFactory - Order SQL updates for batching: disabled
2017-06-21 11:45:51,302 [1] INFO  NHibernate.Cfg.SettingsFactory - Batcher factory: NHibernate.AdoNet.NonBatchingBatcherFactory, NHibernate, Version=4.1.0.4000, Culture=neutral, PublicKeyToken=aa95f207798dfdb4
2017-06-21 11:45:51,302 [1] INFO  NHibernate.Cfg.SettingsFactory - Default flush mode: Auto
2017-06-21 11:45:51,302 [1] INFO  NHibernate.Cfg.SettingsFactory - Default entity-mode: Poco
2017-06-21 11:45:51,302 [1] INFO  NHibernate.Cfg.SettingsFactory - Named query checking : enabled
2017-06-21 11:45:51,302 [1] INFO  NHibernate.Cfg.SettingsFactory - Ignoring exceptions in BeforeTransactionCompletion : disabled
2017-06-21 11:45:51,452 [1] INFO  NHibernate.Impl.SessionFactoryImpl - building session factory
2017-06-21 11:45:54,242 [1] ERROR Photon.SocketServer.ApplicationBase - MySql.Data.MySqlClient.MySqlException (0x80004005): Unable to connect to any of the specified MySQL hosts.
   在 MySql.Data.MySqlClient.NativeDriver.Open()
   在 MySql.Data.MySqlClient.Driver.Open()
   在 MySql.Data.MySqlClient.Driver.Create(MySqlConnectionStringBuilder settings)
   在 MySql.Data.MySqlClient.MySqlPool.CreateNewPooledConnection()
   在 MySql.Data.MySqlClient.MySqlPool.GetPooledConnection()
   在 MySql.Data.MySqlClient.MySqlPool.TryToGetDriver()
   在 MySql.Data.MySqlClient.MySqlPool.GetConnection()
   在 MySql.Data.MySqlClient.MySqlConnection.Open()
   在 NHibernate.Connection.DriverConnectionProvider.GetConnection()
   在 NHibernate.Tool.hbm2ddl.SuppliedConnectionProviderConnectionHelper.Prepare()
   在 NHibernate.Tool.hbm2ddl.SchemaMetadataUpdater.GetReservedWords(Dialect dialect, IConnectionHelper connectionHelper)
   在 NHibernate.Tool.hbm2ddl.SchemaMetadataUpdater.Update(ISessionFactory sessionFactory)
   在 NHibernate.Impl.SessionFactoryImpl..ctor(Configuration cfg, IMapping mapping, Settings settings, EventListeners listeners)
   在 NHibernate.Cfg.Configuration.BuildSessionFactory()
   在 MyServer.NHibernateHelper.get_SessionFactory() 位置 E:\VSproject\PhotonServer服务端使用\MyServer\NHibernateHelper.cs:行号 20
   在 MyServer.NHibernateHelper.OpenSession() 位置 E:\VSproject\PhotonServer服务端使用\MyServer\NHibernateHelper.cs:行号 28
   在 MyServer.Manager.UserManager.GetById(Int32 id) 位置 E:\VSproject\PhotonServer服务端使用\MyServer\Manager\UserManager.cs:行号 39
   在 MyServer.MyServer.Setup() 位置 E:\VSproject\PhotonServer服务端使用\MyServer\MyServer.cs:行号 69
   在 Photon.SocketServer.ApplicationBase.PhotonHostRuntimeInterfaces.IPhotonControl.OnPhotonRunning() 位置 h:\svncontent\photon-socketserver-sdk_cloud\src\Photon.SocketServer\ApplicationBase.cs:行号 1171
2017-06-21 11:45:54,482 [1] INFO  Photon.SocketServer.ApplicationBase - Application is stopping: AppId=MyServer
2017-06-21 11:45:54,502 [1] INFO  MyServer.MyServer - 服务器关闭
2017-06-21 11:45:54,512 [1] ERROR Photon.SocketServer.ApplicationBase - System.NullReferenceException: 未将对象引用设置到对象的实例。
   在 MyServer.Threads.SyncPositionEventThread.Stop() 位置 E:\VSproject\PhotonServer服务端使用\MyServer\Threads\SyncPositionEventThread.cs:行号 22
   在 MyServer.MyServer.TearDown() 位置 E:\VSproject\PhotonServer服务端使用\MyServer\MyServer.cs:行号 81
   在 Photon.SocketServer.ApplicationBase.PhotonHostRuntimeInterfaces.IPhotonControl.OnStop() 位置 h:\svncontent\photon-socketserver-sdk_cloud\src\Photon.SocketServer\ApplicationBase.cs:行号 1202
2017-06-21 11:47:11,878 [1] INFO  MyServer.MyServer - 服务器启动
2017-06-21 11:47:12,045 [1] INFO  NHibernate.Cfg.Environment - NHibernate 4.1.1.GA (assembly 4.1.0.4000)
2017-06-21 11:47:12,047 [1] INFO  NHibernate.Cfg.Environment - hibernate-configuration section not found in application configuration file
2017-06-21 11:47:12,048 [1] INFO  NHibernate.Cfg.Environment - Bytecode provider name : lcg
2017-06-21 11:47:12,048 [1] INFO  NHibernate.Cfg.Environment - Using reflection optimizer
2017-06-21 11:47:12,076 [1] INFO  NHibernate.Cfg.Configuration - Searching for mapped documents in assembly: MyServer
2017-06-21 11:47:12,077 [1] INFO  NHibernate.Cfg.Configuration - Mapping resource: MyServer.Mappings.User.hbm.xml
2017-06-21 11:47:12,334 [1] INFO  NHibernate.Dialect.Dialect - Using dialect: NHibernate.Dialect.MySQL5Dialect
2017-06-21 11:47:12,373 [1] INFO  NHibernate.Cfg.XmlHbmBinding.Binder - Mapping class: MyServer.Model.User -> users
2017-06-21 11:47:12,418 [1] INFO  NHibernate.Cfg.Configuration - checking mappings queue
2017-06-21 11:47:12,418 [1] INFO  NHibernate.Cfg.Configuration - processing one-to-many association mappings
2017-06-21 11:47:12,418 [1] INFO  NHibernate.Cfg.Configuration - processing one-to-one association property references
2017-06-21 11:47:12,418 [1] INFO  NHibernate.Cfg.Configuration - processing foreign key constraints
2017-06-21 11:47:12,420 [1] INFO  NHibernate.Cfg.Configuration - processing filters (second pass)
2017-06-21 11:47:12,433 [1] INFO  NHibernate.Dialect.Dialect - Using dialect: NHibernate.Dialect.MySQL5Dialect
2017-06-21 11:47:12,439 [1] INFO  NHibernate.Dialect.Dialect - Using dialect: NHibernate.Dialect.MySQL5Dialect
2017-06-21 11:47:12,488 [1] INFO  NHibernate.Exceptions.SQLExceptionConverterFactory - Using dialect defined converter
2017-06-21 11:47:12,488 [1] INFO  NHibernate.Cfg.SettingsFactory - Generate SQL with comments: disabled
2017-06-21 11:47:12,488 [1] INFO  NHibernate.Connection.ConnectionProviderFactory - Initializing connection provider: NHibernate.Connection.DriverConnectionProvider
2017-06-21 11:47:12,489 [1] INFO  NHibernate.Connection.ConnectionProvider - Configuring ConnectionProvider
2017-06-21 11:47:12,496 [1] INFO  NHibernate.Cfg.SettingsFactory - Transaction factory: NHibernate.Transaction.AdoNetWithDistributedTransactionFactory
2017-06-21 11:47:12,497 [1] INFO  NHibernate.Cfg.SettingsFactory - Optimize cache for minimal puts: False
2017-06-21 11:47:12,497 [1] INFO  NHibernate.Cfg.SettingsFactory - Connection release mode: auto
2017-06-21 11:47:12,497 [1] INFO  NHibernate.Cfg.SettingsFactory - Default batch fetch size: 1
2017-06-21 11:47:12,497 [1] INFO  NHibernate.Cfg.SettingsFactory - echoing all SQL to stdout
2017-06-21 11:47:12,497 [1] INFO  NHibernate.Cfg.SettingsFactory - Statistics: disabled
2017-06-21 11:47:12,497 [1] INFO  NHibernate.Cfg.SettingsFactory - Deleted entity synthetic identifier rollback: disabled
2017-06-21 11:47:12,497 [1] INFO  NHibernate.Cfg.SettingsFactory - Query translator: NHibernate.Hql.Ast.ANTLR.ASTQueryTranslatorFactory
2017-06-21 11:47:12,498 [1] INFO  NHibernate.Cfg.SettingsFactory - Query provider: NHibernate.Linq.DefaultQueryProvider
2017-06-21 11:47:12,499 [1] INFO  NHibernate.Cfg.SettingsFactory - Query language substitutions: {}
2017-06-21 11:47:12,500 [1] INFO  NHibernate.Cfg.SettingsFactory - cache provider: NHibernate.Cache.NoCacheProvider, NHibernate, Version=4.1.0.4000, Culture=neutral, PublicKeyToken=aa95f207798dfdb4
2017-06-21 11:47:12,500 [1] INFO  NHibernate.Cfg.SettingsFactory - Order SQL inserts for batching: disabled
2017-06-21 11:47:12,500 [1] INFO  NHibernate.Cfg.SettingsFactory - Order SQL updates for batching: disabled
2017-06-21 11:47:12,501 [1] INFO  NHibernate.Cfg.SettingsFactory - Batcher factory: NHibernate.AdoNet.NonBatchingBatcherFactory, NHibernate, Version=4.1.0.4000, Culture=neutral, PublicKeyToken=aa95f207798dfdb4
2017-06-21 11:47:12,501 [1] INFO  NHibernate.Cfg.SettingsFactory - Default flush mode: Auto
2017-06-21 11:47:12,501 [1] INFO  NHibernate.Cfg.SettingsFactory - Default entity-mode: Poco
2017-06-21 11:47:12,501 [1] INFO  NHibernate.Cfg.SettingsFactory - Named query checking : enabled
2017-06-21 11:47:12,501 [1] INFO  NHibernate.Cfg.SettingsFactory - Ignoring exceptions in BeforeTransactionCompletion : disabled
2017-06-21 11:47:12,513 [1] INFO  NHibernate.Impl.SessionFactoryImpl - building session factory
2017-06-21 11:47:13,238 [1] INFO  NHibernate.Impl.SessionFactoryObjectFactory - no name configured
2017-06-21 11:47:13,445 [1] INFO  NHibernate.Loader.Loader - SELECT user0_.id as id1_0_0_, user0_.username as userna2_0_0_, user0_.password as passwo3_0_0_, user0_.regdate as regdat4_0_0_ FROM users user0_ WHERE user0_.id=?p0
2017-06-21 11:47:13,585 [1] INFO  MyServer.MyServer - username为rtert
2017-06-21 11:47:13,586 [1] INFO  Photon.SocketServer.ApplicationBase - Application start: AppId=MyServer; AppPath=E:\PhotonServer\Photon-OnPremise-Server-SDK_v4-0-29-11263\deploy\MyServer, Type=MyServer.MyServer 
2017-06-21 11:47:41,825 [11] INFO  MyServer.MyServer - 一个连接
2017-06-21 11:47:44,007 [10] INFO  NHibernate.Loader.Loader - SELECT this_.id as id1_0_0_, this_.username as userna2_0_0_, this_.password as passwo3_0_0_, this_.regdate as regdat4_0_0_ FROM users this_ WHERE this_.username = ?p0 and this_.password = ?p1
