10540: 11:45:40.613 - ---
10540: 11:45:40.613 - Service: "Photon Socket Server" starting
10540: 11:45:40.613 - Config File: E:\PhotonServer\Photon-OnPremise-Server-SDK_v4-0-29-11263\deploy\bin_Win64\PhotonServer.config
10540: 11:45:40.613 - Will produce at most: 10 crash dumps
10540: 11:45:40.613 - Action: run as exe
10540: 11:45:40.613 - Server Starting...
10540: 11:45:40.613 -    Tick count: 9594435 (wraps in: 49.5992 days)
10540: 11:45:40.613 - Tick count 64: 9594435
10540: 11:45:40.613 - Photon Version: 4.0.28.2962
10540: 11:45:40.613 - PID: 7996
10540: 11:45:40.613 - Config File: E:\PhotonServer\Photon-OnPremise-Server-SDK_v4-0-29-11263\deploy\bin_Win64\PhotonServer.config
10540: 11:45:40.613 - Will NOT log unimportant exceptions
10540: 11:45:40.613 - Not using performance counters as they are not currently installed. Run the service with /InstallCounters to install them.
10540: 11:45:40.613 - Shutdown timeout enabled: 30000ms
10540: 11:45:40.613 - Starting I/O thread pool with 2 threads
10540: 11:45:40.613 - Using Standard allocator
10540: 11:45:40.613 - Max message size: 512000
10540: 11:45:40.613 - Starting business logic thread pool with the following settings
10540: 11:45:40.613 - InitialThreads: 4 threads
10540: 11:45:40.613 - MinThreads: 4 threads
10540: 11:45:40.613 - Thread pool is fixed size
10540: 11:45:40.613 - Starting ENet thread pool with the following settings
10540: 11:45:40.613 - InitialThreads: 2 threads
10540: 11:45:40.613 - MinThreads: 2 threads
10540: 11:45:40.613 - Thread pool is fixed size
10540: 11:45:40.613 - OnlyDispatchTimers: False
10540: 11:45:40.613 - S2S: flow control: Max pending writes: 50
10540: 11:45:40.613 - S2S: flow control: Max queued buffers: 200
10540: 11:45:40.613 - S2S: flow control: Max pending writes MUX: 500
10540: 11:45:40.613 - S2S: flow control: Max queued buffers MUX: 2000
10540: 11:45:40.613 - S2S: MaxInboundMessageSize: 512000
10540: 11:45:40.613 - S2S: MaxOutboundMessageSize: 512000
10540: 11:45:40.613 - S2S: No inactivity timeout
10540: 11:45:40.623 - WebSocket S2S: MaxInboundMessageSize: 512000
10540: 11:45:40.623 - WebSocket S2S: MaxOutboundMessageSize: 512000
10540: 11:45:40.623 - WebSocket S2S: No inactivity timeout
10540: 11:45:40.623 - Max Reliable Data In Transit (awaiting ACKs) per peer : 51200 bytes
10540: 11:45:40.623 - Per peer bandwidth limit
10540: 11:45:40.623 - Transmit Rate Limit: 256 KB/Sec
10540: 11:45:40.623 - Limit period: 200ms
10540: 11:45:40.623 - Limit per period: 52428 bytes
10540: 11:45:40.623 - Max queued data for transmission per peer: 512000 bytes
10540: 11:45:40.623 - Minimum retransmit timeout: 200
10540: 11:45:40.623 - No Maximum retransmit timeout
10540: 11:45:40.623 - Minimum ENet timeout: 5000ms
10540: 11:45:40.623 - Maximum ENet timeout: 30000ms
10540: 11:45:40.623 - Max Inbound Reliable Data Queued (awaiting resends of earlier sequence numbers) per peer : 163840 bytes
10540: 11:45:40.623 - No RTT ACK adjustment timeout
10540: 11:45:40.623 - Outbound ENet: MaxInboundMessageSize: 512000
10540: 11:45:40.623 - Outbound ENet: MaxOutboundMessageSize: 512000
10540: 11:45:40.623 - GetRuntime - About to load CLR - versions available:
10540: 11:45:40.623 - v2.0.50727
10540: 11:45:40.623 - v4.0.30319
10540: 11:45:40.623 - Configuration requests: "v2.0.50727"
10540: 11:45:40.623 - About to load version: "v2.0.50727"
10540: 11:45:40.653 - About to load runtime: PhotonHostRuntime.PhotonDomainManager from PhotonHostRuntime, Culture=neutral, PublicKeyToken=02C301B61B060C4D
10540: 11:45:40.653 - CLRBaseDirectory set to "E:\PhotonServer\Photon-OnPremise-Server-SDK_v4-0-29-11263\deploy"
10540: 11:45:40.653 - Optimising event broadcast for 20 or more peers
10540: 11:45:40.653 - Start: About to load CLR - versions available:
10540: 11:45:40.653 - v2.0.50727
10540: 11:45:40.653 - v4.0.30319
10540: 11:45:40.653 - No preference in configuration file, will load latest.
10540: 11:45:40.653 - About to load version: "v4.0.30319"
10540: 11:45:40.663 - Loaded version: "v4.0.30319"
10540: 11:45:41.013 - Photon host runtime loaded
10540: 11:45:43.283 - LICENSE: No license file was found. Starting with Bootstrap License.
10540: 11:45:43.283 - License is valid.
10540: 11:45:43.283 - Licensed for 20 concurrent connections.
10540: 11:45:43.283 - ENet: Max Reliable Data In Transit (awaiting ACKs) per peer : 51200 bytes
10540: 11:45:43.283 - ENet: Per peer bandwidth limit
10540: 11:45:43.283 - ENet: Transmit Rate Limit: 256 KB/Sec
10540: 11:45:43.283 - ENet: Limit period: 200ms
10540: 11:45:43.283 - ENet: Limit per period: 52428 bytes
10540: 11:45:43.283 - ENet: Max queued data for transmission per peer: 512000 bytes
10540: 11:45:43.283 - ENet: Minimum retransmit timeout: 200
10540: 11:45:43.283 - No Maximum retransmit timeout
10540: 11:45:43.283 - ENet: Minimum timeout: 5000ms
10540: 11:45:43.283 - ENet: Maximum timeout: 30000ms
10540: 11:45:43.283 - ENet: Max Inbound Reliable Data Queued (awaiting resends of earlier sequence numbers) per peer : 163840 bytes
10540: 11:45:43.283 - No RTT ACK adjustment timeout
10540: 11:45:43.283 - About to load application: MyServer from MyServer
10540: 11:45:43.283 - Auto restart is enabled for application, existing connections will be terminated during restart
10540: 11:45:43.283 - Application will restart 1000ms after the last change detected
10540: 11:45:43.283 - Application will restart if files matching the following are changed: "dll;config"
10540: 11:45:43.283 - Application will NOT restart if files matching the following are changed: "log4net.config"
10540: 11:45:43.993 - Taking reference on default app domain
10540: 11:45:44.873 - Application: "MyServer" started in app domain: 2
10540: 11:45:44.873 - Adding TCP listener on: 0.0.0.0: 4530 with a listen backlog of: 150
10540: 11:45:44.873 - TCP inactivity timeout: 10000ms
10540: 11:45:44.873 - TCP disconnect timeout: 120000ms
10540: 11:45:44.873 - MaxInboundMessageSize: 512000
10540: 11:45:44.873 - MaxOutboundMessageSize: 512000
10540: 11:45:44.873 - Forcing all applications ids to: "MyServer"
10540: 11:45:44.873 - Serving policy file requests from: "E:\PhotonServer\Photon-OnPremise-Server-SDK_v4-0-29-11263\deploy\Policy\assets\socket-policy.xml"
10540: 11:45:44.873 - Forcing all applications ids to: "MyServer"
10540: 11:45:44.873 - MaxInboundMessageSize: 512000
10540: 11:45:44.873 - MaxOutboundMessageSize: 512000
10540: 11:45:44.873 - UDP address specified as: "0.0.0.0" adding listener to each available IPv4 address
10540: 11:45:44.873 - Adding UDP listener on: 10.0.1.193: 5055 with a listen backlog of: 500
10540: 11:45:44.883 - Adding UDP listener on: 127.0.0.1: 5055 with a listen backlog of: 500
10540: 11:45:44.883 - Adding WebSocket TCP listener on: 0.0.0.0: 9090 with a listen backlog of: 150
10540: 11:45:44.883 - Nagle disabled
10540: 11:45:44.883 - TCP inactivity timeout: 10000ms
10540: 11:45:44.883 - MaxInboundMessageSize: 512000
10540: 11:45:44.883 - MaxOutboundMessageSize: 512000
10540: 11:45:44.883 - Forcing all applications ids to: "MyServer"
10540: 11:45:44.883 - Will accept ANY sub-protocols from the client
10540: 11:45:44.883 - No automatic WebSocket ping
10540: 11:45:44.883 - Adding Policy File listener on: 0.0.0.0: 843 with a listen backlog of: 150 and serving Policy File: "E:\PhotonServer\Photon-OnPremise-Server-SDK_v4-0-29-11263\deploy\Policy\assets\socket-policy.xml"
10540: 11:45:44.883 - TCP inactivity timeout: 10000ms
10540: 11:45:44.903 - Adding Policy File listener on: 0.0.0.0: 943 with a listen backlog of: 150 and serving Policy File: "E:\PhotonServer\Photon-OnPremise-Server-SDK_v4-0-29-11263\deploy\Policy\assets\socket-policy-silverlight.xml"
10540: 11:45:44.903 - TCP inactivity timeout: 10000ms
10540: 11:45:44.923 - Service is running...
10540: 11:45:54.452 - MyServer:2 - PhotonRunning() failed.
Exception:
MySql.Data.MySqlClient.MySqlException (0x80004005): Unable to connect to any of the specified MySQL hosts.
   在 MySql.Data.MySqlClient.NativeDriver.Open()
   在 MySql.Data.MySqlClient.Driver.Open()
   在 MySql.Data.MySqlClient.Driver.Create(MySqlConnectionStringBuilder settings)
   在 MySql.Data.MySqlClient.MySqlPool.CreateNewPooledConnection()
   在 MySql.Data.MySqlClient.MySqlPool.GetPooledConnection()
   在 MySql.Data.MySqlClient.MySqlPool.TryToGetDriver()
   在 MySql.Data.MySqlClient.MySqlPool.GetConnection()
   在 MySql.Data.MySqlClient.MySqlConnection.Open()
   在 NHibernate.Connection.DriverConnectionProvider.GetConnection()
   在 NHibernate.Tool.hbm2ddl.SuppliedConnectionProviderConnectionHelper.Prepare()
   在 NHibernate.Tool.hbm2ddl.SchemaMetadataUpdater.GetReservedWords(Dialect dialect, IConnectionHelper connectionHelper)
   在 NHibernate.Tool.hbm2ddl.SchemaMetadataUpdater.Update(ISessionFactory sessionFactory)
   在 NHibernate.Impl.SessionFactoryImpl..ctor(Configuration cfg, IMapping mapping, Settings settings, EventListeners listeners)
   在 NHibernate.Cfg.Configuration.BuildSessionFactory()
   在 MyServer.NHibernateHelper.get_SessionFactory() 位置 E:\VSproject\PhotonServer服务端使用\MyServer\NHibernateHelper.cs:行号 20
   在 MyServer.NHibernateHelper.OpenSession() 位置 E:\VSproject\PhotonServer服务端使用\MyServer\NHibernateHelper.cs:行号 28
   在 MyServer.Manager.UserManager.GetById(Int32 id) 位置 E:\VSproject\PhotonServer服务端使用\MyServer\Manager\UserManager.cs:行号 39
   在 MyServer.MyServer.Setup() 位置 E:\VSproject\PhotonServer服务端使用\MyServer\MyServer.cs:行号 69
   在 Photon.SocketServer.ApplicationBase.PhotonHostRuntimeInterfaces.IPhotonControl.OnPhotonRunning() 位置 h:\svncontent\photon-socketserver-sdk_cloud\src\Photon.SocketServer\ApplicationBase.cs:行号 1189
   在 PhotonHostRuntime.PhotonDomainManager.PhotonRunning()
10540: 11:45:54.472 - CService::OnException() - Exception: CManagedHost::PhotonRunning() - Failed in AppDomain: 2 - 未指定的错误
10540: 11:45:54.472 - Server shutting down...
10540: 11:45:54.472 - Shutdown monitoring enabled, 30000ms before process abort
10540: 11:45:54.472 - Notifying CLR applications of shutdown...
10540: 11:45:54.472 - RequestApplicationStop: 2
10540: 11:45:54.482 - RequestStop: defalt app domain
10540: 11:45:54.492 - Shutting down WebSocket Outbound Connection Manager...
10540: 11:45:54.492 - Shutting down TCP Outbound Connection Manager...
10540: 11:45:54.492 - Shutting down ENet Outbound Connection Manager...
10540: 11:45:54.492 - Disconnecting all outbound peers...
10540: 11:45:54.492 - Shutting down ENet host...
10540: 11:45:54.492 - Disconnecting all peers...
10540: 11:45:54.492 - Shutting down socket servers...
10540: 11:45:54.502 - Shutting down ENet thread pool...
10540: 11:45:54.502 - Shutting down TCP inactivity timers...
10540: 11:45:54.502 - WaitingForShutdownToComplete: NativePolicy:0.0.0.0:843
10540: 11:45:54.502 - OnShutdownCompleted: NativePolicy:0.0.0.0:843
10540: 11:45:54.502 - WaitingForShutdownToComplete: NativePolicy:0.0.0.0:943
10540: 11:45:54.502 - OnShutdownCompleted: NativePolicy:0.0.0.0:943
10540: 11:45:54.502 - WaitingForShutdownToComplete: TCP:0.0.0.0:4530
10540: 11:45:54.502 - OnShutdownCompleted: TCP:0.0.0.0:4530
10540: 11:45:54.502 - WaitingForShutdownToComplete: UDP:10.0.1.193:5055
10540: 11:45:54.502 - OnShutdownCompleted: UDP:10.0.1.193:5055
10540: 11:45:54.502 - WaitingForShutdownToComplete: UDP:127.0.0.1:5055
10540: 11:45:54.502 - OnShutdownCompleted: UDP:127.0.0.1:5055
10540: 11:45:54.502 - WaitingForShutdownToComplete: WebSocket:0.0.0.0:9090
10540: 11:45:54.502 - OnShutdownCompleted: WebSocket:0.0.0.0:9090
10540: 11:45:54.502 - Shutting down CLR applications...
10540: 11:45:54.512 - MyServer:2 - Stop() failed.
Exception:
System.NullReferenceException: 未将对象引用设置到对象的实例。
   在 MyServer.Threads.SyncPositionEventThread.Stop() 位置 E:\VSproject\PhotonServer服务端使用\MyServer\Threads\SyncPositionEventThread.cs:行号 22
   在 MyServer.MyServer.TearDown() 位置 E:\VSproject\PhotonServer服务端使用\MyServer\MyServer.cs:行号 81
   在 Photon.SocketServer.ApplicationBase.PhotonHostRuntimeInterfaces.IPhotonControl.OnStop() 位置 h:\svncontent\photon-socketserver-sdk_cloud\src\Photon.SocketServer\ApplicationBase.cs:行号 1212
   在 PhotonHostRuntime.PhotonDomainManager.Stop()
10540: 11:45:54.512 - Shutting down business logic thread pool...
10540: 11:45:54.512 - Shutting down I/O thread pool...
10540: 11:45:54.512 - Destroying servers
10540: 11:45:54.512 - Destroying WebSocket Outbound Connection Manager
10540: 11:45:54.512 - Destroying TCP Outbound Connection Manager
10540: 11:45:54.512 - Destroying TCP inactivity timer
10540: 11:45:54.512 - Destroying ENet timer wheel
10540: 11:45:54.512 - Destroying ENet host
10540: 11:45:54.512 - Destroying ENet outbound host
10540: 11:45:54.512 - Destroying HTTP inactivity timer
10540: 11:45:54.512 - Destroying HTTP host
10540: 11:45:54.512 - Destroying HTTP Chunk host
10540: 11:45:54.512 - Flushing ENET buffer allocator...
10540: 11:45:54.512 - Flushing TCP buffer handle allocator...
10540: 11:45:54.512 - Flushing stream socket allocator...
10540: 11:45:54.512 - Flushing inbound datagram socket allocator...
10540: 11:45:54.522 - Flushing outbound datagram socket allocator...
10540: 11:45:54.522 - Destroying CLR dispatcher
10540: 11:45:54.522 - Destroying CLR applications
10540: 11:45:54.522 - ~CCLRApplicationCollection() - Waiting up to 10 seconds for the CLR to release all of our objects
10540: 11:46:04.531 - ~CCLRApplicationCollection() - CLR failed to release all COM objects. Photon peers and application sinks may have leaked
10540: 11:46:04.531 - ~CManagedHost() - Release default app domain
10540: 11:46:04.531 - CManagedHost::OnDomainUnload() - 1
10540: 11:46:04.531 - ~CManagedHost() - Waiting up to 10 seconds for CLR shutdown...
10540: 11:46:14.532 - ~CManagedHost() - Timeout waiting for CLR shutdown, we may report Photon peer leaks...
10540: 11:46:14.532 - Release domain manager: 2
10540: 11:46:14.554 - ~CManagedHost
10540: 11:46:14.554 - Destroying ENet thread pool
10540: 11:46:14.554 - Destroying Business logic thread pool
10540: 11:46:14.554 - Destroying I/O thread pool
10540: 11:46:14.554 - Destroying ENet buffer allocator
10540: 11:46:14.554 - Destroying TCP buffer allocator
10540: 11:46:14.554 - Destroying TCP socket allocator
10540: 11:46:14.554 - Destroying ENet inbound socket allocator
10540: 11:46:14.554 - Destroying ENet outbound socket allocator
10540: 11:46:14.554 - Destroying shared datagram flow control data
10540: 11:46:14.554 - Shutdown complete...
10540: 11:46:14.554 - Service shutting down
10540: 11:46:14.555 - Service shut down complete
8396: 11:47:09.260 - ---
8396: 11:47:09.260 - Service: "Photon Socket Server" starting
8396: 11:47:09.260 - Config File: E:\PhotonServer\Photon-OnPremise-Server-SDK_v4-0-29-11263\deploy\bin_Win64\PhotonServer.config
8396: 11:47:09.261 - Will produce at most: 10 crash dumps
8396: 11:47:09.261 - Action: run as exe
8396: 11:47:09.261 - Server Starting...
8396: 11:47:09.261 -    Tick count: 9683075 (wraps in: 49.5982 days)
8396: 11:47:09.261 - Tick count 64: 9683075
8396: 11:47:09.261 - Photon Version: 4.0.28.2962
8396: 11:47:09.261 - PID: 4532
8396: 11:47:09.262 - Config File: E:\PhotonServer\Photon-OnPremise-Server-SDK_v4-0-29-11263\deploy\bin_Win64\PhotonServer.config
8396: 11:47:09.262 - Will NOT log unimportant exceptions
8396: 11:47:09.264 - Not using performance counters as they are not currently installed. Run the service with /InstallCounters to install them.
8396: 11:47:09.264 - Shutdown timeout enabled: 30000ms
8396: 11:47:09.264 - Starting I/O thread pool with 2 threads
8396: 11:47:09.264 - Using Standard allocator
8396: 11:47:09.264 - Max message size: 512000
8396: 11:47:09.264 - Starting business logic thread pool with the following settings
8396: 11:47:09.264 - InitialThreads: 4 threads
8396: 11:47:09.264 - MinThreads: 4 threads
8396: 11:47:09.264 - Thread pool is fixed size
8396: 11:47:09.264 - Starting ENet thread pool with the following settings
8396: 11:47:09.264 - InitialThreads: 2 threads
8396: 11:47:09.264 - MinThreads: 2 threads
8396: 11:47:09.264 - Thread pool is fixed size
8396: 11:47:09.264 - OnlyDispatchTimers: False
8396: 11:47:09.265 - S2S: flow control: Max pending writes: 50
8396: 11:47:09.265 - S2S: flow control: Max queued buffers: 200
8396: 11:47:09.265 - S2S: flow control: Max pending writes MUX: 500
8396: 11:47:09.265 - S2S: flow control: Max queued buffers MUX: 2000
8396: 11:47:09.265 - S2S: MaxInboundMessageSize: 512000
8396: 11:47:09.265 - S2S: MaxOutboundMessageSize: 512000
8396: 11:47:09.265 - S2S: No inactivity timeout
8396: 11:47:09.272 - WebSocket S2S: MaxInboundMessageSize: 512000
8396: 11:47:09.272 - WebSocket S2S: MaxOutboundMessageSize: 512000
8396: 11:47:09.272 - WebSocket S2S: No inactivity timeout
8396: 11:47:09.272 - Max Reliable Data In Transit (awaiting ACKs) per peer : 51200 bytes
8396: 11:47:09.272 - Per peer bandwidth limit
8396: 11:47:09.272 - Transmit Rate Limit: 256 KB/Sec
8396: 11:47:09.272 - Limit period: 200ms
8396: 11:47:09.272 - Limit per period: 52428 bytes
8396: 11:47:09.272 - Max queued data for transmission per peer: 512000 bytes
8396: 11:47:09.272 - Minimum retransmit timeout: 200
8396: 11:47:09.272 - No Maximum retransmit timeout
8396: 11:47:09.272 - Minimum ENet timeout: 5000ms
8396: 11:47:09.272 - Maximum ENet timeout: 30000ms
8396: 11:47:09.272 - Max Inbound Reliable Data Queued (awaiting resends of earlier sequence numbers) per peer : 163840 bytes
8396: 11:47:09.272 - No RTT ACK adjustment timeout
8396: 11:47:09.272 - Outbound ENet: MaxInboundMessageSize: 512000
8396: 11:47:09.272 - Outbound ENet: MaxOutboundMessageSize: 512000
8396: 11:47:09.274 - GetRuntime - About to load CLR - versions available:
8396: 11:47:09.274 - v2.0.50727
8396: 11:47:09.274 - v4.0.30319
8396: 11:47:09.274 - Configuration requests: "v2.0.50727"
8396: 11:47:09.274 - About to load version: "v2.0.50727"
8396: 11:47:09.281 - About to load runtime: PhotonHostRuntime.PhotonDomainManager from PhotonHostRuntime, Culture=neutral, PublicKeyToken=02C301B61B060C4D
8396: 11:47:09.281 - CLRBaseDirectory set to "E:\PhotonServer\Photon-OnPremise-Server-SDK_v4-0-29-11263\deploy"
8396: 11:47:09.281 - Optimising event broadcast for 20 or more peers
8396: 11:47:09.282 - Start: About to load CLR - versions available:
8396: 11:47:09.282 - v2.0.50727
8396: 11:47:09.282 - v4.0.30319
8396: 11:47:09.282 - No preference in configuration file, will load latest.
8396: 11:47:09.282 - About to load version: "v4.0.30319"
8396: 11:47:09.283 - Loaded version: "v4.0.30319"
8396: 11:47:09.403 - Photon host runtime loaded
8396: 11:47:11.347 - LICENSE: No license file was found. Starting with Bootstrap License.
8396: 11:47:11.347 - License is valid.
8396: 11:47:11.347 - Licensed for 20 concurrent connections.
8396: 11:47:11.347 - ENet: Max Reliable Data In Transit (awaiting ACKs) per peer : 51200 bytes
8396: 11:47:11.347 - ENet: Per peer bandwidth limit
8396: 11:47:11.347 - ENet: Transmit Rate Limit: 256 KB/Sec
8396: 11:47:11.347 - ENet: Limit period: 200ms
8396: 11:47:11.347 - ENet: Limit per period: 52428 bytes
8396: 11:47:11.347 - ENet: Max queued data for transmission per peer: 512000 bytes
8396: 11:47:11.347 - ENet: Minimum retransmit timeout: 200
8396: 11:47:11.347 - No Maximum retransmit timeout
8396: 11:47:11.347 - ENet: Minimum timeout: 5000ms
8396: 11:47:11.347 - ENet: Maximum timeout: 30000ms
8396: 11:47:11.347 - ENet: Max Inbound Reliable Data Queued (awaiting resends of earlier sequence numbers) per peer : 163840 bytes
8396: 11:47:11.347 - No RTT ACK adjustment timeout
8396: 11:47:11.348 - About to load application: MyServer from MyServer
8396: 11:47:11.348 - Auto restart is enabled for application, existing connections will be terminated during restart
8396: 11:47:11.348 - Application will restart 1000ms after the last change detected
8396: 11:47:11.348 - Application will restart if files matching the following are changed: "dll;config"
8396: 11:47:11.348 - Application will NOT restart if files matching the following are changed: "log4net.config"
8396: 11:47:11.549 - Taking reference on default app domain
8396: 11:47:11.763 - Application: "MyServer" started in app domain: 2
8396: 11:47:11.763 - Adding TCP listener on: 0.0.0.0: 4530 with a listen backlog of: 150
8396: 11:47:11.763 - TCP inactivity timeout: 10000ms
8396: 11:47:11.763 - TCP disconnect timeout: 120000ms
8396: 11:47:11.763 - MaxInboundMessageSize: 512000
8396: 11:47:11.763 - MaxOutboundMessageSize: 512000
8396: 11:47:11.763 - Forcing all applications ids to: "MyServer"
8396: 11:47:11.763 - Serving policy file requests from: "E:\PhotonServer\Photon-OnPremise-Server-SDK_v4-0-29-11263\deploy\Policy\assets\socket-policy.xml"
8396: 11:47:11.763 - Forcing all applications ids to: "MyServer"
8396: 11:47:11.763 - MaxInboundMessageSize: 512000
8396: 11:47:11.763 - MaxOutboundMessageSize: 512000
8396: 11:47:11.763 - UDP address specified as: "0.0.0.0" adding listener to each available IPv4 address
8396: 11:47:11.764 - Adding UDP listener on: 10.0.1.193: 5055 with a listen backlog of: 500
8396: 11:47:11.764 - Adding UDP listener on: 127.0.0.1: 5055 with a listen backlog of: 500
8396: 11:47:11.764 - Adding WebSocket TCP listener on: 0.0.0.0: 9090 with a listen backlog of: 150
8396: 11:47:11.764 - Nagle disabled
8396: 11:47:11.764 - TCP inactivity timeout: 10000ms
8396: 11:47:11.764 - MaxInboundMessageSize: 512000
8396: 11:47:11.764 - MaxOutboundMessageSize: 512000
8396: 11:47:11.764 - Forcing all applications ids to: "MyServer"
8396: 11:47:11.764 - Will accept ANY sub-protocols from the client
8396: 11:47:11.764 - No automatic WebSocket ping
8396: 11:47:11.764 - Adding Policy File listener on: 0.0.0.0: 843 with a listen backlog of: 150 and serving Policy File: "E:\PhotonServer\Photon-OnPremise-Server-SDK_v4-0-29-11263\deploy\Policy\assets\socket-policy.xml"
8396: 11:47:11.764 - TCP inactivity timeout: 10000ms
8396: 11:47:11.764 - Adding Policy File listener on: 0.0.0.0: 943 with a listen backlog of: 150 and serving Policy File: "E:\PhotonServer\Photon-OnPremise-Server-SDK_v4-0-29-11263\deploy\Policy\assets\socket-policy-silverlight.xml"
8396: 11:47:11.765 - TCP inactivity timeout: 10000ms
8396: 11:47:11.783 - Service is running...
