3228: 08:54:42.084 - ---
3228: 08:54:42.084 - Service: "Photon Socket Server" starting
3228: 08:54:42.084 - Config File: E:\PhotonServer\Photon-OnPremise-Server-SDK_v4-0-29-11263\deploy\bin_Win64\PhotonServer.config
3228: 08:54:42.214 - Will produce at most: 10 crash dumps
3228: 08:54:42.214 - Action: run as service
3512: 08:54:42.454 - Server Starting...
3512: 08:54:42.464 -    Tick count: 56160 (wraps in: 49.7096 days)
3512: 08:54:42.464 - Tick count 64: 56175
3512: 08:54:42.464 - Photon Version: 4.0.28.2962
3512: 08:54:42.464 - PID: 3100
3512: 08:54:42.884 - Current directory is: C:\Windows\system32
3512: 08:54:42.884 - Changing current directory to: E:\PhotonServer\Photon-OnPremise-Server-SDK_v4-0-29-11263\deploy\bin_Win64
3512: 08:54:42.884 - Config File: E:\PhotonServer\Photon-OnPremise-Server-SDK_v4-0-29-11263\deploy\bin_Win64\PhotonServer.config
3512: 08:54:42.894 - Will NOT log unimportant exceptions
3512: 08:54:46.454 - Not using performance counters as they are not currently installed. Run the service with /InstallCounters to install them.
3512: 08:54:46.454 - Shutdown timeout enabled: 30000ms
3512: 08:54:46.474 - Starting I/O thread pool with 2 threads
3512: 08:54:46.474 - Using Standard allocator
3512: 08:54:46.474 - Max message size: 512000
3512: 08:54:46.474 - Starting business logic thread pool with the following settings
3512: 08:54:46.474 - InitialThreads: 4 threads
3512: 08:54:46.474 - MinThreads: 4 threads
3512: 08:54:46.474 - Thread pool is fixed size
3512: 08:54:46.474 - Starting ENet thread pool with the following settings
3512: 08:54:46.474 - InitialThreads: 2 threads
3512: 08:54:46.474 - MinThreads: 2 threads
3512: 08:54:46.474 - Thread pool is fixed size
3512: 08:54:46.474 - OnlyDispatchTimers: False
3512: 08:54:46.514 - S2S: flow control: Max pending writes: 50
3512: 08:54:46.514 - S2S: flow control: Max queued buffers: 200
3512: 08:54:46.514 - S2S: flow control: Max pending writes MUX: 500
3512: 08:54:46.524 - S2S: flow control: Max queued buffers MUX: 2000
3512: 08:54:46.524 - S2S: MaxInboundMessageSize: 512000
3512: 08:54:46.524 - S2S: MaxOutboundMessageSize: 512000
3512: 08:54:46.524 - S2S: No inactivity timeout
3512: 08:54:46.524 - WebSocket S2S: MaxInboundMessageSize: 512000
3512: 08:54:46.524 - WebSocket S2S: MaxOutboundMessageSize: 512000
3512: 08:54:46.524 - WebSocket S2S: No inactivity timeout
3512: 08:54:46.524 - Max Reliable Data In Transit (awaiting ACKs) per peer : 51200 bytes
3512: 08:54:46.524 - Per peer bandwidth limit
3512: 08:54:46.524 - Transmit Rate Limit: 256 KB/Sec
3512: 08:54:46.524 - Limit period: 200ms
3512: 08:54:46.524 - Limit per period: 52428 bytes
3512: 08:54:46.524 - Max queued data for transmission per peer: 512000 bytes
3512: 08:54:46.524 - Minimum retransmit timeout: 200
3512: 08:54:46.524 - No Maximum retransmit timeout
3512: 08:54:46.524 - Minimum ENet timeout: 5000ms
3512: 08:54:46.524 - Maximum ENet timeout: 30000ms
3512: 08:54:46.524 - Max Inbound Reliable Data Queued (awaiting resends of earlier sequence numbers) per peer : 163840 bytes
3512: 08:54:46.524 - No RTT ACK adjustment timeout
3512: 08:54:46.524 - Outbound ENet: MaxInboundMessageSize: 512000
3512: 08:54:46.524 - Outbound ENet: MaxOutboundMessageSize: 512000
3512: 08:54:51.741 - GetRuntime - About to load CLR - versions available:
3512: 08:54:51.741 - v2.0.50727
3512: 08:54:51.741 - v4.0.30319
3512: 08:54:51.741 - Configuration requests: "v2.0.50727"
3512: 08:54:51.741 - About to load version: "v2.0.50727"
3512: 08:54:51.866 - About to load runtime: PhotonHostRuntime.PhotonDomainManager from PhotonHostRuntime, Culture=neutral, PublicKeyToken=02C301B61B060C4D
3512: 08:54:51.866 - CLRBaseDirectory set to "E:\PhotonServer\Photon-OnPremise-Server-SDK_v4-0-29-11263\deploy"
3512: 08:54:51.866 - Optimising event broadcast for 20 or more peers
3512: 08:54:51.913 - Start: About to load CLR - versions available:
3512: 08:54:51.913 - v2.0.50727
3512: 08:54:51.913 - v4.0.30319
3512: 08:54:51.913 - No preference in configuration file, will load latest.
3512: 08:54:51.913 - About to load version: "v4.0.30319"
3512: 08:55:03.894 - Loaded version: "v4.0.30319"
3512: 08:55:38.573 - Photon host runtime loaded
3512: 08:55:42.956 - LICENSE: No license file was found. Starting with Bootstrap License.
3512: 08:55:42.956 - License is valid.
3512: 08:55:42.956 - Licensed for 20 concurrent connections.
3512: 08:55:42.956 - ENet: Max Reliable Data In Transit (awaiting ACKs) per peer : 51200 bytes
3512: 08:55:42.956 - ENet: Per peer bandwidth limit
3512: 08:55:42.956 - ENet: Transmit Rate Limit: 256 KB/Sec
3512: 08:55:42.956 - ENet: Limit period: 200ms
3512: 08:55:42.956 - ENet: Limit per period: 52428 bytes
3512: 08:55:42.956 - ENet: Max queued data for transmission per peer: 512000 bytes
3512: 08:55:42.956 - ENet: Minimum retransmit timeout: 200
3512: 08:55:42.956 - No Maximum retransmit timeout
3512: 08:55:42.956 - ENet: Minimum timeout: 5000ms
3512: 08:55:42.956 - ENet: Maximum timeout: 30000ms
3512: 08:55:42.956 - ENet: Max Inbound Reliable Data Queued (awaiting resends of earlier sequence numbers) per peer : 163840 bytes
3512: 08:55:42.956 - No RTT ACK adjustment timeout
3512: 08:55:42.956 - About to load application: MMoDemo from Photon.MmoDemo.Server
3512: 08:55:42.956 - Auto restart is enabled for application, existing connections will be terminated during restart
3512: 08:55:42.956 - Application will restart 1000ms after the last change detected
3512: 08:55:42.956 - Application will restart if files matching the following are changed: "dll;config"
3512: 08:55:42.956 - Application will NOT restart if files matching the following are changed: "log4net.config"
3512: 08:55:43.253 - CService::OnException() - Exception: CManagedHost::CreateApplicationInNewAppDomain() - Failed to create new application domain for : "MMoDemo" - Can't find Photon.MmoDemo.Server.dll in  or E:\PhotonServer\Photon-OnPremise-Server-SDK_v4-0-29-11263\deploy\MmoDemo\bin
3512: 08:55:43.253 - Server shutting down...
3512: 08:55:43.253 - Shutdown monitoring enabled, 30000ms before process abort
3512: 08:55:43.253 - Notifying CLR applications of shutdown...
3512: 08:55:43.253 - RequestStop: defalt app domain
3512: 08:55:43.268 - Shutting down WebSocket Outbound Connection Manager...
3512: 08:55:43.487 - Shutting down TCP Outbound Connection Manager...
3512: 08:55:43.487 - Shutting down ENet Outbound Connection Manager...
3512: 08:55:43.487 - Disconnecting all outbound peers...
3512: 08:55:43.689 - Shutting down ENet host...
3512: 08:55:43.924 - Disconnecting all peers...
3512: 08:55:44.142 - Shutting down socket servers...
3512: 08:55:44.142 - Shutting down ENet thread pool...
3512: 08:55:44.158 - Shutting down TCP inactivity timers...
3512: 08:55:44.158 - Shutting down CLR applications...
3512: 08:55:44.158 - Shutting down business logic thread pool...
3512: 08:55:44.158 - Shutting down I/O thread pool...
3512: 08:55:44.158 - Destroying servers
3512: 08:55:44.158 - Destroying WebSocket Outbound Connection Manager
3512: 08:55:44.158 - Destroying TCP Outbound Connection Manager
3512: 08:55:44.158 - Destroying TCP inactivity timer
3512: 08:55:44.158 - Destroying ENet timer wheel
3512: 08:55:44.158 - Destroying ENet host
3512: 08:55:44.158 - Destroying ENet outbound host
3512: 08:55:44.158 - Destroying HTTP inactivity timer
3512: 08:55:44.158 - Destroying HTTP host
3512: 08:55:44.158 - Destroying HTTP Chunk host
3512: 08:55:44.158 - Flushing ENET buffer allocator...
3512: 08:55:44.158 - Flushing TCP buffer handle allocator...
3512: 08:55:44.158 - Flushing stream socket allocator...
3512: 08:55:44.158 - Flushing inbound datagram socket allocator...
3512: 08:55:44.158 - Flushing outbound datagram socket allocator...
3512: 08:55:44.158 - Destroying CLR dispatcher
3512: 08:55:44.158 - Destroying CLR applications
3512: 08:55:45.686 - ~CCLRApplicationCollection() - Waiting up to 10 seconds for the CLR to release all of our objects
3512: 08:55:45.686 - ~CCLRApplicationCollection() - Done. All objects released
3512: 08:55:45.686 - ~CManagedHost() - Release default app domain
3512: 08:55:45.686 - CManagedHost::OnDomainUnload() - 1
3512: 08:55:45.686 - ~CManagedHost() - Waiting up to 10 seconds for CLR shutdown...
3512: 08:55:45.776 - ~CManagedHost
3512: 08:55:45.776 - Destroying ENet thread pool
3512: 08:55:45.776 - Destroying Business logic thread pool
3512: 08:55:45.776 - Destroying I/O thread pool
3512: 08:55:45.776 - Destroying ENet buffer allocator
3512: 08:55:45.776 - Destroying TCP buffer allocator
3512: 08:55:45.776 - Destroying TCP socket allocator
3512: 08:55:45.776 - Destroying ENet inbound socket allocator
3512: 08:55:45.776 - Destroying ENet outbound socket allocator
3512: 08:55:45.776 - Destroying shared datagram flow control data
3512: 08:55:46.853 - Shutdown complete...
3228: 08:55:46.853 - Service shutting down
3228: 08:55:46.931 - Service shut down complete
