2940: 09:06:21.603 - ---
2940: 09:06:21.603 - Service: "Photon Socket Server" starting
2940: 09:06:21.603 - Config File: E:\PhotonServer\Photon-OnPremise-Server-SDK_v4-0-29-11263\deploy\bin_Win64\PhotonServer.config
2940: 09:06:21.603 - Will produce at most: 10 crash dumps
2940: 09:06:21.603 - Action: run as service
2964: 09:06:21.603 - Server Starting...
2964: 09:06:21.603 -    Tick count: 35427 (wraps in: 49.7099 days)
2964: 09:06:21.603 - Tick count 64: 35427
2964: 09:06:21.603 - Photon Version: 4.0.28.2962
2964: 09:06:21.603 - PID: 2936
2964: 09:06:21.603 - Current directory is: C:\Windows\system32
2964: 09:06:21.603 - Changing current directory to: E:\PhotonServer\Photon-OnPremise-Server-SDK_v4-0-29-11263\deploy\bin_Win64
2964: 09:06:21.603 - Config File: E:\PhotonServer\Photon-OnPremise-Server-SDK_v4-0-29-11263\deploy\bin_Win64\PhotonServer.config
2964: 09:06:21.603 - Will NOT log unimportant exceptions
2964: 09:06:21.712 - Not using performance counters as they are not currently installed. Run the service with /InstallCounters to install them.
2964: 09:06:21.712 - Shutdown timeout enabled: 30000ms
2964: 09:06:21.712 - Starting I/O thread pool with 2 threads
2964: 09:06:21.712 - Using Standard allocator
2964: 09:06:21.712 - Max message size: 512000
2964: 09:06:21.712 - Starting business logic thread pool with the following settings
2964: 09:06:21.712 - InitialThreads: 4 threads
2964: 09:06:21.712 - MinThreads: 4 threads
2964: 09:06:21.712 - Thread pool is fixed size
2964: 09:06:21.712 - Starting ENet thread pool with the following settings
2964: 09:06:21.712 - InitialThreads: 2 threads
2964: 09:06:21.712 - MinThreads: 2 threads
2964: 09:06:21.712 - Thread pool is fixed size
2964: 09:06:21.712 - OnlyDispatchTimers: False
2964: 09:06:21.712 - S2S: flow control: Max pending writes: 50
2964: 09:06:21.712 - S2S: flow control: Max queued buffers: 200
2964: 09:06:21.712 - S2S: flow control: Max pending writes MUX: 500
2964: 09:06:21.712 - S2S: flow control: Max queued buffers MUX: 2000
2964: 09:06:21.712 - S2S: MaxInboundMessageSize: 512000
2964: 09:06:21.712 - S2S: MaxOutboundMessageSize: 512000
2964: 09:06:21.712 - S2S: No inactivity timeout
2964: 09:06:21.728 - WebSocket S2S: MaxInboundMessageSize: 512000
2964: 09:06:21.728 - WebSocket S2S: MaxOutboundMessageSize: 512000
2964: 09:06:21.728 - WebSocket S2S: No inactivity timeout
2964: 09:06:21.728 - Max Reliable Data In Transit (awaiting ACKs) per peer : 51200 bytes
2964: 09:06:21.728 - Per peer bandwidth limit
2964: 09:06:21.728 - Transmit Rate Limit: 256 KB/Sec
2964: 09:06:21.728 - Limit period: 200ms
2964: 09:06:21.728 - Limit per period: 52428 bytes
2964: 09:06:21.728 - Max queued data for transmission per peer: 512000 bytes
2964: 09:06:21.728 - Minimum retransmit timeout: 200
2964: 09:06:21.728 - No Maximum retransmit timeout
2964: 09:06:21.728 - Minimum ENet timeout: 5000ms
2964: 09:06:21.728 - Maximum ENet timeout: 30000ms
2964: 09:06:21.728 - Max Inbound Reliable Data Queued (awaiting resends of earlier sequence numbers) per peer : 163840 bytes
2964: 09:06:21.728 - No RTT ACK adjustment timeout
2964: 09:06:21.728 - Outbound ENet: MaxInboundMessageSize: 512000
2964: 09:06:21.728 - Outbound ENet: MaxOutboundMessageSize: 512000
2964: 09:06:21.822 - GetRuntime - About to load CLR - versions available:
2964: 09:06:21.822 - v2.0.50727
2964: 09:06:21.822 - v4.0.30319
2964: 09:06:21.822 - Configuration requests: "v2.0.50727"
2964: 09:06:21.822 - About to load version: "v2.0.50727"
2964: 09:06:24.957 - About to load runtime: PhotonHostRuntime.PhotonDomainManager from PhotonHostRuntime, Culture=neutral, PublicKeyToken=02C301B61B060C4D
2964: 09:06:24.957 - CLRBaseDirectory set to "E:\PhotonServer\Photon-OnPremise-Server-SDK_v4-0-29-11263\deploy"
2964: 09:06:24.957 - Optimising event broadcast for 20 or more peers
2964: 09:06:25.098 - Start: About to load CLR - versions available:
2964: 09:06:25.098 - v2.0.50727
2964: 09:06:25.098 - v4.0.30319
2964: 09:06:25.098 - No preference in configuration file, will load latest.
2964: 09:06:25.098 - About to load version: "v4.0.30319"
2964: 09:06:25.098 - Loaded version: "v4.0.30319"
2964: 09:06:26.346 - Photon host runtime loaded
2964: 09:06:46.672 - LICENSE: No license file was found. Starting with Bootstrap License.
2964: 09:06:46.672 - License is valid.
2964: 09:06:46.672 - Licensed for 20 concurrent connections.
2964: 09:06:46.672 - ENet: Max Reliable Data In Transit (awaiting ACKs) per peer : 51200 bytes
2964: 09:06:46.672 - ENet: Per peer bandwidth limit
2964: 09:06:46.672 - ENet: Transmit Rate Limit: 256 KB/Sec
2964: 09:06:46.672 - ENet: Limit period: 200ms
2964: 09:06:46.672 - ENet: Limit per period: 52428 bytes
2964: 09:06:46.672 - ENet: Max queued data for transmission per peer: 512000 bytes
2964: 09:06:46.672 - ENet: Minimum retransmit timeout: 200
2964: 09:06:46.672 - No Maximum retransmit timeout
2964: 09:06:46.672 - ENet: Minimum timeout: 5000ms
2964: 09:06:46.672 - ENet: Maximum timeout: 30000ms
2964: 09:06:46.672 - ENet: Max Inbound Reliable Data Queued (awaiting resends of earlier sequence numbers) per peer : 163840 bytes
2964: 09:06:46.672 - No RTT ACK adjustment timeout
2964: 09:06:46.672 - About to load application: MMoDemo from Photon.MmoDemo.Server
2964: 09:06:46.672 - Auto restart is enabled for application, existing connections will be terminated during restart
2964: 09:06:46.672 - Application will restart 1000ms after the last change detected
2964: 09:06:46.672 - Application will restart if files matching the following are changed: "dll;config"
2964: 09:06:46.672 - Application will NOT restart if files matching the following are changed: "log4net.config"
2964: 09:06:47.078 - CService::OnException() - Exception: CManagedHost::CreateApplicationInNewAppDomain() - Failed to create new application domain for : "MMoDemo" - Can't find Photon.MmoDemo.Server.dll in  or E:\PhotonServer\Photon-OnPremise-Server-SDK_v4-0-29-11263\deploy\MmoDemo\bin
2964: 09:06:47.078 - Server shutting down...
2964: 09:06:47.078 - Shutdown monitoring enabled, 30000ms before process abort
2964: 09:06:47.078 - Notifying CLR applications of shutdown...
2964: 09:06:47.078 - RequestStop: defalt app domain
2964: 09:06:47.078 - Shutting down WebSocket Outbound Connection Manager...
2964: 09:06:47.109 - Shutting down TCP Outbound Connection Manager...
2964: 09:06:47.125 - Shutting down ENet Outbound Connection Manager...
2964: 09:06:47.125 - Disconnecting all outbound peers...
2964: 09:06:47.125 - Shutting down ENet host...
2964: 09:06:47.125 - Disconnecting all peers...
2964: 09:06:47.125 - Shutting down socket servers...
2964: 09:06:47.125 - Shutting down ENet thread pool...
2964: 09:06:47.125 - Shutting down TCP inactivity timers...
2964: 09:06:47.125 - Shutting down CLR applications...
2964: 09:06:47.125 - Shutting down business logic thread pool...
2964: 09:06:47.125 - Shutting down I/O thread pool...
2964: 09:06:47.125 - Destroying servers
2964: 09:06:47.125 - Destroying WebSocket Outbound Connection Manager
2964: 09:06:47.125 - Destroying TCP Outbound Connection Manager
2964: 09:06:47.125 - Destroying TCP inactivity timer
2964: 09:06:47.125 - Destroying ENet timer wheel
2964: 09:06:47.125 - Destroying ENet host
2964: 09:06:47.125 - Destroying ENet outbound host
2964: 09:06:47.125 - Destroying HTTP inactivity timer
2964: 09:06:47.125 - Destroying HTTP host
2964: 09:06:47.125 - Destroying HTTP Chunk host
2964: 09:06:47.125 - Flushing ENET buffer allocator...
2964: 09:06:47.125 - Flushing TCP buffer handle allocator...
2964: 09:06:47.125 - Flushing stream socket allocator...
2964: 09:06:47.125 - Flushing inbound datagram socket allocator...
2964: 09:06:47.125 - Flushing outbound datagram socket allocator...
2964: 09:06:47.125 - Destroying CLR dispatcher
2964: 09:06:47.125 - Destroying CLR applications
2964: 09:06:47.187 - ~CCLRApplicationCollection() - Waiting up to 10 seconds for the CLR to release all of our objects
2964: 09:06:47.187 - ~CCLRApplicationCollection() - Done. All objects released
2964: 09:06:47.187 - ~CManagedHost() - Release default app domain
2964: 09:06:47.187 - CManagedHost::OnDomainUnload() - 1
2964: 09:06:47.187 - ~CManagedHost() - Waiting up to 10 seconds for CLR shutdown...
2964: 09:06:47.187 - ~CManagedHost
2964: 09:06:47.187 - Destroying ENet thread pool
2964: 09:06:47.187 - Destroying Business logic thread pool
2964: 09:06:47.187 - Destroying I/O thread pool
2964: 09:06:47.187 - Destroying ENet buffer allocator
2964: 09:06:47.187 - Destroying TCP buffer allocator
2964: 09:06:47.187 - Destroying TCP socket allocator
2964: 09:06:47.187 - Destroying ENet inbound socket allocator
2964: 09:06:47.187 - Destroying ENet outbound socket allocator
2964: 09:06:47.187 - Destroying shared datagram flow control data
2964: 09:06:47.187 - Shutdown complete...
2940: 09:06:57.764 - Service shutting down
2940: 09:06:57.764 - Service shut down complete
