3316: 09:06:11.338 - ---
3316: 09:06:11.338 - Service: "Photon Socket Server" starting
3316: 09:06:11.338 - Config File: E:\PhotonServer\Photon-OnPremise-Server-SDK_v4-0-29-11263\deploy\bin_Win64\PhotonServer.config
3316: 09:06:11.338 - Will produce at most: 10 crash dumps
3316: 09:06:11.338 - Action: run as service
3440: 09:06:11.348 - Server Starting...
3440: 09:06:11.348 -    Tick count: 52166 (wraps in: 49.7097 days)
3440: 09:06:11.348 - Tick count 64: 52166
3440: 09:06:11.348 - Photon Version: 4.0.28.2962
3440: 09:06:11.348 - PID: 3312
3440: 09:06:11.348 - Current directory is: C:\Windows\system32
3440: 09:06:11.348 - Changing current directory to: E:\PhotonServer\Photon-OnPremise-Server-SDK_v4-0-29-11263\deploy\bin_Win64
3440: 09:06:11.348 - Config File: E:\PhotonServer\Photon-OnPremise-Server-SDK_v4-0-29-11263\deploy\bin_Win64\PhotonServer.config
3440: 09:06:11.348 - Will NOT log unimportant exceptions
3440: 09:06:11.428 - Not using performance counters as they are not currently installed. Run the service with /InstallCounters to install them.
3440: 09:06:11.428 - Shutdown timeout enabled: 30000ms
3440: 09:06:11.428 - Starting I/O thread pool with 2 threads
3440: 09:06:11.428 - Using Standard allocator
3440: 09:06:11.428 - Max message size: 512000
3440: 09:06:11.428 - Starting business logic thread pool with the following settings
3440: 09:06:11.428 - InitialThreads: 4 threads
3440: 09:06:11.428 - MinThreads: 4 threads
3440: 09:06:11.428 - Thread pool is fixed size
3440: 09:06:11.428 - Starting ENet thread pool with the following settings
3440: 09:06:11.428 - InitialThreads: 2 threads
3440: 09:06:11.428 - MinThreads: 2 threads
3440: 09:06:11.428 - Thread pool is fixed size
3440: 09:06:11.428 - OnlyDispatchTimers: False
3440: 09:06:11.428 - S2S: flow control: Max pending writes: 50
3440: 09:06:11.428 - S2S: flow control: Max queued buffers: 200
3440: 09:06:11.428 - S2S: flow control: Max pending writes MUX: 500
3440: 09:06:11.428 - S2S: flow control: Max queued buffers MUX: 2000
3440: 09:06:11.428 - S2S: MaxInboundMessageSize: 512000
3440: 09:06:11.428 - S2S: MaxOutboundMessageSize: 512000
3440: 09:06:11.428 - S2S: No inactivity timeout
3440: 09:06:11.438 - WebSocket S2S: MaxInboundMessageSize: 512000
3440: 09:06:11.438 - WebSocket S2S: MaxOutboundMessageSize: 512000
3440: 09:06:11.438 - WebSocket S2S: No inactivity timeout
3440: 09:06:11.438 - Max Reliable Data In Transit (awaiting ACKs) per peer : 51200 bytes
3440: 09:06:11.438 - Per peer bandwidth limit
3440: 09:06:11.438 - Transmit Rate Limit: 256 KB/Sec
3440: 09:06:11.438 - Limit period: 200ms
3440: 09:06:11.438 - Limit per period: 52428 bytes
3440: 09:06:11.438 - Max queued data for transmission per peer: 512000 bytes
3440: 09:06:11.438 - Minimum retransmit timeout: 200
3440: 09:06:11.438 - No Maximum retransmit timeout
3440: 09:06:11.438 - Minimum ENet timeout: 5000ms
3440: 09:06:11.438 - Maximum ENet timeout: 30000ms
3440: 09:06:11.438 - Max Inbound Reliable Data Queued (awaiting resends of earlier sequence numbers) per peer : 163840 bytes
3440: 09:06:11.438 - No RTT ACK adjustment timeout
3440: 09:06:11.438 - Outbound ENet: MaxInboundMessageSize: 512000
3440: 09:06:11.438 - Outbound ENet: MaxOutboundMessageSize: 512000
3440: 09:06:13.618 - GetRuntime - About to load CLR - versions available:
3440: 09:06:13.618 - v2.0.50727
3440: 09:06:13.618 - v4.0.30319
3440: 09:06:13.618 - Configuration requests: "v2.0.50727"
3440: 09:06:13.618 - About to load version: "v2.0.50727"
3440: 09:06:15.548 - About to load runtime: PhotonHostRuntime.PhotonDomainManager from PhotonHostRuntime, Culture=neutral, PublicKeyToken=02C301B61B060C4D
3440: 09:06:15.548 - CLRBaseDirectory set to "E:\PhotonServer\Photon-OnPremise-Server-SDK_v4-0-29-11263\deploy"
3440: 09:06:15.548 - Optimising event broadcast for 20 or more peers
3440: 09:06:15.738 - Start: About to load CLR - versions available:
3440: 09:06:15.738 - v2.0.50727
3440: 09:06:15.738 - v4.0.30319
3440: 09:06:15.738 - No preference in configuration file, will load latest.
3440: 09:06:15.738 - About to load version: "v4.0.30319"
3440: 09:06:15.738 - Loaded version: "v4.0.30319"
3440: 09:06:23.581 - Photon host runtime loaded
3440: 09:06:27.154 - LICENSE: No license file was found. Starting with Bootstrap License.
3440: 09:06:27.154 - License is valid.
3440: 09:06:27.154 - Licensed for 20 concurrent connections.
3440: 09:06:27.154 - ENet: Max Reliable Data In Transit (awaiting ACKs) per peer : 51200 bytes
3440: 09:06:27.154 - ENet: Per peer bandwidth limit
3440: 09:06:27.154 - ENet: Transmit Rate Limit: 256 KB/Sec
3440: 09:06:27.154 - ENet: Limit period: 200ms
3440: 09:06:27.154 - ENet: Limit per period: 52428 bytes
3440: 09:06:27.154 - ENet: Max queued data for transmission per peer: 512000 bytes
3440: 09:06:27.154 - ENet: Minimum retransmit timeout: 200
3440: 09:06:27.154 - No Maximum retransmit timeout
3440: 09:06:27.154 - ENet: Minimum timeout: 5000ms
3440: 09:06:27.154 - ENet: Maximum timeout: 30000ms
3440: 09:06:27.154 - ENet: Max Inbound Reliable Data Queued (awaiting resends of earlier sequence numbers) per peer : 163840 bytes
3440: 09:06:27.154 - No RTT ACK adjustment timeout
3440: 09:06:27.154 - About to load application: MMoDemo from Photon.MmoDemo.Server
3440: 09:06:27.154 - Auto restart is enabled for application, existing connections will be terminated during restart
3440: 09:06:27.154 - Application will restart 1000ms after the last change detected
3440: 09:06:27.154 - Application will restart if files matching the following are changed: "dll;config"
3440: 09:06:27.154 - Application will NOT restart if files matching the following are changed: "log4net.config"
3440: 09:06:27.294 - CService::OnException() - Exception: CManagedHost::CreateApplicationInNewAppDomain() - Failed to create new application domain for : "MMoDemo" - Can't find Photon.MmoDemo.Server.dll in  or E:\PhotonServer\Photon-OnPremise-Server-SDK_v4-0-29-11263\deploy\MmoDemo\bin
3440: 09:06:27.294 - Server shutting down...
3440: 09:06:27.294 - Shutdown monitoring enabled, 30000ms before process abort
3440: 09:06:27.294 - Notifying CLR applications of shutdown...
3440: 09:06:27.294 - RequestStop: defalt app domain
3440: 09:06:27.294 - Shutting down WebSocket Outbound Connection Manager...
3440: 09:06:28.823 - Shutting down TCP Outbound Connection Manager...
3440: 09:06:28.823 - Shutting down ENet Outbound Connection Manager...
3440: 09:06:28.823 - Disconnecting all outbound peers...
3440: 09:06:30.851 - Shutting down ENet host...
3440: 09:06:30.851 - Disconnecting all peers...
3440: 09:06:30.851 - Shutting down socket servers...
3440: 09:06:30.851 - Shutting down ENet thread pool...
3440: 09:06:30.851 - Shutting down TCP inactivity timers...
3440: 09:06:30.851 - Shutting down CLR applications...
3440: 09:06:30.851 - Shutting down business logic thread pool...
3440: 09:06:30.851 - Shutting down I/O thread pool...
3440: 09:06:31.101 - Destroying servers
3440: 09:06:31.101 - Destroying WebSocket Outbound Connection Manager
3440: 09:06:31.101 - Destroying TCP Outbound Connection Manager
3440: 09:06:31.101 - Destroying TCP inactivity timer
3440: 09:06:31.101 - Destroying ENet timer wheel
3440: 09:06:31.101 - Destroying ENet host
3440: 09:06:31.101 - Destroying ENet outbound host
3440: 09:06:31.101 - Destroying HTTP inactivity timer
3440: 09:06:31.101 - Destroying HTTP host
3440: 09:06:31.101 - Destroying HTTP Chunk host
3440: 09:06:31.101 - Flushing ENET buffer allocator...
3440: 09:06:31.101 - Flushing TCP buffer handle allocator...
3440: 09:06:31.101 - Flushing stream socket allocator...
3440: 09:06:31.101 - Flushing inbound datagram socket allocator...
3440: 09:06:31.101 - Flushing outbound datagram socket allocator...
3440: 09:06:31.116 - Destroying CLR dispatcher
3440: 09:06:31.116 - Destroying CLR applications
3440: 09:06:32.856 - ~CCLRApplicationCollection() - Waiting up to 10 seconds for the CLR to release all of our objects
3440: 09:06:32.856 - ~CCLRApplicationCollection() - Done. All objects released
3440: 09:06:32.856 - ~CManagedHost() - Release default app domain
3440: 09:06:32.856 - CManagedHost::OnDomainUnload() - 1
3440: 09:06:32.856 - ~CManagedHost() - Waiting up to 10 seconds for CLR shutdown...
3440: 09:06:32.856 - ~CManagedHost
3440: 09:06:32.856 - Destroying ENet thread pool
3440: 09:06:32.856 - Destroying Business logic thread pool
3440: 09:06:32.856 - Destroying I/O thread pool
3440: 09:06:32.856 - Destroying ENet buffer allocator
3440: 09:06:32.856 - Destroying TCP buffer allocator
3440: 09:06:32.856 - Destroying TCP socket allocator
3440: 09:06:32.856 - Destroying ENet inbound socket allocator
3440: 09:06:32.856 - Destroying ENet outbound socket allocator
3440: 09:06:32.856 - Destroying shared datagram flow control data
3440: 09:06:32.936 - Shutdown complete...
3316: 09:06:32.936 - Service shutting down
3316: 09:06:32.936 - Service shut down complete
