3848: 09:02:48.212 - ---
3848: 09:02:48.212 - Service: "Photon Socket Server" starting
3848: 09:02:48.212 - Config File: E:\PhotonServer\Photon-OnPremise-Server-SDK_v4-0-29-11263\deploy\bin_Win64\PhotonServer.config
3848: 09:02:48.540 - Will produce at most: 10 crash dumps
3848: 09:02:48.540 - Action: run as service
4124: 09:02:48.540 - Server Starting...
4124: 09:02:48.540 -    Tick count: 72244 (wraps in: 49.7094 days)
4124: 09:02:48.540 - Tick count 64: 72244
4124: 09:02:48.540 - Photon Version: 4.0.28.2962
4124: 09:02:48.540 - PID: 2512
4124: 09:02:48.540 - Current directory is: C:\Windows\system32
4124: 09:02:48.540 - Changing current directory to: E:\PhotonServer\Photon-OnPremise-Server-SDK_v4-0-29-11263\deploy\bin_Win64
4124: 09:02:48.540 - Config File: E:\PhotonServer\Photon-OnPremise-Server-SDK_v4-0-29-11263\deploy\bin_Win64\PhotonServer.config
4124: 09:02:48.540 - Will NOT log unimportant exceptions
4124: 09:02:51.239 - Not using performance counters as they are not currently installed. Run the service with /InstallCounters to install them.
4124: 09:02:51.254 - Shutdown timeout enabled: 30000ms
4124: 09:02:52.003 - Starting I/O thread pool with 2 threads
4124: 09:02:52.003 - Using Standard allocator
4124: 09:02:52.003 - Max message size: 512000
4124: 09:02:52.019 - Starting business logic thread pool with the following settings
4124: 09:02:52.019 - InitialThreads: 4 threads
4124: 09:02:52.019 - MinThreads: 4 threads
4124: 09:02:52.019 - Thread pool is fixed size
4124: 09:02:52.019 - Starting ENet thread pool with the following settings
4124: 09:02:52.019 - InitialThreads: 2 threads
4124: 09:02:52.019 - MinThreads: 2 threads
4124: 09:02:52.019 - Thread pool is fixed size
4124: 09:02:52.019 - OnlyDispatchTimers: False
4124: 09:02:52.019 - S2S: flow control: Max pending writes: 50
4124: 09:02:52.019 - S2S: flow control: Max queued buffers: 200
4124: 09:02:52.019 - S2S: flow control: Max pending writes MUX: 500
4124: 09:02:52.019 - S2S: flow control: Max queued buffers MUX: 2000
4124: 09:02:52.019 - S2S: MaxInboundMessageSize: 512000
4124: 09:02:52.019 - S2S: MaxOutboundMessageSize: 512000
4124: 09:02:52.019 - S2S: No inactivity timeout
4124: 09:02:52.128 - WebSocket S2S: MaxInboundMessageSize: 512000
4124: 09:02:52.128 - WebSocket S2S: MaxOutboundMessageSize: 512000
4124: 09:02:52.128 - WebSocket S2S: No inactivity timeout
4124: 09:02:52.128 - Max Reliable Data In Transit (awaiting ACKs) per peer : 51200 bytes
4124: 09:02:52.128 - Per peer bandwidth limit
4124: 09:02:52.128 - Transmit Rate Limit: 256 KB/Sec
4124: 09:02:52.128 - Limit period: 200ms
4124: 09:02:52.128 - Limit per period: 52428 bytes
4124: 09:02:52.128 - Max queued data for transmission per peer: 512000 bytes
4124: 09:02:52.128 - Minimum retransmit timeout: 200
4124: 09:02:52.128 - No Maximum retransmit timeout
4124: 09:02:52.128 - Minimum ENet timeout: 5000ms
4124: 09:02:52.128 - Maximum ENet timeout: 30000ms
4124: 09:02:52.128 - Max Inbound Reliable Data Queued (awaiting resends of earlier sequence numbers) per peer : 163840 bytes
4124: 09:02:52.128 - No RTT ACK adjustment timeout
4124: 09:02:52.128 - Outbound ENet: MaxInboundMessageSize: 512000
4124: 09:02:52.128 - Outbound ENet: MaxOutboundMessageSize: 512000
4124: 09:02:53.080 - GetRuntime - About to load CLR - versions available:
4124: 09:02:53.080 - v2.0.50727
4124: 09:02:53.080 - v4.0.30319
4124: 09:02:53.080 - Configuration requests: "v2.0.50727"
4124: 09:02:53.080 - About to load version: "v2.0.50727"
4124: 09:02:53.516 - About to load runtime: PhotonHostRuntime.PhotonDomainManager from PhotonHostRuntime, Culture=neutral, PublicKeyToken=02C301B61B060C4D
4124: 09:02:53.516 - CLRBaseDirectory set to "E:\PhotonServer\Photon-OnPremise-Server-SDK_v4-0-29-11263\deploy"
4124: 09:02:53.516 - Optimising event broadcast for 20 or more peers
4124: 09:02:54.296 - Start: About to load CLR - versions available:
4124: 09:02:54.296 - v2.0.50727
4124: 09:02:54.296 - v4.0.30319
4124: 09:02:54.296 - No preference in configuration file, will load latest.
4124: 09:02:54.296 - About to load version: "v4.0.30319"
4124: 09:02:54.328 - Loaded version: "v4.0.30319"
4124: 09:03:44.694 - Photon host runtime loaded
4124: 09:03:53.667 - LICENSE: No license file was found. Starting with Bootstrap License.
4124: 09:03:53.697 - License is valid.
4124: 09:03:53.697 - Licensed for 20 concurrent connections.
4124: 09:03:53.697 - ENet: Max Reliable Data In Transit (awaiting ACKs) per peer : 51200 bytes
4124: 09:03:53.697 - ENet: Per peer bandwidth limit
4124: 09:03:53.697 - ENet: Transmit Rate Limit: 256 KB/Sec
4124: 09:03:53.697 - ENet: Limit period: 200ms
4124: 09:03:53.697 - ENet: Limit per period: 52428 bytes
4124: 09:03:53.697 - ENet: Max queued data for transmission per peer: 512000 bytes
4124: 09:03:53.697 - ENet: Minimum retransmit timeout: 200
4124: 09:03:53.697 - No Maximum retransmit timeout
4124: 09:03:53.697 - ENet: Minimum timeout: 5000ms
4124: 09:03:53.697 - ENet: Maximum timeout: 30000ms
4124: 09:03:53.697 - ENet: Max Inbound Reliable Data Queued (awaiting resends of earlier sequence numbers) per peer : 163840 bytes
4124: 09:03:53.697 - No RTT ACK adjustment timeout
4124: 09:03:53.697 - About to load application: MMoDemo from Photon.MmoDemo.Server
4124: 09:03:53.697 - Auto restart is enabled for application, existing connections will be terminated during restart
4124: 09:03:53.697 - Application will restart 1000ms after the last change detected
4124: 09:03:53.697 - Application will restart if files matching the following are changed: "dll;config"
4124: 09:03:53.697 - Application will NOT restart if files matching the following are changed: "log4net.config"
4124: 09:03:54.407 - CService::OnException() - Exception: CManagedHost::CreateApplicationInNewAppDomain() - Failed to create new application domain for : "MMoDemo" - Can't find Photon.MmoDemo.Server.dll in  or E:\PhotonServer\Photon-OnPremise-Server-SDK_v4-0-29-11263\deploy\MmoDemo\bin
4124: 09:03:54.407 - Server shutting down...
4124: 09:03:54.407 - Shutdown monitoring enabled, 30000ms before process abort
4124: 09:03:54.407 - Notifying CLR applications of shutdown...
4124: 09:03:54.407 - RequestStop: defalt app domain
4124: 09:03:54.417 - Shutting down WebSocket Outbound Connection Manager...
4124: 09:03:54.977 - Shutting down TCP Outbound Connection Manager...
4124: 09:03:55.897 - Shutting down ENet Outbound Connection Manager...
4124: 09:03:55.897 - Disconnecting all outbound peers...
4124: 09:03:57.317 - Shutting down ENet host...
4124: 09:03:57.317 - Disconnecting all peers...
4124: 09:03:57.317 - Shutting down socket servers...
4124: 09:03:57.327 - Shutting down ENet thread pool...
4124: 09:03:57.327 - Shutting down TCP inactivity timers...
4124: 09:03:57.437 - Shutting down CLR applications...
4124: 09:03:57.437 - Shutting down business logic thread pool...
4124: 09:03:57.437 - Shutting down I/O thread pool...
4124: 09:03:57.437 - Destroying servers
4124: 09:03:57.437 - Destroying WebSocket Outbound Connection Manager
4124: 09:03:57.437 - Destroying TCP Outbound Connection Manager
4124: 09:03:57.437 - Destroying TCP inactivity timer
4124: 09:03:57.437 - Destroying ENet timer wheel
4124: 09:03:57.437 - Destroying ENet host
4124: 09:03:57.437 - Destroying ENet outbound host
4124: 09:03:57.437 - Destroying HTTP inactivity timer
4124: 09:03:57.437 - Destroying HTTP host
4124: 09:03:57.437 - Destroying HTTP Chunk host
4124: 09:03:57.437 - Flushing ENET buffer allocator...
4124: 09:03:57.437 - Flushing TCP buffer handle allocator...
4124: 09:03:57.437 - Flushing stream socket allocator...
4124: 09:03:57.437 - Flushing inbound datagram socket allocator...
4124: 09:03:57.437 - Flushing outbound datagram socket allocator...
4124: 09:03:57.447 - Destroying CLR dispatcher
4124: 09:03:57.447 - Destroying CLR applications
4124: 09:03:58.967 - ~CCLRApplicationCollection() - Waiting up to 10 seconds for the CLR to release all of our objects
4124: 09:03:58.967 - ~CCLRApplicationCollection() - Done. All objects released
4124: 09:03:58.967 - ~CManagedHost() - Release default app domain
4124: 09:03:58.967 - CManagedHost::OnDomainUnload() - 1
4124: 09:03:58.967 - ~CManagedHost() - Waiting up to 10 seconds for CLR shutdown...
4124: 09:03:59.007 - ~CManagedHost
4124: 09:03:59.007 - Destroying ENet thread pool
4124: 09:03:59.007 - Destroying Business logic thread pool
4124: 09:03:59.007 - Destroying I/O thread pool
4124: 09:03:59.007 - Destroying ENet buffer allocator
4124: 09:03:59.007 - Destroying TCP buffer allocator
4124: 09:03:59.007 - Destroying TCP socket allocator
4124: 09:03:59.007 - Destroying ENet inbound socket allocator
4124: 09:03:59.007 - Destroying ENet outbound socket allocator
4124: 09:03:59.007 - Destroying shared datagram flow control data
4124: 09:04:01.247 - Shutdown complete...
3848: 09:04:02.207 - Service shutting down
3848: 09:04:02.207 - Service shut down complete
