2068: 18:10:10.824 - ---
2068: 18:10:10.824 - Service: "Photon Socket Server" starting
2068: 18:10:10.824 - Config File: E:\PhotonServer\Photon-OnPremise-Server-SDK_v4-0-29-11263\deploy\bin_Win64\PhotonServer.config
2068: 18:10:10.840 - Will produce at most: 10 crash dumps
2068: 18:10:10.840 - Action: run as service
2364: 18:10:10.840 - Server Starting...
2364: 18:10:10.840 -    Tick count: 43664 (wraps in: 49.7098 days)
2364: 18:10:10.840 - Tick count 64: 43664
2364: 18:10:10.840 - Photon Version: 4.0.28.2962
2364: 18:10:10.840 - PID: 2084
2364: 18:10:10.840 - Current directory is: C:\Windows\system32
2364: 18:10:10.840 - Changing current directory to: E:\PhotonServer\Photon-OnPremise-Server-SDK_v4-0-29-11263\deploy\bin_Win64
2364: 18:10:10.840 - Config File: E:\PhotonServer\Photon-OnPremise-Server-SDK_v4-0-29-11263\deploy\bin_Win64\PhotonServer.config
2364: 18:10:10.840 - Will NOT log unimportant exceptions
2364: 18:10:10.918 - Not using performance counters as they are not currently installed. Run the service with /InstallCounters to install them.
2364: 18:10:10.918 - Shutdown timeout enabled: 30000ms
2364: 18:10:10.934 - Starting I/O thread pool with 2 threads
2364: 18:10:10.934 - Using Standard allocator
2364: 18:10:10.934 - Max message size: 512000
2364: 18:10:10.934 - Starting business logic thread pool with the following settings
2364: 18:10:10.934 - InitialThreads: 4 threads
2364: 18:10:10.934 - MinThreads: 4 threads
2364: 18:10:10.934 - Thread pool is fixed size
2364: 18:10:10.934 - Starting ENet thread pool with the following settings
2364: 18:10:10.934 - InitialThreads: 2 threads
2364: 18:10:10.934 - MinThreads: 2 threads
2364: 18:10:10.934 - Thread pool is fixed size
2364: 18:10:10.934 - OnlyDispatchTimers: False
2364: 18:10:10.934 - S2S: flow control: Max pending writes: 50
2364: 18:10:10.934 - S2S: flow control: Max queued buffers: 200
2364: 18:10:10.934 - S2S: flow control: Max pending writes MUX: 500
2364: 18:10:10.934 - S2S: flow control: Max queued buffers MUX: 2000
2364: 18:10:10.934 - S2S: MaxInboundMessageSize: 512000
2364: 18:10:10.934 - S2S: MaxOutboundMessageSize: 512000
2364: 18:10:10.934 - S2S: No inactivity timeout
2364: 18:10:10.965 - WebSocket S2S: MaxInboundMessageSize: 512000
2364: 18:10:10.965 - WebSocket S2S: MaxOutboundMessageSize: 512000
2364: 18:10:10.965 - WebSocket S2S: No inactivity timeout
2364: 18:10:10.965 - Max Reliable Data In Transit (awaiting ACKs) per peer : 51200 bytes
2364: 18:10:10.965 - Per peer bandwidth limit
2364: 18:10:10.965 - Transmit Rate Limit: 256 KB/Sec
2364: 18:10:10.965 - Limit period: 200ms
2364: 18:10:10.965 - Limit per period: 52428 bytes
2364: 18:10:10.965 - Max queued data for transmission per peer: 512000 bytes
2364: 18:10:10.965 - Minimum retransmit timeout: 200
2364: 18:10:10.965 - No Maximum retransmit timeout
2364: 18:10:10.965 - Minimum ENet timeout: 5000ms
2364: 18:10:10.965 - Maximum ENet timeout: 30000ms
2364: 18:10:10.965 - Max Inbound Reliable Data Queued (awaiting resends of earlier sequence numbers) per peer : 163840 bytes
2364: 18:10:10.965 - No RTT ACK adjustment timeout
2364: 18:10:10.965 - Outbound ENet: MaxInboundMessageSize: 512000
2364: 18:10:10.965 - Outbound ENet: MaxOutboundMessageSize: 512000
2364: 18:10:11.012 - GetRuntime - About to load CLR - versions available:
2364: 18:10:11.012 - v2.0.50727
2364: 18:10:11.012 - v4.0.30319
2364: 18:10:11.012 - Configuration requests: "v2.0.50727"
2364: 18:10:11.012 - About to load version: "v2.0.50727"
2364: 18:10:11.542 - About to load runtime: PhotonHostRuntime.PhotonDomainManager from PhotonHostRuntime, Culture=neutral, PublicKeyToken=02C301B61B060C4D
2364: 18:10:11.542 - CLRBaseDirectory set to "E:\PhotonServer\Photon-OnPremise-Server-SDK_v4-0-29-11263\deploy"
2364: 18:10:11.542 - Optimising event broadcast for 20 or more peers
2364: 18:10:11.636 - Start: About to load CLR - versions available:
2364: 18:10:11.636 - v2.0.50727
2364: 18:10:11.636 - v4.0.30319
2364: 18:10:11.636 - No preference in configuration file, will load latest.
2364: 18:10:11.636 - About to load version: "v4.0.30319"
2364: 18:10:11.636 - Loaded version: "v4.0.30319"
2364: 18:10:12.852 - Photon host runtime loaded
2364: 18:10:42.956 - LICENSE: No license file was found. Starting with Bootstrap License.
2364: 18:10:42.956 - License is valid.
2364: 18:10:42.956 - Licensed for 20 concurrent connections.
2364: 18:10:42.956 - ENet: Max Reliable Data In Transit (awaiting ACKs) per peer : 51200 bytes
2364: 18:10:42.956 - ENet: Per peer bandwidth limit
2364: 18:10:42.956 - ENet: Transmit Rate Limit: 256 KB/Sec
2364: 18:10:42.956 - ENet: Limit period: 200ms
2364: 18:10:42.956 - ENet: Limit per period: 52428 bytes
2364: 18:10:42.956 - ENet: Max queued data for transmission per peer: 512000 bytes
2364: 18:10:42.956 - ENet: Minimum retransmit timeout: 200
2364: 18:10:42.956 - No Maximum retransmit timeout
2364: 18:10:42.956 - ENet: Minimum timeout: 5000ms
2364: 18:10:42.956 - ENet: Maximum timeout: 30000ms
2364: 18:10:42.956 - ENet: Max Inbound Reliable Data Queued (awaiting resends of earlier sequence numbers) per peer : 163840 bytes
2364: 18:10:42.956 - No RTT ACK adjustment timeout
2364: 18:10:42.956 - About to load application: MMoDemo from Photon.MmoDemo.Server
2364: 18:10:42.956 - Auto restart is enabled for application, existing connections will be terminated during restart
2364: 18:10:42.956 - Application will restart 1000ms after the last change detected
2364: 18:10:42.956 - Application will restart if files matching the following are changed: "dll;config"
2364: 18:10:42.956 - Application will NOT restart if files matching the following are changed: "log4net.config"
2364: 18:10:50.517 - CService::OnException() - Exception: CManagedHost::CreateApplicationInNewAppDomain() - Failed to create new application domain for : "MMoDemo" - Can't find Photon.MmoDemo.Server.dll in  or E:\PhotonServer\Photon-OnPremise-Server-SDK_v4-0-29-11263\deploy\MmoDemo\bin
2364: 18:10:50.517 - Server shutting down...
2364: 18:10:50.517 - Shutdown monitoring enabled, 30000ms before process abort
2364: 18:10:50.517 - Notifying CLR applications of shutdown...
2364: 18:10:50.517 - RequestStop: defalt app domain
2364: 18:10:50.517 - Shutting down WebSocket Outbound Connection Manager...
2364: 18:10:50.647 - Shutting down TCP Outbound Connection Manager...
2364: 18:10:51.227 - Shutting down ENet Outbound Connection Manager...
2364: 18:10:51.457 - Disconnecting all outbound peers...
2364: 18:10:54.007 - Shutting down ENet host...
2364: 18:10:54.047 - Disconnecting all peers...
2364: 18:10:54.428 - Shutting down socket servers...
2364: 18:10:54.428 - Shutting down ENet thread pool...
2364: 18:10:54.428 - Shutting down TCP inactivity timers...
2364: 18:10:54.428 - Shutting down CLR applications...
2364: 18:10:54.428 - Shutting down business logic thread pool...
2364: 18:10:54.428 - Shutting down I/O thread pool...
2364: 18:10:54.428 - Destroying servers
2364: 18:10:54.428 - Destroying WebSocket Outbound Connection Manager
2364: 18:10:54.428 - Destroying TCP Outbound Connection Manager
2364: 18:10:54.428 - Destroying TCP inactivity timer
2364: 18:10:54.428 - Destroying ENet timer wheel
2364: 18:10:54.428 - Destroying ENet host
2364: 18:10:54.428 - Destroying ENet outbound host
2364: 18:10:54.428 - Destroying HTTP inactivity timer
2364: 18:10:54.428 - Destroying HTTP host
2364: 18:10:54.428 - Destroying HTTP Chunk host
2364: 18:10:54.428 - Flushing ENET buffer allocator...
2364: 18:10:54.428 - Flushing TCP buffer handle allocator...
2364: 18:10:54.428 - Flushing stream socket allocator...
2364: 18:10:54.428 - Flushing inbound datagram socket allocator...
2364: 18:10:54.428 - Flushing outbound datagram socket allocator...
2364: 18:10:54.428 - Destroying CLR dispatcher
2364: 18:10:54.428 - Destroying CLR applications
2364: 18:10:55.442 - ~CCLRApplicationCollection() - Waiting up to 10 seconds for the CLR to release all of our objects
2364: 18:10:55.442 - ~CCLRApplicationCollection() - Done. All objects released
2364: 18:10:55.442 - ~CManagedHost() - Release default app domain
2364: 18:10:55.442 - CManagedHost::OnDomainUnload() - 1
2364: 18:10:55.442 - ~CManagedHost() - Waiting up to 10 seconds for CLR shutdown...
2364: 18:10:55.723 - ~CManagedHost
2364: 18:10:55.723 - Destroying ENet thread pool
2364: 18:10:55.723 - Destroying Business logic thread pool
2364: 18:10:55.723 - Destroying I/O thread pool
2364: 18:10:55.723 - Destroying ENet buffer allocator
2364: 18:10:55.723 - Destroying TCP buffer allocator
2364: 18:10:55.723 - Destroying TCP socket allocator
2364: 18:10:55.723 - Destroying ENet inbound socket allocator
2364: 18:10:55.723 - Destroying ENet outbound socket allocator
2364: 18:10:55.723 - Destroying shared datagram flow control data
2364: 18:10:56.331 - Shutdown complete...
2068: 18:10:57.392 - Service shutting down
2068: 18:10:57.392 - Service shut down complete
