2580: 09:02:13.823 - ---
2580: 09:02:13.823 - Service: "Photon Socket Server" starting
2580: 09:02:13.823 - Config File: E:\PhotonServer\Photon-OnPremise-Server-SDK_v4-0-29-11263\deploy\bin_Win64\PhotonServer.config
2580: 09:02:13.854 - Will produce at most: 10 crash dumps
2580: 09:02:13.854 - Action: run as service
2604: 09:02:13.854 - Server Starting...
2604: 09:02:13.854 -    Tick count: 35677 (wraps in: 49.7099 days)
2604: 09:02:13.854 - Tick count 64: 35677
2604: 09:02:13.854 - Photon Version: 4.0.28.2962
2604: 09:02:13.854 - PID: 2576
2604: 09:02:13.854 - Current directory is: C:\Windows\system32
2604: 09:02:13.854 - Changing current directory to: E:\PhotonServer\Photon-OnPremise-Server-SDK_v4-0-29-11263\deploy\bin_Win64
2604: 09:02:13.854 - Config File: E:\PhotonServer\Photon-OnPremise-Server-SDK_v4-0-29-11263\deploy\bin_Win64\PhotonServer.config
2604: 09:02:13.854 - Will NOT log unimportant exceptions
2604: 09:02:14.025 - Not using performance counters as they are not currently installed. Run the service with /InstallCounters to install them.
2604: 09:02:14.025 - Shutdown timeout enabled: 30000ms
2604: 09:02:14.025 - Starting I/O thread pool with 2 threads
2604: 09:02:14.025 - Using Standard allocator
2604: 09:02:14.025 - Max message size: 512000
2604: 09:02:14.025 - Starting business logic thread pool with the following settings
2604: 09:02:14.025 - InitialThreads: 4 threads
2604: 09:02:14.025 - MinThreads: 4 threads
2604: 09:02:14.025 - Thread pool is fixed size
2604: 09:02:14.025 - Starting ENet thread pool with the following settings
2604: 09:02:14.025 - InitialThreads: 2 threads
2604: 09:02:14.025 - MinThreads: 2 threads
2604: 09:02:14.025 - Thread pool is fixed size
2604: 09:02:14.025 - OnlyDispatchTimers: False
2604: 09:02:14.025 - S2S: flow control: Max pending writes: 50
2604: 09:02:14.025 - S2S: flow control: Max queued buffers: 200
2604: 09:02:14.025 - S2S: flow control: Max pending writes MUX: 500
2604: 09:02:14.025 - S2S: flow control: Max queued buffers MUX: 2000
2604: 09:02:14.025 - S2S: MaxInboundMessageSize: 512000
2604: 09:02:14.025 - S2S: MaxOutboundMessageSize: 512000
2604: 09:02:14.025 - S2S: No inactivity timeout
2604: 09:02:14.025 - WebSocket S2S: MaxInboundMessageSize: 512000
2604: 09:02:14.025 - WebSocket S2S: MaxOutboundMessageSize: 512000
2604: 09:02:14.025 - WebSocket S2S: No inactivity timeout
2604: 09:02:14.041 - Max Reliable Data In Transit (awaiting ACKs) per peer : 51200 bytes
2604: 09:02:14.041 - Per peer bandwidth limit
2604: 09:02:14.041 - Transmit Rate Limit: 256 KB/Sec
2604: 09:02:14.041 - Limit period: 200ms
2604: 09:02:14.041 - Limit per period: 52428 bytes
2604: 09:02:14.041 - Max queued data for transmission per peer: 512000 bytes
2604: 09:02:14.041 - Minimum retransmit timeout: 200
2604: 09:02:14.041 - No Maximum retransmit timeout
2604: 09:02:14.041 - Minimum ENet timeout: 5000ms
2604: 09:02:14.041 - Maximum ENet timeout: 30000ms
2604: 09:02:14.041 - Max Inbound Reliable Data Queued (awaiting resends of earlier sequence numbers) per peer : 163840 bytes
2604: 09:02:14.041 - No RTT ACK adjustment timeout
2604: 09:02:14.041 - Outbound ENet: MaxInboundMessageSize: 512000
2604: 09:02:14.041 - Outbound ENet: MaxOutboundMessageSize: 512000
2604: 09:02:14.072 - GetRuntime - About to load CLR - versions available:
2604: 09:02:14.072 - v2.0.50727
2604: 09:02:14.072 - v4.0.30319
2604: 09:02:14.072 - Configuration requests: "v2.0.50727"
2604: 09:02:14.072 - About to load version: "v2.0.50727"
2604: 09:02:14.228 - About to load runtime: PhotonHostRuntime.PhotonDomainManager from PhotonHostRuntime, Culture=neutral, PublicKeyToken=02C301B61B060C4D
2604: 09:02:14.228 - CLRBaseDirectory set to "E:\PhotonServer\Photon-OnPremise-Server-SDK_v4-0-29-11263\deploy"
2604: 09:02:14.228 - Optimising event broadcast for 20 or more peers
2604: 09:02:14.228 - Start: About to load CLR - versions available:
2604: 09:02:14.228 - v2.0.50727
2604: 09:02:14.228 - v4.0.30319
2604: 09:02:14.228 - No preference in configuration file, will load latest.
2604: 09:02:14.228 - About to load version: "v4.0.30319"
2604: 09:02:14.228 - Loaded version: "v4.0.30319"
2604: 09:02:14.774 - Photon host runtime loaded
2604: 09:02:28.627 - LICENSE: No license file was found. Starting with Bootstrap License.
2604: 09:02:28.627 - License is valid.
2604: 09:02:28.627 - Licensed for 20 concurrent connections.
2604: 09:02:28.627 - ENet: Max Reliable Data In Transit (awaiting ACKs) per peer : 51200 bytes
2604: 09:02:28.627 - ENet: Per peer bandwidth limit
2604: 09:02:28.627 - ENet: Transmit Rate Limit: 256 KB/Sec
2604: 09:02:28.627 - ENet: Limit period: 200ms
2604: 09:02:28.627 - ENet: Limit per period: 52428 bytes
2604: 09:02:28.627 - ENet: Max queued data for transmission per peer: 512000 bytes
2604: 09:02:28.627 - ENet: Minimum retransmit timeout: 200
2604: 09:02:28.627 - No Maximum retransmit timeout
2604: 09:02:28.627 - ENet: Minimum timeout: 5000ms
2604: 09:02:28.627 - ENet: Maximum timeout: 30000ms
2604: 09:02:28.627 - ENet: Max Inbound Reliable Data Queued (awaiting resends of earlier sequence numbers) per peer : 163840 bytes
2604: 09:02:28.627 - No RTT ACK adjustment timeout
2604: 09:02:28.627 - About to load application: MMoDemo from Photon.MmoDemo.Server
2604: 09:02:28.627 - Auto restart is enabled for application, existing connections will be terminated during restart
2604: 09:02:28.627 - Application will restart 1000ms after the last change detected
2604: 09:02:28.627 - Application will restart if files matching the following are changed: "dll;config"
2604: 09:02:28.627 - Application will NOT restart if files matching the following are changed: "log4net.config"
2604: 09:02:30.717 - CService::OnException() - Exception: CManagedHost::CreateApplicationInNewAppDomain() - Failed to create new application domain for : "MMoDemo" - Can't find Photon.MmoDemo.Server.dll in  or E:\PhotonServer\Photon-OnPremise-Server-SDK_v4-0-29-11263\deploy\MmoDemo\bin
2604: 09:02:30.717 - Server shutting down...
2604: 09:02:30.717 - Shutdown monitoring enabled, 30000ms before process abort
2604: 09:02:30.717 - Notifying CLR applications of shutdown...
2604: 09:02:30.717 - RequestStop: defalt app domain
2604: 09:02:30.717 - Shutting down WebSocket Outbound Connection Manager...
2604: 09:02:30.951 - Shutting down TCP Outbound Connection Manager...
2604: 09:02:31.014 - Shutting down ENet Outbound Connection Manager...
2604: 09:02:31.014 - Disconnecting all outbound peers...
2604: 09:02:31.014 - Shutting down ENet host...
2604: 09:02:31.014 - Disconnecting all peers...
2604: 09:02:31.014 - Shutting down socket servers...
2604: 09:02:31.014 - Shutting down ENet thread pool...
2604: 09:02:31.014 - Shutting down TCP inactivity timers...
2604: 09:02:31.014 - Shutting down CLR applications...
2604: 09:02:31.014 - Shutting down business logic thread pool...
2604: 09:02:31.014 - Shutting down I/O thread pool...
2604: 09:02:31.014 - Destroying servers
2604: 09:02:31.014 - Destroying WebSocket Outbound Connection Manager
2604: 09:02:31.014 - Destroying TCP Outbound Connection Manager
2604: 09:02:31.014 - Destroying TCP inactivity timer
2604: 09:02:31.014 - Destroying ENet timer wheel
2604: 09:02:31.014 - Destroying ENet host
2604: 09:02:31.014 - Destroying ENet outbound host
2604: 09:02:31.014 - Destroying HTTP inactivity timer
2604: 09:02:31.014 - Destroying HTTP host
2604: 09:02:31.014 - Destroying HTTP Chunk host
2604: 09:02:31.014 - Flushing ENET buffer allocator...
2604: 09:02:31.014 - Flushing TCP buffer handle allocator...
2604: 09:02:31.014 - Flushing stream socket allocator...
2604: 09:02:31.014 - Flushing inbound datagram socket allocator...
2604: 09:02:31.014 - Flushing outbound datagram socket allocator...
2604: 09:02:31.014 - Destroying CLR dispatcher
2604: 09:02:31.014 - Destroying CLR applications
2604: 09:02:31.061 - ~CCLRApplicationCollection() - Waiting up to 10 seconds for the CLR to release all of our objects
2604: 09:02:31.061 - ~CCLRApplicationCollection() - Done. All objects released
2604: 09:02:31.061 - ~CManagedHost() - Release default app domain
2604: 09:02:31.061 - CManagedHost::OnDomainUnload() - 1
2604: 09:02:31.061 - ~CManagedHost() - Waiting up to 10 seconds for CLR shutdown...
2604: 09:02:31.107 - ~CManagedHost
2604: 09:02:31.107 - Destroying ENet thread pool
2604: 09:02:31.107 - Destroying Business logic thread pool
2604: 09:02:31.107 - Destroying I/O thread pool
2604: 09:02:31.107 - Destroying ENet buffer allocator
2604: 09:02:31.107 - Destroying TCP buffer allocator
2604: 09:02:31.107 - Destroying TCP socket allocator
2604: 09:02:31.107 - Destroying ENet inbound socket allocator
2604: 09:02:31.107 - Destroying ENet outbound socket allocator
2604: 09:02:31.107 - Destroying shared datagram flow control data
2604: 09:02:31.107 - Shutdown complete...
2580: 09:02:49.313 - Service shutting down
2580: 09:02:49.313 - Service shut down complete
