15664: 09:13:34.898 - Restarting application: "MyServer" due to file changes
15664: 09:13:34.915 - Application: "MyServer" restart request (abort existing connections)
15664: 09:13:35.852 - Failed to restart application: CManagedHost::CreateApplicationInNewAppDomain() - Failed to create new application domain for : "MyServer" - Can't find MyServer.dll in E:\PhotonServer\Photon-OnPremise-Server-SDK_v4-0-29-11263\deploy\MyServer\bin or E:\PhotonServer\Photon-OnPremise-Server-SDK_v4-0-29-11263\deploy\MyServer\bin
15664: 09:13:37.167 - Restarting application: "MyServer" due to file changes
15664: 09:13:37.167 - Application: "MyServer" restart request (abort existing connections)
15664: 09:13:37.917 - Taking reference on default app domain
15664: 09:13:38.777 - Application: "MyServer" started in app domain: 3
15664: 09:13:46.417 - MyServer:3 - PhotonRunning() failed.
Exception:
MySql.Data.MySqlClient.MySqlException (0x80004005): Unable to connect to any of the specified MySQL hosts.
   在 MySql.Data.MySqlClient.NativeDriver.Open()
   在 MySql.Data.MySqlClient.Driver.Open()
   在 MySql.Data.MySqlClient.Driver.Create(MySqlConnectionStringBuilder settings)
   在 MySql.Data.MySqlClient.MySqlPool.CreateNewPooledConnection()
   在 MySql.Data.MySqlClient.MySqlPool.GetPooledConnection()
   在 MySql.Data.MySqlClient.MySqlPool.TryToGetDriver()
   在 MySql.Data.MySqlClient.MySqlPool.GetConnection()
   在 MySql.Data.MySqlClient.MySqlConnection.Open()
   在 NHibernate.Connection.DriverConnectionProvider.GetConnection()
   在 NHibernate.Tool.hbm2ddl.SuppliedConnectionProviderConnectionHelper.Prepare()
   在 NHibernate.Tool.hbm2ddl.SchemaMetadataUpdater.GetReservedWords(Dialect dialect, IConnectionHelper connectionHelper)
   在 NHibernate.Tool.hbm2ddl.SchemaMetadataUpdater.Update(ISessionFactory sessionFactory)
   在 NHibernate.Impl.SessionFactoryImpl..ctor(Configuration cfg, IMapping mapping, Settings settings, EventListeners listeners)
   在 NHibernate.Cfg.Configuration.BuildSessionFactory()
   在 MyServer.NHibernateHelper.get_SessionFactory() 位置 E:\VSproject\PhotonServer服务端使用\MyServer\NHibernateHelper.cs:行号 20
   在 MyServer.NHibernateHelper.OpenSession() 位置 E:\VSproject\PhotonServer服务端使用\MyServer\NHibernateHelper.cs:行号 28
   在 MyServer.Manager.UserManager.GetById(Int32 id) 位置 E:\VSproject\PhotonServer服务端使用\MyServer\Manager\UserManager.cs:行号 39
   在 MyServer.MyServer.Setup() 位置 E:\VSproject\PhotonServer服务端使用\MyServer\MyServer.cs:行号 66
   在 Photon.SocketServer.ApplicationBase.PhotonHostRuntimeInterfaces.IPhotonControl.OnPhotonRunning() 位置 h:\svncontent\photon-socketserver-sdk_cloud\src\Photon.SocketServer\ApplicationBase.cs:行号 1189
   在 PhotonHostRuntime.PhotonDomainManager.PhotonRunning()
15664: 09:13:46.437 - Failed to restart application: CManagedHost::PhotonRunning() - Failed in AppDomain: 3 - 未指定的错误
15700: 09:13:46.437 - CManagedHost::OnDefaultAction() - OPR_AppDomainUnload - eUnloadAppDomain
15692: 09:13:46.467 - Unloading Domain: ApplicationName = 'MyServer', DomainId='3'
15700: 09:13:46.497 - CManagedHost::OnDomainUnload() - 3
15664: 09:59:36.272 - Restarting application: "MyServer" due to file changes
15664: 09:59:36.272 - Application: "MyServer" restart request (abort existing connections)
15664: 09:59:36.454 - Taking reference on default app domain
15664: 09:59:36.799 - Application: "MyServer" started in app domain: 4
15664: 09:59:40.285 - MyServer:4 - PhotonRunning() failed.
Exception:
MySql.Data.MySqlClient.MySqlException (0x80004005): Unable to connect to any of the specified MySQL hosts.
   在 MySql.Data.MySqlClient.NativeDriver.Open()
   在 MySql.Data.MySqlClient.Driver.Open()
   在 MySql.Data.MySqlClient.Driver.Create(MySqlConnectionStringBuilder settings)
   在 MySql.Data.MySqlClient.MySqlPool.CreateNewPooledConnection()
   在 MySql.Data.MySqlClient.MySqlPool.GetPooledConnection()
   在 MySql.Data.MySqlClient.MySqlPool.TryToGetDriver()
   在 MySql.Data.MySqlClient.MySqlPool.GetConnection()
   在 MySql.Data.MySqlClient.MySqlConnection.Open()
   在 NHibernate.Connection.DriverConnectionProvider.GetConnection()
   在 NHibernate.Tool.hbm2ddl.SuppliedConnectionProviderConnectionHelper.Prepare()
   在 NHibernate.Tool.hbm2ddl.SchemaMetadataUpdater.GetReservedWords(Dialect dialect, IConnectionHelper connectionHelper)
   在 NHibernate.Tool.hbm2ddl.SchemaMetadataUpdater.Update(ISessionFactory sessionFactory)
   在 NHibernate.Impl.SessionFactoryImpl..ctor(Configuration cfg, IMapping mapping, Settings settings, EventListeners listeners)
   在 NHibernate.Cfg.Configuration.BuildSessionFactory()
   在 MyServer.NHibernateHelper.get_SessionFactory() 位置 E:\VSproject\PhotonServer服务端使用\MyServer\NHibernateHelper.cs:行号 20
   在 MyServer.NHibernateHelper.OpenSession() 位置 E:\VSproject\PhotonServer服务端使用\MyServer\NHibernateHelper.cs:行号 28
   在 MyServer.Manager.UserManager.GetById(Int32 id) 位置 E:\VSproject\PhotonServer服务端使用\MyServer\Manager\UserManager.cs:行号 39
   在 MyServer.MyServer.Setup() 位置 E:\VSproject\PhotonServer服务端使用\MyServer\MyServer.cs:行号 66
   在 Photon.SocketServer.ApplicationBase.PhotonHostRuntimeInterfaces.IPhotonControl.OnPhotonRunning() 位置 h:\svncontent\photon-socketserver-sdk_cloud\src\Photon.SocketServer\ApplicationBase.cs:行号 1189
   在 PhotonHostRuntime.PhotonDomainManager.PhotonRunning()
15700: 09:59:40.295 - CManagedHost::OnDefaultAction() - OPR_AppDomainUnload - eUnloadAppDomain
15664: 09:59:40.295 - Failed to restart application: CManagedHost::PhotonRunning() - Failed in AppDomain: 4 - 未指定的错误
15692: 09:59:40.295 - Unloading Domain: ApplicationName = 'MyServer', DomainId='4'
15700: 09:59:40.295 - CManagedHost::OnDomainUnload() - 4
15628: 10:00:55.984 - Service is stopped...
15628: 10:00:56.004 - Server shutting down...
15628: 10:00:56.004 - Shutdown monitoring enabled, 30000ms before process abort
15628: 10:00:56.004 - Notifying CLR applications of shutdown...
15628: 10:00:56.004 - RequestApplicationStop: 2
15628: 10:00:56.144 - RequestStop: defalt app domain
15628: 10:00:56.164 - Shutting down WebSocket Outbound Connection Manager...
15628: 10:00:56.164 - Shutting down TCP Outbound Connection Manager...
15628: 10:00:56.164 - Shutting down ENet Outbound Connection Manager...
15628: 10:00:56.164 - Disconnecting all outbound peers...
15628: 10:00:56.164 - Shutting down ENet host...
15628: 10:00:56.164 - Disconnecting all peers...
15628: 10:00:56.164 - Shutting down socket servers...
15628: 10:00:56.174 - Shutting down ENet thread pool...
15628: 10:00:56.184 - Shutting down TCP inactivity timers...
15628: 10:00:56.204 - WaitingForShutdownToComplete: NativePolicy:0.0.0.0:843
15628: 10:00:56.204 - OnShutdownCompleted: NativePolicy:0.0.0.0:843
15628: 10:00:56.204 - WaitingForShutdownToComplete: NativePolicy:0.0.0.0:943
15628: 10:00:56.204 - OnShutdownCompleted: NativePolicy:0.0.0.0:943
15628: 10:00:56.204 - WaitingForShutdownToComplete: TCP:0.0.0.0:4530
15628: 10:00:56.204 - OnShutdownCompleted: TCP:0.0.0.0:4530
15628: 10:00:56.204 - WaitingForShutdownToComplete: UDP:10.0.1.65:5055
15628: 10:00:56.204 - OnShutdownCompleted: UDP:10.0.1.65:5055
15628: 10:00:56.204 - WaitingForShutdownToComplete: UDP:127.0.0.1:5055
15628: 10:00:56.204 - OnShutdownCompleted: UDP:127.0.0.1:5055
15628: 10:00:56.204 - WaitingForShutdownToComplete: WebSocket:0.0.0.0:9090
15628: 10:00:56.204 - OnShutdownCompleted: WebSocket:0.0.0.0:9090
15628: 10:00:56.204 - Shutting down CLR applications...
15628: 10:00:56.264 - Shutting down business logic thread pool...
15700: 10:00:56.264 - CManagedHost::OnDefaultAction() - OPR_AppDomainUnload - eUnloadAppDomain
15628: 10:00:56.264 - Shutting down I/O thread pool...
15628: 10:00:56.264 - Destroying servers
15692: 10:00:56.274 - Unloading Domain: ApplicationName = 'MyServer', DomainId='2'
15700: 10:00:56.274 - CManagedHost::OnDomainUnload() - 2
15628: 10:00:56.324 - Destroying WebSocket Outbound Connection Manager
15628: 10:00:56.324 - Destroying TCP Outbound Connection Manager
15628: 10:00:56.324 - Destroying TCP inactivity timer
15628: 10:00:56.324 - Destroying ENet timer wheel
15628: 10:00:56.334 - Destroying ENet host
15628: 10:00:56.334 - Destroying ENet outbound host
15628: 10:00:56.334 - Destroying HTTP inactivity timer
15628: 10:00:56.334 - Destroying HTTP host
15628: 10:00:56.334 - Destroying HTTP Chunk host
15628: 10:00:56.334 - Flushing ENET buffer allocator...
15628: 10:00:56.394 - Flushing TCP buffer handle allocator...
15628: 10:00:56.394 - Flushing stream socket allocator...
15628: 10:00:56.404 - Flushing inbound datagram socket allocator...
15628: 10:00:56.404 - Flushing outbound datagram socket allocator...
15628: 10:00:56.404 - Destroying CLR dispatcher
15628: 10:00:56.404 - Destroying CLR applications
15628: 10:00:56.404 - ~CCLRApplicationCollection() - Waiting up to 10 seconds for the CLR to release all of our objects
15628: 10:00:56.404 - ~CCLRApplicationCollection() - Done. All objects released
15628: 10:00:56.444 - ~CManagedHost() - Release default app domain
15628: 10:00:56.444 - CManagedHost::OnDomainUnload() - 1
15628: 10:00:56.444 - ~CManagedHost() - Waiting up to 10 seconds for CLR shutdown...
15628: 10:00:56.444 - ~CManagedHost
15628: 10:00:56.444 - Destroying ENet thread pool
15628: 10:00:56.444 - Destroying Business logic thread pool
15628: 10:00:56.444 - Destroying I/O thread pool
15628: 10:00:56.444 - Destroying ENet buffer allocator
15628: 10:00:56.464 - Destroying TCP buffer allocator
15628: 10:00:56.464 - Destroying TCP socket allocator
15628: 10:00:56.464 - Destroying ENet inbound socket allocator
15628: 10:00:56.464 - Destroying ENet outbound socket allocator
15628: 10:00:56.464 - Destroying shared datagram flow control data
15628: 10:00:56.464 - Shutdown complete...
15628: 10:00:56.464 - Service shutting down
15628: 10:00:56.494 - Service shut down complete
10448: 10:01:00.004 - ---
10448: 10:01:00.004 - Service: "Photon Socket Server" starting
10448: 10:01:00.004 - Config File: E:\PhotonServer\Photon-OnPremise-Server-SDK_v4-0-29-11263\deploy\bin_Win64\PhotonServer.config
10448: 10:01:00.004 - Will produce at most: 10 crash dumps
10448: 10:01:00.004 - Action: run as exe
10448: 10:01:00.004 - Server Starting...
10448: 10:01:00.004 -    Tick count: 143492824 (wraps in: 48.0495 days)
10448: 10:01:00.004 - Tick count 64: 143492824
10448: 10:01:00.004 - Photon Version: 4.0.28.2962
10448: 10:01:00.004 - PID: 9492
10448: 10:01:00.004 - Config File: E:\PhotonServer\Photon-OnPremise-Server-SDK_v4-0-29-11263\deploy\bin_Win64\PhotonServer.config
10448: 10:01:00.004 - Will NOT log unimportant exceptions
10448: 10:01:00.014 - Not using performance counters as they are not currently installed. Run the service with /InstallCounters to install them.
10448: 10:01:00.014 - Shutdown timeout enabled: 30000ms
10448: 10:01:00.014 - Starting I/O thread pool with 2 threads
10448: 10:01:00.014 - Using Standard allocator
10448: 10:01:00.014 - Max message size: 512000
10448: 10:01:00.014 - Starting business logic thread pool with the following settings
10448: 10:01:00.014 - InitialThreads: 4 threads
10448: 10:01:00.014 - MinThreads: 4 threads
10448: 10:01:00.014 - Thread pool is fixed size
10448: 10:01:00.014 - Starting ENet thread pool with the following settings
10448: 10:01:00.014 - InitialThreads: 2 threads
10448: 10:01:00.014 - MinThreads: 2 threads
10448: 10:01:00.014 - Thread pool is fixed size
10448: 10:01:00.014 - OnlyDispatchTimers: False
10448: 10:01:00.014 - S2S: flow control: Max pending writes: 50
10448: 10:01:00.014 - S2S: flow control: Max queued buffers: 200
10448: 10:01:00.014 - S2S: flow control: Max pending writes MUX: 500
10448: 10:01:00.014 - S2S: flow control: Max queued buffers MUX: 2000
10448: 10:01:00.014 - S2S: MaxInboundMessageSize: 512000
10448: 10:01:00.014 - S2S: MaxOutboundMessageSize: 512000
10448: 10:01:00.014 - S2S: No inactivity timeout
10448: 10:01:00.014 - WebSocket S2S: MaxInboundMessageSize: 512000
10448: 10:01:00.014 - WebSocket S2S: MaxOutboundMessageSize: 512000
10448: 10:01:00.014 - WebSocket S2S: No inactivity timeout
10448: 10:01:00.014 - Max Reliable Data In Transit (awaiting ACKs) per peer : 51200 bytes
10448: 10:01:00.014 - Per peer bandwidth limit
10448: 10:01:00.014 - Transmit Rate Limit: 256 KB/Sec
10448: 10:01:00.014 - Limit period: 200ms
10448: 10:01:00.014 - Limit per period: 52428 bytes
10448: 10:01:00.014 - Max queued data for transmission per peer: 512000 bytes
10448: 10:01:00.014 - Minimum retransmit timeout: 200
10448: 10:01:00.014 - No Maximum retransmit timeout
10448: 10:01:00.014 - Minimum ENet timeout: 5000ms
10448: 10:01:00.014 - Maximum ENet timeout: 30000ms
10448: 10:01:00.014 - Max Inbound Reliable Data Queued (awaiting resends of earlier sequence numbers) per peer : 163840 bytes
10448: 10:01:00.014 - No RTT ACK adjustment timeout
10448: 10:01:00.014 - Outbound ENet: MaxInboundMessageSize: 512000
10448: 10:01:00.014 - Outbound ENet: MaxOutboundMessageSize: 512000
10448: 10:01:00.014 - GetRuntime - About to load CLR - versions available:
10448: 10:01:00.014 - v2.0.50727
10448: 10:01:00.014 - v4.0.30319
10448: 10:01:00.014 - Configuration requests: "v2.0.50727"
10448: 10:01:00.014 - About to load version: "v2.0.50727"
10448: 10:01:00.034 - About to load runtime: PhotonHostRuntime.PhotonDomainManager from PhotonHostRuntime, Culture=neutral, PublicKeyToken=02C301B61B060C4D
10448: 10:01:00.034 - CLRBaseDirectory set to "E:\PhotonServer\Photon-OnPremise-Server-SDK_v4-0-29-11263\deploy"
10448: 10:01:00.034 - Optimising event broadcast for 20 or more peers
10448: 10:01:00.044 - Start: About to load CLR - versions available:
10448: 10:01:00.044 - v2.0.50727
10448: 10:01:00.044 - v4.0.30319
10448: 10:01:00.044 - No preference in configuration file, will load latest.
10448: 10:01:00.044 - About to load version: "v4.0.30319"
10448: 10:01:00.044 - Loaded version: "v4.0.30319"
10448: 10:01:00.294 - Photon host runtime loaded
10448: 10:01:02.634 - LICENSE: No license file was found. Starting with Bootstrap License.
10448: 10:01:02.634 - License is valid.
10448: 10:01:02.634 - Licensed for 20 concurrent connections.
10448: 10:01:02.634 - ENet: Max Reliable Data In Transit (awaiting ACKs) per peer : 51200 bytes
10448: 10:01:02.634 - ENet: Per peer bandwidth limit
10448: 10:01:02.634 - ENet: Transmit Rate Limit: 256 KB/Sec
10448: 10:01:02.634 - ENet: Limit period: 200ms
10448: 10:01:02.634 - ENet: Limit per period: 52428 bytes
10448: 10:01:02.634 - ENet: Max queued data for transmission per peer: 512000 bytes
10448: 10:01:02.634 - ENet: Minimum retransmit timeout: 200
10448: 10:01:02.634 - No Maximum retransmit timeout
10448: 10:01:02.634 - ENet: Minimum timeout: 5000ms
10448: 10:01:02.634 - ENet: Maximum timeout: 30000ms
10448: 10:01:02.634 - ENet: Max Inbound Reliable Data Queued (awaiting resends of earlier sequence numbers) per peer : 163840 bytes
10448: 10:01:02.634 - No RTT ACK adjustment timeout
10448: 10:01:02.634 - About to load application: MyServer from MyServer
10448: 10:01:02.634 - Auto restart is enabled for application, existing connections will be terminated during restart
10448: 10:01:02.634 - Application will restart 1000ms after the last change detected
10448: 10:01:02.634 - Application will restart if files matching the following are changed: "dll;config"
10448: 10:01:02.634 - Application will NOT restart if files matching the following are changed: "log4net.config"
10448: 10:01:02.844 - Taking reference on default app domain
10448: 10:01:03.114 - Application: "MyServer" started in app domain: 2
10448: 10:01:03.114 - Adding TCP listener on: 0.0.0.0: 4530 with a listen backlog of: 150
10448: 10:01:03.114 - TCP inactivity timeout: 10000ms
10448: 10:01:03.114 - TCP disconnect timeout: 120000ms
10448: 10:01:03.114 - MaxInboundMessageSize: 512000
10448: 10:01:03.114 - MaxOutboundMessageSize: 512000
10448: 10:01:03.114 - Forcing all applications ids to: "MyServer"
10448: 10:01:03.114 - Serving policy file requests from: "E:\PhotonServer\Photon-OnPremise-Server-SDK_v4-0-29-11263\deploy\Policy\assets\socket-policy.xml"
10448: 10:01:03.114 - Forcing all applications ids to: "MyServer"
10448: 10:01:03.114 - MaxInboundMessageSize: 512000
10448: 10:01:03.114 - MaxOutboundMessageSize: 512000
10448: 10:01:03.114 - UDP address specified as: "0.0.0.0" adding listener to each available IPv4 address
10448: 10:01:03.114 - Adding UDP listener on: 10.0.1.65: 5055 with a listen backlog of: 500
10448: 10:01:03.114 - Adding UDP listener on: 127.0.0.1: 5055 with a listen backlog of: 500
10448: 10:01:03.114 - Adding WebSocket TCP listener on: 0.0.0.0: 9090 with a listen backlog of: 150
10448: 10:01:03.114 - Nagle disabled
10448: 10:01:03.114 - TCP inactivity timeout: 10000ms
10448: 10:01:03.114 - MaxInboundMessageSize: 512000
10448: 10:01:03.114 - MaxOutboundMessageSize: 512000
10448: 10:01:03.114 - Forcing all applications ids to: "MyServer"
10448: 10:01:03.114 - Will accept ANY sub-protocols from the client
10448: 10:01:03.114 - No automatic WebSocket ping
10448: 10:01:03.114 - Adding Policy File listener on: 0.0.0.0: 843 with a listen backlog of: 150 and serving Policy File: "E:\PhotonServer\Photon-OnPremise-Server-SDK_v4-0-29-11263\deploy\Policy\assets\socket-policy.xml"
10448: 10:01:03.114 - TCP inactivity timeout: 10000ms
10448: 10:01:03.114 - Adding Policy File listener on: 0.0.0.0: 943 with a listen backlog of: 150 and serving Policy File: "E:\PhotonServer\Photon-OnPremise-Server-SDK_v4-0-29-11263\deploy\Policy\assets\socket-policy-silverlight.xml"
10448: 10:01:03.114 - TCP inactivity timeout: 10000ms
10448: 10:01:03.144 - Service is running...
13240: 10:17:46.265 - Restarting application: "MyServer" due to file changes
13240: 10:17:46.265 - Application: "MyServer" restart request (abort existing connections)
13240: 10:17:46.444 - Taking reference on default app domain
13240: 10:17:46.848 - Application: "MyServer" started in app domain: 3
13240: 10:17:48.256 - RequestApplicationStop: 2
13240: 10:17:48.258 - Application: "MyServer" stopped in app domain: 2 (abort existing connections)
13240: 10:17:48.258 - Application: "MyServer" restart complete.
12564: 10:17:48.258 - CManagedHost::OnDefaultAction() - OPR_AppDomainUnload - eUnloadAppDomain
14116: 10:17:48.260 - Unloading Domain: ApplicationName = 'MyServer', DomainId='2'
12564: 10:17:48.261 - CManagedHost::OnDomainUnload() - 2
13240: 10:17:49.171 - Restarting application: "MyServer" due to file changes
13240: 10:17:49.171 - Application: "MyServer" restart request (abort existing connections)
13240: 10:17:49.361 - Taking reference on default app domain
13240: 10:17:49.582 - Application: "MyServer" started in app domain: 4
13240: 10:17:50.472 - RequestApplicationStop: 3
13240: 10:17:50.482 - Application: "MyServer" stopped in app domain: 3 (abort existing connections)
13240: 10:17:50.482 - Application: "MyServer" restart complete.
12564: 10:17:50.482 - CManagedHost::OnDefaultAction() - OPR_AppDomainUnload - eUnloadAppDomain
14116: 10:17:50.482 - Unloading Domain: ApplicationName = 'MyServer', DomainId='3'
12564: 10:17:50.482 - CManagedHost::OnDomainUnload() - 3
13240: 15:15:29.987 - Restarting application: "MyServer" due to file changes
13240: 15:15:30.001 - Application: "MyServer" restart request (abort existing connections)
13240: 15:15:31.169 - Taking reference on default app domain
13240: 15:15:31.817 - Application: "MyServer" started in app domain: 5
13240: 15:15:41.006 - MyServer:5 - PhotonRunning() failed.
Exception:
MySql.Data.MySqlClient.MySqlException (0x80004005): Unable to connect to any of the specified MySQL hosts.
   在 MySql.Data.MySqlClient.NativeDriver.Open()
   在 MySql.Data.MySqlClient.Driver.Open()
   在 MySql.Data.MySqlClient.Driver.Create(MySqlConnectionStringBuilder settings)
   在 MySql.Data.MySqlClient.MySqlPool.CreateNewPooledConnection()
   在 MySql.Data.MySqlClient.MySqlPool.GetPooledConnection()
   在 MySql.Data.MySqlClient.MySqlPool.TryToGetDriver()
   在 MySql.Data.MySqlClient.MySqlPool.GetConnection()
   在 MySql.Data.MySqlClient.MySqlConnection.Open()
   在 NHibernate.Connection.DriverConnectionProvider.GetConnection()
   在 NHibernate.Tool.hbm2ddl.SuppliedConnectionProviderConnectionHelper.Prepare()
   在 NHibernate.Tool.hbm2ddl.SchemaMetadataUpdater.GetReservedWords(Dialect dialect, IConnectionHelper connectionHelper)
   在 NHibernate.Tool.hbm2ddl.SchemaMetadataUpdater.Update(ISessionFactory sessionFactory)
   在 NHibernate.Impl.SessionFactoryImpl..ctor(Configuration cfg, IMapping mapping, Settings settings, EventListeners listeners)
   在 NHibernate.Cfg.Configuration.BuildSessionFactory()
   在 MyServer.NHibernateHelper.get_SessionFactory()
   在 MyServer.NHibernateHelper.OpenSession()
   在 MyServer.Manager.UserManager.GetById(Int32 id)
   在 MyServer.MyServer.Setup()
   在 Photon.SocketServer.ApplicationBase.PhotonHostRuntimeInterfaces.IPhotonControl.OnPhotonRunning() 位置 h:\svncontent\photon-socketserver-sdk_cloud\src\Photon.SocketServer\ApplicationBase.cs:行号 1189
   在 PhotonHostRuntime.PhotonDomainManager.PhotonRunning()
13240: 15:15:41.059 - Failed to restart application: CManagedHost::PhotonRunning() - Failed in AppDomain: 5 - 未指定的错误
12564: 15:15:41.077 - CManagedHost::OnDefaultAction() - OPR_AppDomainUnload - eUnloadAppDomain
14116: 15:15:41.092 - Unloading Domain: ApplicationName = 'MyServer', DomainId='5'
12564: 15:15:41.100 - CManagedHost::OnDomainUnload() - 5
13240: 15:15:41.905 - Restarting application: "MyServer" due to file changes
13240: 15:15:41.905 - Application: "MyServer" restart request (abort existing connections)
13240: 15:15:42.201 - Taking reference on default app domain
13240: 15:15:42.562 - Application: "MyServer" started in app domain: 6
13240: 15:15:45.620 - MyServer:6 - PhotonRunning() failed.
Exception:
MySql.Data.MySqlClient.MySqlException (0x80004005): Unable to connect to any of the specified MySQL hosts.
   在 MySql.Data.MySqlClient.NativeDriver.Open()
   在 MySql.Data.MySqlClient.Driver.Open()
   在 MySql.Data.MySqlClient.Driver.Create(MySqlConnectionStringBuilder settings)
   在 MySql.Data.MySqlClient.MySqlPool.CreateNewPooledConnection()
   在 MySql.Data.MySqlClient.MySqlPool.GetPooledConnection()
   在 MySql.Data.MySqlClient.MySqlPool.TryToGetDriver()
   在 MySql.Data.MySqlClient.MySqlPool.GetConnection()
   在 MySql.Data.MySqlClient.MySqlConnection.Open()
   在 NHibernate.Connection.DriverConnectionProvider.GetConnection()
   在 NHibernate.Tool.hbm2ddl.SuppliedConnectionProviderConnectionHelper.Prepare()
   在 NHibernate.Tool.hbm2ddl.SchemaMetadataUpdater.GetReservedWords(Dialect dialect, IConnectionHelper connectionHelper)
   在 NHibernate.Tool.hbm2ddl.SchemaMetadataUpdater.Update(ISessionFactory sessionFactory)
   在 NHibernate.Impl.SessionFactoryImpl..ctor(Configuration cfg, IMapping mapping, Settings settings, EventListeners listeners)
   在 NHibernate.Cfg.Configuration.BuildSessionFactory()
   在 MyServer.NHibernateHelper.get_SessionFactory() 位置 E:\VSproject\PhotonServer服务端使用\MyServer\NHibernateHelper.cs:行号 20
   在 MyServer.NHibernateHelper.OpenSession() 位置 E:\VSproject\PhotonServer服务端使用\MyServer\NHibernateHelper.cs:行号 28
   在 MyServer.Manager.UserManager.GetById(Int32 id) 位置 E:\VSproject\PhotonServer服务端使用\MyServer\Manager\UserManager.cs:行号 39
   在 MyServer.MyServer.Setup() 位置 E:\VSproject\PhotonServer服务端使用\MyServer\MyServer.cs:行号 66
   在 Photon.SocketServer.ApplicationBase.PhotonHostRuntimeInterfaces.IPhotonControl.OnPhotonRunning() 位置 h:\svncontent\photon-socketserver-sdk_cloud\src\Photon.SocketServer\ApplicationBase.cs:行号 1189
   在 PhotonHostRuntime.PhotonDomainManager.PhotonRunning()
12564: 15:15:45.640 - CManagedHost::OnDefaultAction() - OPR_AppDomainUnload - eUnloadAppDomain
13240: 15:15:45.640 - Failed to restart application: CManagedHost::PhotonRunning() - Failed in AppDomain: 6 - 未指定的错误
14116: 15:15:45.660 - Unloading Domain: ApplicationName = 'MyServer', DomainId='6'
12564: 15:15:45.660 - CManagedHost::OnDomainUnload() - 6
10448: 15:16:27.161 - Service is stopped...
10448: 15:16:27.171 - Server shutting down...
10448: 15:16:27.171 - Shutdown monitoring enabled, 30000ms before process abort
10448: 15:16:27.171 - Notifying CLR applications of shutdown...
10448: 15:16:27.181 - RequestApplicationStop: 4
10448: 15:16:27.482 - RequestStop: defalt app domain
10448: 15:16:27.522 - Shutting down WebSocket Outbound Connection Manager...
10448: 15:16:27.532 - Shutting down TCP Outbound Connection Manager...
10448: 15:16:27.532 - Shutting down ENet Outbound Connection Manager...
10448: 15:16:27.532 - Disconnecting all outbound peers...
10448: 15:16:27.532 - Shutting down ENet host...
10448: 15:16:27.532 - Disconnecting all peers...
10448: 15:16:27.532 - Shutting down socket servers...
10448: 15:16:27.532 - Shutting down ENet thread pool...
10448: 15:16:27.552 - Shutting down TCP inactivity timers...
10448: 15:16:27.562 - WaitingForShutdownToComplete: NativePolicy:0.0.0.0:843
10448: 15:16:27.562 - OnShutdownCompleted: NativePolicy:0.0.0.0:843
10448: 15:16:27.562 - WaitingForShutdownToComplete: NativePolicy:0.0.0.0:943
10448: 15:16:27.562 - OnShutdownCompleted: NativePolicy:0.0.0.0:943
10448: 15:16:27.562 - WaitingForShutdownToComplete: TCP:0.0.0.0:4530
10448: 15:16:27.562 - OnShutdownCompleted: TCP:0.0.0.0:4530
10448: 15:16:27.562 - WaitingForShutdownToComplete: UDP:10.0.1.65:5055
10448: 15:16:27.562 - OnShutdownCompleted: UDP:10.0.1.65:5055
10448: 15:16:27.562 - WaitingForShutdownToComplete: UDP:127.0.0.1:5055
10448: 15:16:27.562 - OnShutdownCompleted: UDP:127.0.0.1:5055
10448: 15:16:27.562 - WaitingForShutdownToComplete: WebSocket:0.0.0.0:9090
10448: 15:16:27.562 - OnShutdownCompleted: WebSocket:0.0.0.0:9090
10448: 15:16:27.562 - Shutting down CLR applications...
10448: 15:16:27.632 - Shutting down business logic thread pool...
12564: 15:16:27.632 - CManagedHost::OnDefaultAction() - OPR_AppDomainUnload - eUnloadAppDomain
10448: 15:16:27.632 - Shutting down I/O thread pool...
10448: 15:16:27.632 - Destroying servers
14116: 15:16:27.642 - Unloading Domain: ApplicationName = 'MyServer', DomainId='4'
10448: 15:16:27.662 - Destroying WebSocket Outbound Connection Manager
10448: 15:16:27.662 - Destroying TCP Outbound Connection Manager
10448: 15:16:27.662 - Destroying TCP inactivity timer
10448: 15:16:27.662 - Destroying ENet timer wheel
10448: 15:16:27.662 - Destroying ENet host
10448: 15:16:27.662 - Destroying ENet outbound host
10448: 15:16:27.662 - Destroying HTTP inactivity timer
10448: 15:16:27.662 - Destroying HTTP host
10448: 15:16:27.662 - Destroying HTTP Chunk host
10448: 15:16:27.662 - Flushing ENET buffer allocator...
12564: 15:16:27.682 - CManagedHost::OnDomainUnload() - 4
10448: 15:16:27.728 - Flushing TCP buffer handle allocator...
10448: 15:16:27.728 - Flushing stream socket allocator...
10448: 15:16:27.729 - Flushing inbound datagram socket allocator...
10448: 15:16:27.729 - Flushing outbound datagram socket allocator...
10448: 15:16:27.729 - Destroying CLR dispatcher
10448: 15:16:27.729 - Destroying CLR applications
10448: 15:16:27.739 - ~CCLRApplicationCollection() - Waiting up to 10 seconds for the CLR to release all of our objects
10448: 15:16:27.799 - ~CCLRApplicationCollection() - Done. All objects released
10448: 15:16:27.899 - ~CManagedHost() - Release default app domain
10448: 15:16:27.899 - CManagedHost::OnDomainUnload() - 1
10448: 15:16:27.899 - ~CManagedHost() - Waiting up to 10 seconds for CLR shutdown...
10448: 15:16:27.919 - ~CManagedHost
10448: 15:16:27.929 - Destroying ENet thread pool
10448: 15:16:27.929 - Destroying Business logic thread pool
10448: 15:16:27.929 - Destroying I/O thread pool
10448: 15:16:27.929 - Destroying ENet buffer allocator
10448: 15:16:27.929 - Destroying TCP buffer allocator
10448: 15:16:27.929 - Destroying TCP socket allocator
10448: 15:16:27.929 - Destroying ENet inbound socket allocator
10448: 15:16:27.929 - Destroying ENet outbound socket allocator
10448: 15:16:27.929 - Destroying shared datagram flow control data
10448: 15:16:27.939 - Shutdown complete...
10448: 15:16:27.939 - Service shutting down
10448: 15:16:27.985 - Service shut down complete
8268: 15:16:32.478 - ---
8268: 15:16:32.478 - Service: "Photon Socket Server" starting
8268: 15:16:32.478 - Config File: E:\PhotonServer\Photon-OnPremise-Server-SDK_v4-0-29-11263\deploy\bin_Win64\PhotonServer.config
8268: 15:16:32.479 - Will produce at most: 10 crash dumps
8268: 15:16:32.479 - Action: run as exe
8268: 15:16:32.504 - Server Starting...
8268: 15:16:32.504 -    Tick count: 162425323 (wraps in: 47.8303 days)
8268: 15:16:32.504 - Tick count 64: 162425323
8268: 15:16:32.504 - Photon Version: 4.0.28.2962
8268: 15:16:32.504 - PID: 14200
8268: 15:16:32.504 - Config File: E:\PhotonServer\Photon-OnPremise-Server-SDK_v4-0-29-11263\deploy\bin_Win64\PhotonServer.config
8268: 15:16:32.504 - Will NOT log unimportant exceptions
8268: 15:16:32.534 - Not using performance counters as they are not currently installed. Run the service with /InstallCounters to install them.
8268: 15:16:32.534 - Shutdown timeout enabled: 30000ms
8268: 15:16:32.534 - Starting I/O thread pool with 2 threads
8268: 15:16:32.534 - Using Standard allocator
8268: 15:16:32.534 - Max message size: 512000
8268: 15:16:32.534 - Starting business logic thread pool with the following settings
8268: 15:16:32.534 - InitialThreads: 4 threads
8268: 15:16:32.534 - MinThreads: 4 threads
8268: 15:16:32.534 - Thread pool is fixed size
8268: 15:16:32.534 - Starting ENet thread pool with the following settings
8268: 15:16:32.534 - InitialThreads: 2 threads
8268: 15:16:32.534 - MinThreads: 2 threads
8268: 15:16:32.534 - Thread pool is fixed size
8268: 15:16:32.534 - OnlyDispatchTimers: False
8268: 15:16:32.534 - S2S: flow control: Max pending writes: 50
8268: 15:16:32.534 - S2S: flow control: Max queued buffers: 200
8268: 15:16:32.534 - S2S: flow control: Max pending writes MUX: 500
8268: 15:16:32.534 - S2S: flow control: Max queued buffers MUX: 2000
8268: 15:16:32.534 - S2S: MaxInboundMessageSize: 512000
8268: 15:16:32.534 - S2S: MaxOutboundMessageSize: 512000
8268: 15:16:32.534 - S2S: No inactivity timeout
8268: 15:16:32.554 - WebSocket S2S: MaxInboundMessageSize: 512000
8268: 15:16:32.554 - WebSocket S2S: MaxOutboundMessageSize: 512000
8268: 15:16:32.554 - WebSocket S2S: No inactivity timeout
8268: 15:16:32.554 - Max Reliable Data In Transit (awaiting ACKs) per peer : 51200 bytes
8268: 15:16:32.554 - Per peer bandwidth limit
8268: 15:16:32.554 - Transmit Rate Limit: 256 KB/Sec
8268: 15:16:32.554 - Limit period: 200ms
8268: 15:16:32.554 - Limit per period: 52428 bytes
8268: 15:16:32.554 - Max queued data for transmission per peer: 512000 bytes
8268: 15:16:32.554 - Minimum retransmit timeout: 200
8268: 15:16:32.554 - No Maximum retransmit timeout
8268: 15:16:32.554 - Minimum ENet timeout: 5000ms
8268: 15:16:32.554 - Maximum ENet timeout: 30000ms
8268: 15:16:32.554 - Max Inbound Reliable Data Queued (awaiting resends of earlier sequence numbers) per peer : 163840 bytes
8268: 15:16:32.554 - No RTT ACK adjustment timeout
8268: 15:16:32.554 - Outbound ENet: MaxInboundMessageSize: 512000
8268: 15:16:32.554 - Outbound ENet: MaxOutboundMessageSize: 512000
8268: 15:16:32.564 - GetRuntime - About to load CLR - versions available:
8268: 15:16:32.564 - v2.0.50727
8268: 15:16:32.564 - v4.0.30319
8268: 15:16:32.564 - Configuration requests: "v2.0.50727"
8268: 15:16:32.564 - About to load version: "v2.0.50727"
8268: 15:16:32.594 - About to load runtime: PhotonHostRuntime.PhotonDomainManager from PhotonHostRuntime, Culture=neutral, PublicKeyToken=02C301B61B060C4D
8268: 15:16:32.594 - CLRBaseDirectory set to "E:\PhotonServer\Photon-OnPremise-Server-SDK_v4-0-29-11263\deploy"
8268: 15:16:32.594 - Optimising event broadcast for 20 or more peers
8268: 15:16:32.594 - Start: About to load CLR - versions available:
8268: 15:16:32.594 - v2.0.50727
8268: 15:16:32.594 - v4.0.30319
8268: 15:16:32.594 - No preference in configuration file, will load latest.
8268: 15:16:32.594 - About to load version: "v4.0.30319"
8268: 15:16:32.594 - Loaded version: "v4.0.30319"
8268: 15:16:32.864 - Photon host runtime loaded
8268: 15:16:35.221 - LICENSE: No license file was found. Starting with Bootstrap License.
8268: 15:16:35.221 - License is valid.
8268: 15:16:35.221 - Licensed for 20 concurrent connections.
8268: 15:16:35.221 - ENet: Max Reliable Data In Transit (awaiting ACKs) per peer : 51200 bytes
8268: 15:16:35.221 - ENet: Per peer bandwidth limit
8268: 15:16:35.221 - ENet: Transmit Rate Limit: 256 KB/Sec
8268: 15:16:35.221 - ENet: Limit period: 200ms
8268: 15:16:35.221 - ENet: Limit per period: 52428 bytes
8268: 15:16:35.221 - ENet: Max queued data for transmission per peer: 512000 bytes
8268: 15:16:35.221 - ENet: Minimum retransmit timeout: 200
8268: 15:16:35.221 - No Maximum retransmit timeout
8268: 15:16:35.221 - ENet: Minimum timeout: 5000ms
8268: 15:16:35.221 - ENet: Maximum timeout: 30000ms
8268: 15:16:35.221 - ENet: Max Inbound Reliable Data Queued (awaiting resends of earlier sequence numbers) per peer : 163840 bytes
8268: 15:16:35.221 - No RTT ACK adjustment timeout
8268: 15:16:35.221 - About to load application: MyServer from MyServer
8268: 15:16:35.221 - Auto restart is enabled for application, existing connections will be terminated during restart
8268: 15:16:35.221 - Application will restart 1000ms after the last change detected
8268: 15:16:35.221 - Application will restart if files matching the following are changed: "dll;config"
8268: 15:16:35.221 - Application will NOT restart if files matching the following are changed: "log4net.config"
8268: 15:16:35.504 - Taking reference on default app domain
8268: 15:16:35.840 - Application: "MyServer" started in app domain: 2
8268: 15:16:35.840 - Adding TCP listener on: 0.0.0.0: 4530 with a listen backlog of: 150
8268: 15:16:35.840 - TCP inactivity timeout: 10000ms
8268: 15:16:35.840 - TCP disconnect timeout: 120000ms
8268: 15:16:35.840 - MaxInboundMessageSize: 512000
8268: 15:16:35.840 - MaxOutboundMessageSize: 512000
8268: 15:16:35.840 - Forcing all applications ids to: "MyServer"
8268: 15:16:35.840 - Serving policy file requests from: "E:\PhotonServer\Photon-OnPremise-Server-SDK_v4-0-29-11263\deploy\Policy\assets\socket-policy.xml"
8268: 15:16:35.840 - Forcing all applications ids to: "MyServer"
8268: 15:16:35.840 - MaxInboundMessageSize: 512000
8268: 15:16:35.840 - MaxOutboundMessageSize: 512000
8268: 15:16:35.840 - UDP address specified as: "0.0.0.0" adding listener to each available IPv4 address
8268: 15:16:35.850 - Adding UDP listener on: 10.0.1.65: 5055 with a listen backlog of: 500
8268: 15:16:35.850 - Adding UDP listener on: 127.0.0.1: 5055 with a listen backlog of: 500
8268: 15:16:35.850 - Adding WebSocket TCP listener on: 0.0.0.0: 9090 with a listen backlog of: 150
8268: 15:16:35.850 - Nagle disabled
8268: 15:16:35.850 - TCP inactivity timeout: 10000ms
8268: 15:16:35.850 - MaxInboundMessageSize: 512000
8268: 15:16:35.850 - MaxOutboundMessageSize: 512000
8268: 15:16:35.850 - Forcing all applications ids to: "MyServer"
8268: 15:16:35.850 - Will accept ANY sub-protocols from the client
8268: 15:16:35.850 - No automatic WebSocket ping
8268: 15:16:35.850 - Adding Policy File listener on: 0.0.0.0: 843 with a listen backlog of: 150 and serving Policy File: "E:\PhotonServer\Photon-OnPremise-Server-SDK_v4-0-29-11263\deploy\Policy\assets\socket-policy.xml"
8268: 15:16:35.850 - TCP inactivity timeout: 10000ms
8268: 15:16:35.850 - Adding Policy File listener on: 0.0.0.0: 943 with a listen backlog of: 150 and serving Policy File: "E:\PhotonServer\Photon-OnPremise-Server-SDK_v4-0-29-11263\deploy\Policy\assets\socket-policy-silverlight.xml"
8268: 15:16:35.850 - TCP inactivity timeout: 10000ms
8268: 15:16:35.890 - Service is running...
