4056: 09:03:03.060 - ---
4056: 09:03:03.076 - Service: "Photon Socket Server" starting
4056: 09:03:03.076 - Config File: E:\PhotonServer\Photon-OnPremise-Server-SDK_v4-0-29-11263\deploy\bin_Win64\PhotonServer.config
4056: 09:03:03.076 - Will produce at most: 10 crash dumps
4056: 09:03:03.076 - Action: run as service
2180: 09:03:03.076 - Server Starting...
2180: 09:03:03.076 -    Tick count: 59888 (wraps in: 49.7096 days)
2180: 09:03:03.076 - Tick count 64: 59888
2180: 09:03:03.076 - Photon Version: 4.0.28.2962
2180: 09:03:03.076 - PID: 4052
2180: 09:03:03.076 - Current directory is: C:\Windows\system32
2180: 09:03:03.076 - Changing current directory to: E:\PhotonServer\Photon-OnPremise-Server-SDK_v4-0-29-11263\deploy\bin_Win64
2180: 09:03:03.076 - Config File: E:\PhotonServer\Photon-OnPremise-Server-SDK_v4-0-29-11263\deploy\bin_Win64\PhotonServer.config
2180: 09:03:03.076 - Will NOT log unimportant exceptions
2180: 09:03:03.840 - Not using performance counters as they are not currently installed. Run the service with /InstallCounters to install them.
2180: 09:03:03.840 - Shutdown timeout enabled: 30000ms
2180: 09:03:03.934 - Starting I/O thread pool with 2 threads
2180: 09:03:05.072 - Using Standard allocator
2180: 09:03:05.072 - Max message size: 512000
2180: 09:03:05.712 - Starting business logic thread pool with the following settings
2180: 09:03:05.712 - InitialThreads: 4 threads
2180: 09:03:05.712 - MinThreads: 4 threads
2180: 09:03:05.712 - Thread pool is fixed size
2180: 09:03:05.712 - Starting ENet thread pool with the following settings
2180: 09:03:05.712 - InitialThreads: 2 threads
2180: 09:03:05.712 - MinThreads: 2 threads
2180: 09:03:05.712 - Thread pool is fixed size
2180: 09:03:05.712 - OnlyDispatchTimers: False
2180: 09:03:05.712 - S2S: flow control: Max pending writes: 50
2180: 09:03:05.712 - S2S: flow control: Max queued buffers: 200
2180: 09:03:05.712 - S2S: flow control: Max pending writes MUX: 500
2180: 09:03:05.712 - S2S: flow control: Max queued buffers MUX: 2000
2180: 09:03:05.712 - S2S: MaxInboundMessageSize: 512000
2180: 09:03:05.712 - S2S: MaxOutboundMessageSize: 512000
2180: 09:03:05.712 - S2S: No inactivity timeout
2180: 09:03:05.743 - WebSocket S2S: MaxInboundMessageSize: 512000
2180: 09:03:05.743 - WebSocket S2S: MaxOutboundMessageSize: 512000
2180: 09:03:05.743 - WebSocket S2S: No inactivity timeout
2180: 09:03:05.743 - Max Reliable Data In Transit (awaiting ACKs) per peer : 51200 bytes
2180: 09:03:05.743 - Per peer bandwidth limit
2180: 09:03:05.743 - Transmit Rate Limit: 256 KB/Sec
2180: 09:03:05.743 - Limit period: 200ms
2180: 09:03:05.743 - Limit per period: 52428 bytes
2180: 09:03:05.743 - Max queued data for transmission per peer: 512000 bytes
2180: 09:03:05.743 - Minimum retransmit timeout: 200
2180: 09:03:05.743 - No Maximum retransmit timeout
2180: 09:03:05.743 - Minimum ENet timeout: 5000ms
2180: 09:03:05.743 - Maximum ENet timeout: 30000ms
2180: 09:03:05.743 - Max Inbound Reliable Data Queued (awaiting resends of earlier sequence numbers) per peer : 163840 bytes
2180: 09:03:05.743 - No RTT ACK adjustment timeout
2180: 09:03:05.743 - Outbound ENet: MaxInboundMessageSize: 512000
2180: 09:03:05.743 - Outbound ENet: MaxOutboundMessageSize: 512000
2180: 09:03:18.551 - GetRuntime - About to load CLR - versions available:
2180: 09:03:18.551 - v2.0.50727
2180: 09:03:18.551 - v4.0.30319
2180: 09:03:18.551 - Configuration requests: "v2.0.50727"
2180: 09:03:18.551 - About to load version: "v2.0.50727"
2180: 09:03:18.691 - About to load runtime: PhotonHostRuntime.PhotonDomainManager from PhotonHostRuntime, Culture=neutral, PublicKeyToken=02C301B61B060C4D
2180: 09:03:18.691 - CLRBaseDirectory set to "E:\PhotonServer\Photon-OnPremise-Server-SDK_v4-0-29-11263\deploy"
2180: 09:03:18.691 - Optimising event broadcast for 20 or more peers
2180: 09:03:18.691 - Start: About to load CLR - versions available:
2180: 09:03:18.691 - v2.0.50727
2180: 09:03:18.691 - v4.0.30319
2180: 09:03:18.691 - No preference in configuration file, will load latest.
2180: 09:03:18.691 - About to load version: "v4.0.30319"
2180: 09:03:32.778 - Loaded version: "v4.0.30319"
2180: 09:04:05.663 - Photon host runtime loaded
2180: 09:04:16.240 - LICENSE: No license file was found. Starting with Bootstrap License.
2180: 09:04:16.240 - License is valid.
2180: 09:04:16.240 - Licensed for 20 concurrent connections.
2180: 09:04:16.240 - ENet: Max Reliable Data In Transit (awaiting ACKs) per peer : 51200 bytes
2180: 09:04:16.240 - ENet: Per peer bandwidth limit
2180: 09:04:16.240 - ENet: Transmit Rate Limit: 256 KB/Sec
2180: 09:04:16.240 - ENet: Limit period: 200ms
2180: 09:04:16.240 - ENet: Limit per period: 52428 bytes
2180: 09:04:16.240 - ENet: Max queued data for transmission per peer: 512000 bytes
2180: 09:04:16.240 - ENet: Minimum retransmit timeout: 200
2180: 09:04:16.240 - No Maximum retransmit timeout
2180: 09:04:16.240 - ENet: Minimum timeout: 5000ms
2180: 09:04:16.240 - ENet: Maximum timeout: 30000ms
2180: 09:04:16.240 - ENet: Max Inbound Reliable Data Queued (awaiting resends of earlier sequence numbers) per peer : 163840 bytes
2180: 09:04:16.240 - No RTT ACK adjustment timeout
2180: 09:04:16.240 - About to load application: MMoDemo from Photon.MmoDemo.Server
2180: 09:04:16.240 - Auto restart is enabled for application, existing connections will be terminated during restart
2180: 09:04:16.240 - Application will restart 1000ms after the last change detected
2180: 09:04:16.240 - Application will restart if files matching the following are changed: "dll;config"
2180: 09:04:16.240 - Application will NOT restart if files matching the following are changed: "log4net.config"
2180: 09:04:16.302 - CService::OnException() - Exception: CManagedHost::CreateApplicationInNewAppDomain() - Failed to create new application domain for : "MMoDemo" - Can't find Photon.MmoDemo.Server.dll in  or E:\PhotonServer\Photon-OnPremise-Server-SDK_v4-0-29-11263\deploy\MmoDemo\bin
2180: 09:04:16.302 - Server shutting down...
2180: 09:04:16.302 - Shutdown monitoring enabled, 30000ms before process abort
2180: 09:04:16.302 - Notifying CLR applications of shutdown...
2180: 09:04:16.302 - RequestStop: defalt app domain
2180: 09:04:16.302 - Shutting down WebSocket Outbound Connection Manager...
2180: 09:04:16.302 - Shutting down TCP Outbound Connection Manager...
2180: 09:04:16.302 - Shutting down ENet Outbound Connection Manager...
2180: 09:04:16.302 - Disconnecting all outbound peers...
2180: 09:04:16.677 - Shutting down ENet host...
2180: 09:04:16.677 - Disconnecting all peers...
2180: 09:04:16.677 - Shutting down socket servers...
2180: 09:04:16.677 - Shutting down ENet thread pool...
2180: 09:04:16.708 - Shutting down TCP inactivity timers...
2180: 09:04:16.708 - Shutting down CLR applications...
2180: 09:04:16.708 - Shutting down business logic thread pool...
2180: 09:04:16.708 - Shutting down I/O thread pool...
2180: 09:04:16.708 - Destroying servers
2180: 09:04:16.708 - Destroying WebSocket Outbound Connection Manager
2180: 09:04:16.708 - Destroying TCP Outbound Connection Manager
2180: 09:04:16.708 - Destroying TCP inactivity timer
2180: 09:04:16.708 - Destroying ENet timer wheel
2180: 09:04:16.708 - Destroying ENet host
2180: 09:04:16.708 - Destroying ENet outbound host
2180: 09:04:16.708 - Destroying HTTP inactivity timer
2180: 09:04:16.708 - Destroying HTTP host
2180: 09:04:16.708 - Destroying HTTP Chunk host
2180: 09:04:16.708 - Flushing ENET buffer allocator...
2180: 09:04:16.708 - Flushing TCP buffer handle allocator...
2180: 09:04:16.708 - Flushing stream socket allocator...
2180: 09:04:16.708 - Flushing inbound datagram socket allocator...
2180: 09:04:16.708 - Flushing outbound datagram socket allocator...
2180: 09:04:16.708 - Destroying CLR dispatcher
2180: 09:04:16.708 - Destroying CLR applications
2180: 09:04:16.708 - ~CCLRApplicationCollection() - Waiting up to 10 seconds for the CLR to release all of our objects
2180: 09:04:16.708 - ~CCLRApplicationCollection() - Done. All objects released
2180: 09:04:16.708 - ~CManagedHost() - Release default app domain
2180: 09:04:16.708 - CManagedHost::OnDomainUnload() - 1
2180: 09:04:16.708 - ~CManagedHost() - Waiting up to 10 seconds for CLR shutdown...
2180: 09:04:16.708 - ~CManagedHost
2180: 09:04:16.708 - Destroying ENet thread pool
2180: 09:04:16.708 - Destroying Business logic thread pool
2180: 09:04:16.708 - Destroying I/O thread pool
2180: 09:04:16.708 - Destroying ENet buffer allocator
2180: 09:04:16.708 - Destroying TCP buffer allocator
2180: 09:04:16.708 - Destroying TCP socket allocator
2180: 09:04:16.708 - Destroying ENet inbound socket allocator
2180: 09:04:16.708 - Destroying ENet outbound socket allocator
2180: 09:04:16.708 - Destroying shared datagram flow control data
2180: 09:04:16.708 - Shutdown complete...
4056: 09:04:17.176 - Service shutting down
4056: 09:04:17.176 - Service shut down complete
