4768: 10:12:48.706 - ---
4768: 10:12:48.706 - Service: "Photon Socket Server" starting
4768: 10:12:48.706 - Config File: E:\PhotonServer\Photon-OnPremise-Server-SDK_v4-0-29-11263\deploy\bin_Win64\PhotonServer.config
4768: 10:12:48.706 - Will produce at most: 10 crash dumps
4768: 10:12:48.706 - Service shutting down
4768: 10:12:48.706 - Service shut down complete
16284: 10:15:25.812 - ---
16284: 10:15:25.812 - Service: "Photon Socket Server" starting
16284: 10:15:25.812 - Config File: E:\PhotonServer\Photon-OnPremise-Server-SDK_v4-0-29-11263\deploy\bin_Win64\PhotonServer.config
16284: 10:15:25.812 - Will produce at most: 10 crash dumps
16284: 10:15:25.812 - Service shutting down
16284: 10:15:25.812 - Service shut down complete
12856: 10:18:01.107 - ---
12856: 10:18:01.107 - Service: "Photon Socket Server" starting
12856: 10:18:01.107 - Config File: E:\PhotonServer\Photon-OnPremise-Server-SDK_v4-0-29-11263\deploy\bin_Win64\PhotonServer.config
12856: 10:18:01.107 - Will produce at most: 10 crash dumps
12856: 10:18:01.107 - Service shutting down
12856: 10:18:01.107 - Service shut down complete
7240: 10:22:44.684 - ---
7240: 10:22:44.684 - Service: "Photon Socket Server" starting
7240: 10:22:44.684 - Config File: E:\PhotonServer\Photon-OnPremise-Server-SDK_v4-0-29-11263\deploy\bin_Win64\PhotonServer.config
7240: 10:22:44.684 - Will produce at most: 10 crash dumps
7240: 10:22:44.684 - Service shutting down
7240: 10:22:44.684 - Service shut down complete
