2176: 09:03:58.526 - ---
2176: 09:03:58.526 - Service: "Photon Socket Server" starting
2176: 09:03:58.526 - Config File: E:\PhotonServer\Photon-OnPremise-Server-SDK_v4-0-29-11263\deploy\bin_Win64\PhotonServer.config
2176: 09:03:58.526 - Will produce at most: 10 crash dumps
2176: 09:03:58.526 - Action: run as service
3372: 09:03:58.536 - Server Starting...
3372: 09:03:58.536 -    Tick count: 51355 (wraps in: 49.7097 days)
3372: 09:03:58.536 - Tick count 64: 51355
3372: 09:03:58.536 - Photon Version: 4.0.28.2962
3372: 09:03:58.536 - PID: 2164
3372: 09:03:58.536 - Current directory is: C:\Windows\system32
3372: 09:03:58.536 - Changing current directory to: E:\PhotonServer\Photon-OnPremise-Server-SDK_v4-0-29-11263\deploy\bin_Win64
3372: 09:03:58.536 - Config File: E:\PhotonServer\Photon-OnPremise-Server-SDK_v4-0-29-11263\deploy\bin_Win64\PhotonServer.config
3372: 09:03:58.536 - Will NOT log unimportant exceptions
3372: 09:03:58.536 - Not using performance counters as they are not currently installed. Run the service with /InstallCounters to install them.
3372: 09:03:58.536 - Shutdown timeout enabled: 30000ms
3372: 09:03:58.536 - Starting I/O thread pool with 2 threads
3372: 09:03:58.536 - Using Standard allocator
3372: 09:03:58.536 - Max message size: 512000
3372: 09:03:58.536 - Starting business logic thread pool with the following settings
3372: 09:03:58.536 - InitialThreads: 4 threads
3372: 09:03:58.536 - MinThreads: 4 threads
3372: 09:03:58.536 - Thread pool is fixed size
3372: 09:03:58.536 - Starting ENet thread pool with the following settings
3372: 09:03:58.536 - InitialThreads: 2 threads
3372: 09:03:58.536 - MinThreads: 2 threads
3372: 09:03:58.536 - Thread pool is fixed size
3372: 09:03:58.536 - OnlyDispatchTimers: False
3372: 09:03:58.536 - S2S: flow control: Max pending writes: 50
3372: 09:03:58.536 - S2S: flow control: Max queued buffers: 200
3372: 09:03:58.536 - S2S: flow control: Max pending writes MUX: 500
3372: 09:03:58.536 - S2S: flow control: Max queued buffers MUX: 2000
3372: 09:03:58.536 - S2S: MaxInboundMessageSize: 512000
3372: 09:03:58.536 - S2S: MaxOutboundMessageSize: 512000
3372: 09:03:58.536 - S2S: No inactivity timeout
3372: 09:03:58.536 - WebSocket S2S: MaxInboundMessageSize: 512000
3372: 09:03:58.536 - WebSocket S2S: MaxOutboundMessageSize: 512000
3372: 09:03:58.536 - WebSocket S2S: No inactivity timeout
3372: 09:03:58.536 - Max Reliable Data In Transit (awaiting ACKs) per peer : 51200 bytes
3372: 09:03:58.536 - Per peer bandwidth limit
3372: 09:03:58.536 - Transmit Rate Limit: 256 KB/Sec
3372: 09:03:58.536 - Limit period: 200ms
3372: 09:03:58.536 - Limit per period: 52428 bytes
3372: 09:03:58.536 - Max queued data for transmission per peer: 512000 bytes
3372: 09:03:58.536 - Minimum retransmit timeout: 200
3372: 09:03:58.536 - No Maximum retransmit timeout
3372: 09:03:58.536 - Minimum ENet timeout: 5000ms
3372: 09:03:58.536 - Maximum ENet timeout: 30000ms
3372: 09:03:58.536 - Max Inbound Reliable Data Queued (awaiting resends of earlier sequence numbers) per peer : 163840 bytes
3372: 09:03:58.536 - No RTT ACK adjustment timeout
3372: 09:03:58.536 - Outbound ENet: MaxInboundMessageSize: 512000
3372: 09:03:58.536 - Outbound ENet: MaxOutboundMessageSize: 512000
3372: 09:03:58.536 - GetRuntime - About to load CLR - versions available:
3372: 09:03:58.536 - v2.0.50727
3372: 09:03:58.536 - v4.0.30319
3372: 09:03:58.536 - Configuration requests: "v2.0.50727"
3372: 09:03:58.536 - About to load version: "v2.0.50727"
3372: 09:03:58.546 - About to load runtime: PhotonHostRuntime.PhotonDomainManager from PhotonHostRuntime, Culture=neutral, PublicKeyToken=02C301B61B060C4D
3372: 09:03:58.546 - CLRBaseDirectory set to "E:\PhotonServer\Photon-OnPremise-Server-SDK_v4-0-29-11263\deploy"
3372: 09:03:58.546 - Optimising event broadcast for 20 or more peers
3372: 09:03:58.546 - Start: About to load CLR - versions available:
3372: 09:03:58.546 - v2.0.50727
3372: 09:03:58.546 - v4.0.30319
3372: 09:03:58.546 - No preference in configuration file, will load latest.
3372: 09:03:58.546 - About to load version: "v4.0.30319"
3372: 09:03:58.546 - Loaded version: "v4.0.30319"
3372: 09:03:59.126 - Photon host runtime loaded
3372: 09:04:13.399 - LICENSE: No license file was found. Starting with Bootstrap License.
3372: 09:04:13.399 - License is valid.
3372: 09:04:13.399 - Licensed for 20 concurrent connections.
3372: 09:04:13.399 - ENet: Max Reliable Data In Transit (awaiting ACKs) per peer : 51200 bytes
3372: 09:04:13.399 - ENet: Per peer bandwidth limit
3372: 09:04:13.399 - ENet: Transmit Rate Limit: 256 KB/Sec
3372: 09:04:13.399 - ENet: Limit period: 200ms
3372: 09:04:13.399 - ENet: Limit per period: 52428 bytes
3372: 09:04:13.399 - ENet: Max queued data for transmission per peer: 512000 bytes
3372: 09:04:13.399 - ENet: Minimum retransmit timeout: 200
3372: 09:04:13.399 - No Maximum retransmit timeout
3372: 09:04:13.399 - ENet: Minimum timeout: 5000ms
3372: 09:04:13.399 - ENet: Maximum timeout: 30000ms
3372: 09:04:13.399 - ENet: Max Inbound Reliable Data Queued (awaiting resends of earlier sequence numbers) per peer : 163840 bytes
3372: 09:04:13.399 - No RTT ACK adjustment timeout
3372: 09:04:13.399 - About to load application: MMoDemo from Photon.MmoDemo.Server
3372: 09:04:13.399 - Auto restart is enabled for application, existing connections will be terminated during restart
3372: 09:04:13.399 - Application will restart 1000ms after the last change detected
3372: 09:04:13.399 - Application will restart if files matching the following are changed: "dll;config"
3372: 09:04:13.399 - Application will NOT restart if files matching the following are changed: "log4net.config"
3372: 09:04:13.462 - CService::OnException() - Exception: CManagedHost::CreateApplicationInNewAppDomain() - Failed to create new application domain for : "MMoDemo" - Can't find Photon.MmoDemo.Server.dll in  or E:\PhotonServer\Photon-OnPremise-Server-SDK_v4-0-29-11263\deploy\MmoDemo\bin
3372: 09:04:13.462 - Server shutting down...
3372: 09:04:13.462 - Shutdown monitoring enabled, 30000ms before process abort
3372: 09:04:13.462 - Notifying CLR applications of shutdown...
3372: 09:04:13.462 - RequestStop: defalt app domain
3372: 09:04:13.477 - Shutting down WebSocket Outbound Connection Manager...
3372: 09:04:13.477 - Shutting down TCP Outbound Connection Manager...
3372: 09:04:13.477 - Shutting down ENet Outbound Connection Manager...
3372: 09:04:13.477 - Disconnecting all outbound peers...
3372: 09:04:13.477 - Shutting down ENet host...
3372: 09:04:13.477 - Disconnecting all peers...
3372: 09:04:13.477 - Shutting down socket servers...
3372: 09:04:13.477 - Shutting down ENet thread pool...
3372: 09:04:13.477 - Shutting down TCP inactivity timers...
3372: 09:04:13.477 - Shutting down CLR applications...
3372: 09:04:13.477 - Shutting down business logic thread pool...
3372: 09:04:13.477 - Shutting down I/O thread pool...
3372: 09:04:13.477 - Destroying servers
3372: 09:04:13.477 - Destroying WebSocket Outbound Connection Manager
3372: 09:04:13.477 - Destroying TCP Outbound Connection Manager
3372: 09:04:13.477 - Destroying TCP inactivity timer
3372: 09:04:13.477 - Destroying ENet timer wheel
3372: 09:04:13.477 - Destroying ENet host
3372: 09:04:13.477 - Destroying ENet outbound host
3372: 09:04:13.477 - Destroying HTTP inactivity timer
3372: 09:04:13.477 - Destroying HTTP host
3372: 09:04:13.477 - Destroying HTTP Chunk host
3372: 09:04:13.477 - Flushing ENET buffer allocator...
3372: 09:04:13.477 - Flushing TCP buffer handle allocator...
3372: 09:04:13.477 - Flushing stream socket allocator...
3372: 09:04:13.477 - Flushing inbound datagram socket allocator...
3372: 09:04:13.477 - Flushing outbound datagram socket allocator...
3372: 09:04:13.477 - Destroying CLR dispatcher
3372: 09:04:13.477 - Destroying CLR applications
3372: 09:04:13.477 - ~CCLRApplicationCollection() - Waiting up to 10 seconds for the CLR to release all of our objects
3372: 09:04:13.477 - ~CCLRApplicationCollection() - Done. All objects released
3372: 09:04:13.477 - ~CManagedHost() - Release default app domain
3372: 09:04:13.477 - CManagedHost::OnDomainUnload() - 1
3372: 09:04:13.477 - ~CManagedHost() - Waiting up to 10 seconds for CLR shutdown...
3372: 09:04:13.477 - ~CManagedHost
3372: 09:04:13.477 - Destroying ENet thread pool
3372: 09:04:13.477 - Destroying Business logic thread pool
3372: 09:04:13.477 - Destroying I/O thread pool
3372: 09:04:13.477 - Destroying ENet buffer allocator
3372: 09:04:13.477 - Destroying TCP buffer allocator
3372: 09:04:13.477 - Destroying TCP socket allocator
3372: 09:04:13.477 - Destroying ENet inbound socket allocator
3372: 09:04:13.477 - Destroying ENet outbound socket allocator
3372: 09:04:13.477 - Destroying shared datagram flow control data
3372: 09:04:13.477 - Shutdown complete...
2176: 09:04:26.300 - Service shutting down
2176: 09:04:26.300 - Service shut down complete
