4240: 09:00:40.910 - ---
4240: 09:00:40.910 - Service: "Photon Socket Server" starting
4240: 09:00:40.910 - Config File: E:\PhotonServer\Photon-OnPremise-Server-SDK_v4-0-29-11263\deploy\bin_Win64\PhotonServer.config
4240: 09:00:54.794 - Will produce at most: 10 crash dumps
4240: 09:00:54.794 - Action: run as service
4620: 09:00:54.888 - Server Starting...
4620: 09:00:54.904 -    Tick count: 92711 (wraps in: 49.7092 days)
4620: 09:00:54.904 - Tick count 64: 92726
4620: 09:00:54.904 - Photon Version: 4.0.28.2962
4620: 09:00:54.904 - PID: 4236
4620: 09:00:54.904 - Current directory is: C:\Windows\system32
4620: 09:00:54.904 - Changing current directory to: E:\PhotonServer\Photon-OnPremise-Server-SDK_v4-0-29-11263\deploy\bin_Win64
4620: 09:00:54.904 - Config File: E:\PhotonServer\Photon-OnPremise-Server-SDK_v4-0-29-11263\deploy\bin_Win64\PhotonServer.config
4620: 09:00:54.904 - Will NOT log unimportant exceptions
4620: 09:00:55.590 - Not using performance counters as they are not currently installed. Run the service with /InstallCounters to install them.
4620: 09:00:55.590 - Shutdown timeout enabled: 30000ms
4620: 09:00:55.652 - Starting I/O thread pool with 2 threads
4620: 09:00:55.668 - Using Standard allocator
4620: 09:00:55.668 - Max message size: 512000
4620: 09:00:55.715 - Starting business logic thread pool with the following settings
4620: 09:00:55.715 - InitialThreads: 4 threads
4620: 09:00:55.715 - MinThreads: 4 threads
4620: 09:00:55.715 - Thread pool is fixed size
4620: 09:00:55.715 - Starting ENet thread pool with the following settings
4620: 09:00:55.715 - InitialThreads: 2 threads
4620: 09:00:55.715 - MinThreads: 2 threads
4620: 09:00:55.715 - Thread pool is fixed size
4620: 09:00:55.715 - OnlyDispatchTimers: False
4620: 09:00:55.715 - S2S: flow control: Max pending writes: 50
4620: 09:00:55.715 - S2S: flow control: Max queued buffers: 200
4620: 09:00:55.715 - S2S: flow control: Max pending writes MUX: 500
4620: 09:00:55.715 - S2S: flow control: Max queued buffers MUX: 2000
4620: 09:00:55.715 - S2S: MaxInboundMessageSize: 512000
4620: 09:00:55.715 - S2S: MaxOutboundMessageSize: 512000
4620: 09:00:55.715 - S2S: No inactivity timeout
4620: 09:00:55.808 - WebSocket S2S: MaxInboundMessageSize: 512000
4620: 09:00:55.808 - WebSocket S2S: MaxOutboundMessageSize: 512000
4620: 09:00:55.808 - WebSocket S2S: No inactivity timeout
4620: 09:00:55.840 - Max Reliable Data In Transit (awaiting ACKs) per peer : 51200 bytes
4620: 09:00:55.840 - Per peer bandwidth limit
4620: 09:00:55.840 - Transmit Rate Limit: 256 KB/Sec
4620: 09:00:55.840 - Limit period: 200ms
4620: 09:00:55.840 - Limit per period: 52428 bytes
4620: 09:00:55.840 - Max queued data for transmission per peer: 512000 bytes
4620: 09:00:55.840 - Minimum retransmit timeout: 200
4620: 09:00:55.840 - No Maximum retransmit timeout
4620: 09:00:55.840 - Minimum ENet timeout: 5000ms
4620: 09:00:55.840 - Maximum ENet timeout: 30000ms
4620: 09:00:55.840 - Max Inbound Reliable Data Queued (awaiting resends of earlier sequence numbers) per peer : 163840 bytes
4620: 09:00:55.840 - No RTT ACK adjustment timeout
4620: 09:00:55.840 - Outbound ENet: MaxInboundMessageSize: 512000
4620: 09:00:55.840 - Outbound ENet: MaxOutboundMessageSize: 512000
4620: 09:00:55.933 - GetRuntime - About to load CLR - versions available:
4620: 09:00:55.933 - v2.0.50727
4620: 09:00:55.933 - v4.0.30319
4620: 09:00:55.933 - Configuration requests: "v2.0.50727"
4620: 09:00:55.933 - About to load version: "v2.0.50727"
4620: 09:00:56.276 - About to load runtime: PhotonHostRuntime.PhotonDomainManager from PhotonHostRuntime, Culture=neutral, PublicKeyToken=02C301B61B060C4D
4620: 09:00:56.276 - CLRBaseDirectory set to "E:\PhotonServer\Photon-OnPremise-Server-SDK_v4-0-29-11263\deploy"
4620: 09:00:56.276 - Optimising event broadcast for 20 or more peers
4620: 09:00:56.401 - Start: About to load CLR - versions available:
4620: 09:00:56.401 - v2.0.50727
4620: 09:00:56.401 - v4.0.30319
4620: 09:00:56.401 - No preference in configuration file, will load latest.
4620: 09:00:56.401 - About to load version: "v4.0.30319"
4620: 09:00:56.401 - Loaded version: "v4.0.30319"
4620: 09:00:57.836 - Photon host runtime loaded
4620: 09:01:23.093 - LICENSE: No license file was found. Starting with Bootstrap License.
4620: 09:01:23.093 - License is valid.
4620: 09:01:23.093 - Licensed for 20 concurrent connections.
4620: 09:01:23.093 - ENet: Max Reliable Data In Transit (awaiting ACKs) per peer : 51200 bytes
4620: 09:01:23.093 - ENet: Per peer bandwidth limit
4620: 09:01:23.093 - ENet: Transmit Rate Limit: 256 KB/Sec
4620: 09:01:23.093 - ENet: Limit period: 200ms
4620: 09:01:23.093 - ENet: Limit per period: 52428 bytes
4620: 09:01:23.093 - ENet: Max queued data for transmission per peer: 512000 bytes
4620: 09:01:23.093 - ENet: Minimum retransmit timeout: 200
4620: 09:01:23.093 - No Maximum retransmit timeout
4620: 09:01:23.093 - ENet: Minimum timeout: 5000ms
4620: 09:01:23.093 - ENet: Maximum timeout: 30000ms
4620: 09:01:23.093 - ENet: Max Inbound Reliable Data Queued (awaiting resends of earlier sequence numbers) per peer : 163840 bytes
4620: 09:01:23.093 - No RTT ACK adjustment timeout
4620: 09:01:23.093 - About to load application: MMoDemo from Photon.MmoDemo.Server
4620: 09:01:23.093 - Auto restart is enabled for application, existing connections will be terminated during restart
4620: 09:01:23.093 - Application will restart 1000ms after the last change detected
4620: 09:01:23.093 - Application will restart if files matching the following are changed: "dll;config"
4620: 09:01:23.093 - Application will NOT restart if files matching the following are changed: "log4net.config"
4620: 09:01:23.389 - CService::OnException() - Exception: CManagedHost::CreateApplicationInNewAppDomain() - Failed to create new application domain for : "MMoDemo" - Can't find Photon.MmoDemo.Server.dll in  or E:\PhotonServer\Photon-OnPremise-Server-SDK_v4-0-29-11263\deploy\MmoDemo\bin
4620: 09:01:23.389 - Server shutting down...
4620: 09:01:23.389 - Shutdown monitoring enabled, 30000ms before process abort
4620: 09:01:23.389 - Notifying CLR applications of shutdown...
4620: 09:01:23.389 - RequestStop: defalt app domain
4620: 09:01:23.389 - Shutting down WebSocket Outbound Connection Manager...
4620: 09:01:23.405 - Shutting down TCP Outbound Connection Manager...
4620: 09:01:23.405 - Shutting down ENet Outbound Connection Manager...
4620: 09:01:23.405 - Disconnecting all outbound peers...
4620: 09:01:23.405 - Shutting down ENet host...
4620: 09:01:23.405 - Disconnecting all peers...
4620: 09:01:23.405 - Shutting down socket servers...
4620: 09:01:23.405 - Shutting down ENet thread pool...
4620: 09:01:23.405 - Shutting down TCP inactivity timers...
4620: 09:01:23.405 - Shutting down CLR applications...
4620: 09:01:23.405 - Shutting down business logic thread pool...
4620: 09:01:23.405 - Shutting down I/O thread pool...
4620: 09:01:23.405 - Destroying servers
4620: 09:01:23.405 - Destroying WebSocket Outbound Connection Manager
4620: 09:01:23.405 - Destroying TCP Outbound Connection Manager
4620: 09:01:23.405 - Destroying TCP inactivity timer
4620: 09:01:23.405 - Destroying ENet timer wheel
4620: 09:01:23.405 - Destroying ENet host
4620: 09:01:23.405 - Destroying ENet outbound host
4620: 09:01:23.405 - Destroying HTTP inactivity timer
4620: 09:01:23.405 - Destroying HTTP host
4620: 09:01:23.405 - Destroying HTTP Chunk host
4620: 09:01:23.405 - Flushing ENET buffer allocator...
4620: 09:01:23.405 - Flushing TCP buffer handle allocator...
4620: 09:01:23.405 - Flushing stream socket allocator...
4620: 09:01:23.405 - Flushing inbound datagram socket allocator...
4620: 09:01:23.405 - Flushing outbound datagram socket allocator...
4620: 09:01:23.405 - Destroying CLR dispatcher
4620: 09:01:23.405 - Destroying CLR applications
4620: 09:01:23.421 - ~CCLRApplicationCollection() - Waiting up to 10 seconds for the CLR to release all of our objects
4620: 09:01:23.421 - ~CCLRApplicationCollection() - Done. All objects released
4620: 09:01:23.421 - ~CManagedHost() - Release default app domain
4620: 09:01:23.421 - CManagedHost::OnDomainUnload() - 1
4620: 09:01:23.421 - ~CManagedHost() - Waiting up to 10 seconds for CLR shutdown...
4620: 09:01:23.421 - ~CManagedHost
4620: 09:01:23.421 - Destroying ENet thread pool
4620: 09:01:23.421 - Destroying Business logic thread pool
4620: 09:01:23.421 - Destroying I/O thread pool
4620: 09:01:23.421 - Destroying ENet buffer allocator
4620: 09:01:23.421 - Destroying TCP buffer allocator
4620: 09:01:23.421 - Destroying TCP socket allocator
4620: 09:01:23.421 - Destroying ENet inbound socket allocator
4620: 09:01:23.421 - Destroying ENet outbound socket allocator
4620: 09:01:23.421 - Destroying shared datagram flow control data
4620: 09:01:23.421 - Shutdown complete...
4240: 09:02:25.337 - Service shutting down
4240: 09:02:25.337 - Service shut down complete
