3156: 09:01:41.280 - ---
3156: 09:01:41.280 - Service: "Photon Socket Server" starting
3156: 09:01:41.280 - Config File: E:\PhotonServer\Photon-OnPremise-Server-SDK_v4-0-29-11263\deploy\bin_Win64\PhotonServer.config
3156: 09:01:41.280 - Will produce at most: 10 crash dumps
3156: 09:01:41.280 - Action: run as service
2696: 09:01:41.280 - Server Starting...
2696: 09:01:41.280 -    Tick count: 52104 (wraps in: 49.7097 days)
2696: 09:01:41.280 - Tick count 64: 52104
2696: 09:01:41.280 - Photon Version: 4.0.28.2962
2696: 09:01:41.280 - PID: 3648
2696: 09:01:41.280 - Current directory is: C:\Windows\system32
2696: 09:01:41.280 - Changing current directory to: E:\PhotonServer\Photon-OnPremise-Server-SDK_v4-0-29-11263\deploy\bin_Win64
2696: 09:01:41.280 - Config File: E:\PhotonServer\Photon-OnPremise-Server-SDK_v4-0-29-11263\deploy\bin_Win64\PhotonServer.config
2696: 09:01:41.280 - Will NOT log unimportant exceptions
2696: 09:01:41.450 - Not using performance counters as they are not currently installed. Run the service with /InstallCounters to install them.
2696: 09:01:41.450 - Shutdown timeout enabled: 30000ms
2696: 09:01:41.460 - Starting I/O thread pool with 2 threads
2696: 09:01:41.460 - Using Standard allocator
2696: 09:01:41.460 - Max message size: 512000
2696: 09:01:41.460 - Starting business logic thread pool with the following settings
2696: 09:01:41.460 - InitialThreads: 4 threads
2696: 09:01:41.460 - MinThreads: 4 threads
2696: 09:01:41.460 - Thread pool is fixed size
2696: 09:01:41.470 - Starting ENet thread pool with the following settings
2696: 09:01:41.470 - InitialThreads: 2 threads
2696: 09:01:41.470 - MinThreads: 2 threads
2696: 09:01:41.470 - Thread pool is fixed size
2696: 09:01:41.470 - OnlyDispatchTimers: False
2696: 09:01:41.470 - S2S: flow control: Max pending writes: 50
2696: 09:01:41.470 - S2S: flow control: Max queued buffers: 200
2696: 09:01:41.470 - S2S: flow control: Max pending writes MUX: 500
2696: 09:01:41.470 - S2S: flow control: Max queued buffers MUX: 2000
2696: 09:01:41.470 - S2S: MaxInboundMessageSize: 512000
2696: 09:01:41.470 - S2S: MaxOutboundMessageSize: 512000
2696: 09:01:41.470 - S2S: No inactivity timeout
2696: 09:01:41.520 - WebSocket S2S: MaxInboundMessageSize: 512000
2696: 09:01:41.520 - WebSocket S2S: MaxOutboundMessageSize: 512000
2696: 09:01:41.520 - WebSocket S2S: No inactivity timeout
2696: 09:01:41.520 - Max Reliable Data In Transit (awaiting ACKs) per peer : 51200 bytes
2696: 09:01:41.520 - Per peer bandwidth limit
2696: 09:01:41.520 - Transmit Rate Limit: 256 KB/Sec
2696: 09:01:41.520 - Limit period: 200ms
2696: 09:01:41.520 - Limit per period: 52428 bytes
2696: 09:01:41.520 - Max queued data for transmission per peer: 512000 bytes
2696: 09:01:41.520 - Minimum retransmit timeout: 200
2696: 09:01:41.520 - No Maximum retransmit timeout
2696: 09:01:41.520 - Minimum ENet timeout: 5000ms
2696: 09:01:41.520 - Maximum ENet timeout: 30000ms
2696: 09:01:41.520 - Max Inbound Reliable Data Queued (awaiting resends of earlier sequence numbers) per peer : 163840 bytes
2696: 09:01:41.520 - No RTT ACK adjustment timeout
2696: 09:01:41.520 - Outbound ENet: MaxInboundMessageSize: 512000
2696: 09:01:41.520 - Outbound ENet: MaxOutboundMessageSize: 512000
2696: 09:01:44.793 - GetRuntime - About to load CLR - versions available:
2696: 09:01:44.793 - v2.0.50727
2696: 09:01:44.793 - v4.0.30319
2696: 09:01:44.793 - Configuration requests: "v2.0.50727"
2696: 09:01:44.793 - About to load version: "v2.0.50727"
2696: 09:01:45.324 - About to load runtime: PhotonHostRuntime.PhotonDomainManager from PhotonHostRuntime, Culture=neutral, PublicKeyToken=02C301B61B060C4D
2696: 09:01:45.324 - CLRBaseDirectory set to "E:\PhotonServer\Photon-OnPremise-Server-SDK_v4-0-29-11263\deploy"
2696: 09:01:45.324 - Optimising event broadcast for 20 or more peers
2696: 09:01:45.885 - Start: About to load CLR - versions available:
2696: 09:01:45.885 - v2.0.50727
2696: 09:01:45.885 - v4.0.30319
2696: 09:01:45.885 - No preference in configuration file, will load latest.
2696: 09:01:45.885 - About to load version: "v4.0.30319"
2696: 09:01:45.885 - Loaded version: "v4.0.30319"
2696: 09:01:48.334 - Photon host runtime loaded
2696: 09:01:54.871 - LICENSE: No license file was found. Starting with Bootstrap License.
2696: 09:01:54.871 - License is valid.
2696: 09:01:54.871 - Licensed for 20 concurrent connections.
2696: 09:01:54.871 - ENet: Max Reliable Data In Transit (awaiting ACKs) per peer : 51200 bytes
2696: 09:01:54.871 - ENet: Per peer bandwidth limit
2696: 09:01:54.871 - ENet: Transmit Rate Limit: 256 KB/Sec
2696: 09:01:54.871 - ENet: Limit period: 200ms
2696: 09:01:54.871 - ENet: Limit per period: 52428 bytes
2696: 09:01:54.871 - ENet: Max queued data for transmission per peer: 512000 bytes
2696: 09:01:54.871 - ENet: Minimum retransmit timeout: 200
2696: 09:01:54.871 - No Maximum retransmit timeout
2696: 09:01:54.871 - ENet: Minimum timeout: 5000ms
2696: 09:01:54.871 - ENet: Maximum timeout: 30000ms
2696: 09:01:54.871 - ENet: Max Inbound Reliable Data Queued (awaiting resends of earlier sequence numbers) per peer : 163840 bytes
2696: 09:01:54.871 - No RTT ACK adjustment timeout
2696: 09:01:54.871 - About to load application: MMoDemo from Photon.MmoDemo.Server
2696: 09:01:54.871 - Auto restart is enabled for application, existing connections will be terminated during restart
2696: 09:01:54.871 - Application will restart 1000ms after the last change detected
2696: 09:01:54.871 - Application will restart if files matching the following are changed: "dll;config"
2696: 09:01:54.871 - Application will NOT restart if files matching the following are changed: "log4net.config"
2696: 09:01:55.354 - CService::OnException() - Exception: CManagedHost::CreateApplicationInNewAppDomain() - Failed to create new application domain for : "MMoDemo" - Can't find Photon.MmoDemo.Server.dll in  or E:\PhotonServer\Photon-OnPremise-Server-SDK_v4-0-29-11263\deploy\MmoDemo\bin
2696: 09:01:55.354 - Server shutting down...
2696: 09:01:55.354 - Shutdown monitoring enabled, 30000ms before process abort
2696: 09:01:55.354 - Notifying CLR applications of shutdown...
2696: 09:01:55.354 - RequestStop: defalt app domain
2696: 09:01:55.370 - Shutting down WebSocket Outbound Connection Manager...
2696: 09:01:55.401 - Shutting down TCP Outbound Connection Manager...
2696: 09:01:55.401 - Shutting down ENet Outbound Connection Manager...
2696: 09:01:55.432 - Disconnecting all outbound peers...
2696: 09:01:55.432 - Shutting down ENet host...
2696: 09:01:55.432 - Disconnecting all peers...
2696: 09:01:55.432 - Shutting down socket servers...
2696: 09:01:55.432 - Shutting down ENet thread pool...
2696: 09:01:55.432 - Shutting down TCP inactivity timers...
2696: 09:01:55.432 - Shutting down CLR applications...
2696: 09:01:55.432 - Shutting down business logic thread pool...
2696: 09:01:55.432 - Shutting down I/O thread pool...
2696: 09:01:55.432 - Destroying servers
2696: 09:01:55.432 - Destroying WebSocket Outbound Connection Manager
2696: 09:01:55.432 - Destroying TCP Outbound Connection Manager
2696: 09:01:55.448 - Destroying TCP inactivity timer
2696: 09:01:55.448 - Destroying ENet timer wheel
2696: 09:01:55.448 - Destroying ENet host
2696: 09:01:55.448 - Destroying ENet outbound host
2696: 09:01:55.448 - Destroying HTTP inactivity timer
2696: 09:01:55.448 - Destroying HTTP host
2696: 09:01:55.448 - Destroying HTTP Chunk host
2696: 09:01:55.448 - Flushing ENET buffer allocator...
2696: 09:01:55.448 - Flushing TCP buffer handle allocator...
2696: 09:01:55.448 - Flushing stream socket allocator...
2696: 09:01:55.448 - Flushing inbound datagram socket allocator...
2696: 09:01:55.448 - Flushing outbound datagram socket allocator...
2696: 09:01:55.448 - Destroying CLR dispatcher
2696: 09:01:55.448 - Destroying CLR applications
2696: 09:01:55.479 - ~CCLRApplicationCollection() - Waiting up to 10 seconds for the CLR to release all of our objects
2696: 09:01:55.479 - ~CCLRApplicationCollection() - Done. All objects released
2696: 09:01:55.479 - ~CManagedHost() - Release default app domain
2696: 09:01:55.479 - CManagedHost::OnDomainUnload() - 1
2696: 09:01:55.479 - ~CManagedHost() - Waiting up to 10 seconds for CLR shutdown...
2696: 09:01:55.479 - ~CManagedHost
2696: 09:01:55.479 - Destroying ENet thread pool
2696: 09:01:55.479 - Destroying Business logic thread pool
2696: 09:01:55.479 - Destroying I/O thread pool
2696: 09:01:55.479 - Destroying ENet buffer allocator
2696: 09:01:55.479 - Destroying TCP buffer allocator
2696: 09:01:55.479 - Destroying TCP socket allocator
2696: 09:01:55.479 - Destroying ENet inbound socket allocator
2696: 09:01:55.479 - Destroying ENet outbound socket allocator
2696: 09:01:55.479 - Destroying shared datagram flow control data
2696: 09:01:55.479 - Shutdown complete...
3156: 09:02:19.924 - Service shutting down
3156: 09:02:19.924 - Service shut down complete
