3496: 09:02:31.976 - ---
3496: 09:02:31.976 - Service: "Photon Socket Server" starting
3496: 09:02:31.976 - Config File: E:\PhotonServer\Photon-OnPremise-Server-SDK_v4-0-29-11263\deploy\bin_Win64\PhotonServer.config
3496: 09:02:31.976 - Will produce at most: 10 crash dumps
3496: 09:02:31.976 - Action: run as service
3856: 09:02:31.976 - Server Starting...
3856: 09:02:31.976 -    Tick count: 54803 (wraps in: 49.7096 days)
3856: 09:02:31.976 - Tick count 64: 54803
3856: 09:02:31.976 - Photon Version: 4.0.28.2962
3856: 09:02:31.976 - PID: 3952
3856: 09:02:31.976 - Current directory is: C:\Windows\system32
3856: 09:02:31.976 - Changing current directory to: E:\PhotonServer\Photon-OnPremise-Server-SDK_v4-0-29-11263\deploy\bin_Win64
3856: 09:02:31.976 - Config File: E:\PhotonServer\Photon-OnPremise-Server-SDK_v4-0-29-11263\deploy\bin_Win64\PhotonServer.config
3856: 09:02:31.976 - Will NOT log unimportant exceptions
3856: 09:02:32.022 - Not using performance counters as they are not currently installed. Run the service with /InstallCounters to install them.
3856: 09:02:32.022 - Shutdown timeout enabled: 30000ms
3856: 09:02:32.022 - Starting I/O thread pool with 2 threads
3856: 09:02:32.022 - Using Standard allocator
3856: 09:02:32.022 - Max message size: 512000
3856: 09:02:32.022 - Starting business logic thread pool with the following settings
3856: 09:02:32.022 - InitialThreads: 4 threads
3856: 09:02:32.022 - MinThreads: 4 threads
3856: 09:02:32.022 - Thread pool is fixed size
3856: 09:02:32.022 - Starting ENet thread pool with the following settings
3856: 09:02:32.022 - InitialThreads: 2 threads
3856: 09:02:32.022 - MinThreads: 2 threads
3856: 09:02:32.022 - Thread pool is fixed size
3856: 09:02:32.022 - OnlyDispatchTimers: False
3856: 09:02:32.100 - S2S: flow control: Max pending writes: 50
3856: 09:02:32.100 - S2S: flow control: Max queued buffers: 200
3856: 09:02:32.100 - S2S: flow control: Max pending writes MUX: 500
3856: 09:02:32.100 - S2S: flow control: Max queued buffers MUX: 2000
3856: 09:02:32.100 - S2S: MaxInboundMessageSize: 512000
3856: 09:02:32.100 - S2S: MaxOutboundMessageSize: 512000
3856: 09:02:32.100 - S2S: No inactivity timeout
3856: 09:02:32.116 - WebSocket S2S: MaxInboundMessageSize: 512000
3856: 09:02:32.116 - WebSocket S2S: MaxOutboundMessageSize: 512000
3856: 09:02:32.116 - WebSocket S2S: No inactivity timeout
3856: 09:02:32.116 - Max Reliable Data In Transit (awaiting ACKs) per peer : 51200 bytes
3856: 09:02:32.116 - Per peer bandwidth limit
3856: 09:02:32.116 - Transmit Rate Limit: 256 KB/Sec
3856: 09:02:32.116 - Limit period: 200ms
3856: 09:02:32.116 - Limit per period: 52428 bytes
3856: 09:02:32.116 - Max queued data for transmission per peer: 512000 bytes
3856: 09:02:32.116 - Minimum retransmit timeout: 200
3856: 09:02:32.116 - No Maximum retransmit timeout
3856: 09:02:32.116 - Minimum ENet timeout: 5000ms
3856: 09:02:32.116 - Maximum ENet timeout: 30000ms
3856: 09:02:32.116 - Max Inbound Reliable Data Queued (awaiting resends of earlier sequence numbers) per peer : 163840 bytes
3856: 09:02:32.116 - No RTT ACK adjustment timeout
3856: 09:02:32.116 - Outbound ENet: MaxInboundMessageSize: 512000
3856: 09:02:32.116 - Outbound ENet: MaxOutboundMessageSize: 512000
3856: 09:02:46.390 - GetRuntime - About to load CLR - versions available:
3856: 09:02:46.390 - v2.0.50727
3856: 09:02:46.390 - v4.0.30319
3856: 09:02:46.390 - Configuration requests: "v2.0.50727"
3856: 09:02:46.390 - About to load version: "v2.0.50727"
3856: 09:02:46.530 - About to load runtime: PhotonHostRuntime.PhotonDomainManager from PhotonHostRuntime, Culture=neutral, PublicKeyToken=02C301B61B060C4D
3856: 09:02:46.530 - CLRBaseDirectory set to "E:\PhotonServer\Photon-OnPremise-Server-SDK_v4-0-29-11263\deploy"
3856: 09:02:46.530 - Optimising event broadcast for 20 or more peers
3856: 09:02:46.562 - Start: About to load CLR - versions available:
3856: 09:02:46.562 - v2.0.50727
3856: 09:02:46.562 - v4.0.30319
3856: 09:02:46.562 - No preference in configuration file, will load latest.
3856: 09:02:46.562 - About to load version: "v4.0.30319"
3856: 09:03:00.524 - Loaded version: "v4.0.30319"
3856: 09:03:27.714 - Photon host runtime loaded
3856: 09:03:34.781 - LICENSE: No license file was found. Starting with Bootstrap License.
3856: 09:03:34.797 - License is valid.
3856: 09:03:34.797 - Licensed for 20 concurrent connections.
3856: 09:03:34.797 - ENet: Max Reliable Data In Transit (awaiting ACKs) per peer : 51200 bytes
3856: 09:03:34.797 - ENet: Per peer bandwidth limit
3856: 09:03:34.797 - ENet: Transmit Rate Limit: 256 KB/Sec
3856: 09:03:34.797 - ENet: Limit period: 200ms
3856: 09:03:34.797 - ENet: Limit per period: 52428 bytes
3856: 09:03:34.797 - ENet: Max queued data for transmission per peer: 512000 bytes
3856: 09:03:34.797 - ENet: Minimum retransmit timeout: 200
3856: 09:03:34.797 - No Maximum retransmit timeout
3856: 09:03:34.797 - ENet: Minimum timeout: 5000ms
3856: 09:03:34.797 - ENet: Maximum timeout: 30000ms
3856: 09:03:34.797 - ENet: Max Inbound Reliable Data Queued (awaiting resends of earlier sequence numbers) per peer : 163840 bytes
3856: 09:03:34.797 - No RTT ACK adjustment timeout
3856: 09:03:34.797 - About to load application: MMoDemo from Photon.MmoDemo.Server
3856: 09:03:34.797 - Auto restart is enabled for application, existing connections will be terminated during restart
3856: 09:03:34.797 - Application will restart 1000ms after the last change detected
3856: 09:03:34.797 - Application will restart if files matching the following are changed: "dll;config"
3856: 09:03:34.797 - Application will NOT restart if files matching the following are changed: "log4net.config"
3856: 09:03:35.515 - CService::OnException() - Exception: CManagedHost::CreateApplicationInNewAppDomain() - Failed to create new application domain for : "MMoDemo" - Can't find Photon.MmoDemo.Server.dll in  or E:\PhotonServer\Photon-OnPremise-Server-SDK_v4-0-29-11263\deploy\MmoDemo\bin
3856: 09:03:35.515 - Server shutting down...
3856: 09:03:35.515 - Shutdown monitoring enabled, 30000ms before process abort
3856: 09:03:35.515 - Notifying CLR applications of shutdown...
3856: 09:03:35.515 - RequestStop: defalt app domain
3856: 09:03:35.515 - Shutting down WebSocket Outbound Connection Manager...
3856: 09:03:35.873 - Shutting down TCP Outbound Connection Manager...
3856: 09:03:35.967 - Shutting down ENet Outbound Connection Manager...
3856: 09:03:35.967 - Disconnecting all outbound peers...
3856: 09:03:36.357 - Shutting down ENet host...
3856: 09:03:36.357 - Disconnecting all peers...
3856: 09:03:36.357 - Shutting down socket servers...
3856: 09:03:36.373 - Shutting down ENet thread pool...
3856: 09:03:36.373 - Shutting down TCP inactivity timers...
3856: 09:03:36.373 - Shutting down CLR applications...
3856: 09:03:36.373 - Shutting down business logic thread pool...
3856: 09:03:36.373 - Shutting down I/O thread pool...
3856: 09:03:36.373 - Destroying servers
3856: 09:03:36.373 - Destroying WebSocket Outbound Connection Manager
3856: 09:03:36.373 - Destroying TCP Outbound Connection Manager
3856: 09:03:36.373 - Destroying TCP inactivity timer
3856: 09:03:36.373 - Destroying ENet timer wheel
3856: 09:03:36.373 - Destroying ENet host
3856: 09:03:36.373 - Destroying ENet outbound host
3856: 09:03:36.373 - Destroying HTTP inactivity timer
3856: 09:03:36.373 - Destroying HTTP host
3856: 09:03:36.373 - Destroying HTTP Chunk host
3856: 09:03:36.373 - Flushing ENET buffer allocator...
3856: 09:03:36.373 - Flushing TCP buffer handle allocator...
3856: 09:03:36.373 - Flushing stream socket allocator...
3856: 09:03:36.373 - Flushing inbound datagram socket allocator...
3856: 09:03:36.373 - Flushing outbound datagram socket allocator...
3856: 09:03:36.373 - Destroying CLR dispatcher
3856: 09:03:36.373 - Destroying CLR applications
3856: 09:03:36.404 - ~CCLRApplicationCollection() - Waiting up to 10 seconds for the CLR to release all of our objects
3856: 09:03:36.404 - ~CCLRApplicationCollection() - Done. All objects released
3856: 09:03:36.404 - ~CManagedHost() - Release default app domain
3856: 09:03:36.404 - CManagedHost::OnDomainUnload() - 1
3856: 09:03:36.404 - ~CManagedHost() - Waiting up to 10 seconds for CLR shutdown...
3856: 09:03:36.591 - ~CManagedHost
3856: 09:03:36.591 - Destroying ENet thread pool
3856: 09:03:36.591 - Destroying Business logic thread pool
3856: 09:03:36.591 - Destroying I/O thread pool
3856: 09:03:36.591 - Destroying ENet buffer allocator
3856: 09:03:36.591 - Destroying TCP buffer allocator
3856: 09:03:36.591 - Destroying TCP socket allocator
3856: 09:03:36.591 - Destroying ENet inbound socket allocator
3856: 09:03:36.591 - Destroying ENet outbound socket allocator
3856: 09:03:36.591 - Destroying shared datagram flow control data
3856: 09:03:36.607 - Shutdown complete...
3496: 09:03:36.825 - Service shutting down
3496: 09:03:36.841 - Service shut down complete
