3416: 09:05:50.138 - ---
3416: 09:05:50.138 - Service: "Photon Socket Server" starting
3416: 09:05:50.148 - Config File: E:\PhotonServer\Photon-OnPremise-Server-SDK_v4-0-29-11263\deploy\bin_Win64\PhotonServer.config
3416: 09:05:50.188 - Will produce at most: 10 crash dumps
3416: 09:05:50.188 - Action: run as service
3056: 09:05:50.188 - Server Starting...
3056: 09:05:50.188 -    Tick count: 45895 (wraps in: 49.7097 days)
3056: 09:05:50.188 - Tick count 64: 45895
3056: 09:05:50.188 - Photon Version: 4.0.28.2962
3056: 09:05:50.188 - PID: 3276
3056: 09:05:50.188 - Current directory is: C:\Windows\system32
3056: 09:05:50.188 - Changing current directory to: E:\PhotonServer\Photon-OnPremise-Server-SDK_v4-0-29-11263\deploy\bin_Win64
3056: 09:05:50.188 - Config File: E:\PhotonServer\Photon-OnPremise-Server-SDK_v4-0-29-11263\deploy\bin_Win64\PhotonServer.config
3056: 09:05:50.188 - Will NOT log unimportant exceptions
3056: 09:05:54.194 - Not using performance counters as they are not currently installed. Run the service with /InstallCounters to install them.
3056: 09:05:54.194 - Shutdown timeout enabled: 30000ms
3056: 09:05:54.225 - Starting I/O thread pool with 2 threads
3056: 09:05:54.225 - Using Standard allocator
3056: 09:05:54.225 - Max message size: 512000
3056: 09:05:54.225 - Starting business logic thread pool with the following settings
3056: 09:05:54.225 - InitialThreads: 4 threads
3056: 09:05:54.225 - MinThreads: 4 threads
3056: 09:05:54.225 - Thread pool is fixed size
3056: 09:05:54.225 - Starting ENet thread pool with the following settings
3056: 09:05:54.225 - InitialThreads: 2 threads
3056: 09:05:54.225 - MinThreads: 2 threads
3056: 09:05:54.225 - Thread pool is fixed size
3056: 09:05:54.225 - OnlyDispatchTimers: False
3056: 09:05:54.319 - S2S: flow control: Max pending writes: 50
3056: 09:05:54.319 - S2S: flow control: Max queued buffers: 200
3056: 09:05:54.319 - S2S: flow control: Max pending writes MUX: 500
3056: 09:05:54.319 - S2S: flow control: Max queued buffers MUX: 2000
3056: 09:05:54.319 - S2S: MaxInboundMessageSize: 512000
3056: 09:05:54.319 - S2S: MaxOutboundMessageSize: 512000
3056: 09:05:54.319 - S2S: No inactivity timeout
3056: 09:05:54.849 - WebSocket S2S: MaxInboundMessageSize: 512000
3056: 09:05:54.849 - WebSocket S2S: MaxOutboundMessageSize: 512000
3056: 09:05:54.849 - WebSocket S2S: No inactivity timeout
3056: 09:05:54.974 - Max Reliable Data In Transit (awaiting ACKs) per peer : 51200 bytes
3056: 09:05:54.974 - Per peer bandwidth limit
3056: 09:05:54.974 - Transmit Rate Limit: 256 KB/Sec
3056: 09:05:54.974 - Limit period: 200ms
3056: 09:05:54.974 - Limit per period: 52428 bytes
3056: 09:05:54.974 - Max queued data for transmission per peer: 512000 bytes
3056: 09:05:54.974 - Minimum retransmit timeout: 200
3056: 09:05:54.974 - No Maximum retransmit timeout
3056: 09:05:54.974 - Minimum ENet timeout: 5000ms
3056: 09:05:54.974 - Maximum ENet timeout: 30000ms
3056: 09:05:54.974 - Max Inbound Reliable Data Queued (awaiting resends of earlier sequence numbers) per peer : 163840 bytes
3056: 09:05:54.974 - No RTT ACK adjustment timeout
3056: 09:05:54.974 - Outbound ENet: MaxInboundMessageSize: 512000
3056: 09:05:54.974 - Outbound ENet: MaxOutboundMessageSize: 512000
3056: 09:05:55.676 - GetRuntime - About to load CLR - versions available:
3056: 09:05:55.676 - v2.0.50727
3056: 09:05:55.676 - v4.0.30319
3056: 09:05:55.676 - Configuration requests: "v2.0.50727"
3056: 09:05:55.676 - About to load version: "v2.0.50727"
3056: 09:05:56.081 - About to load runtime: PhotonHostRuntime.PhotonDomainManager from PhotonHostRuntime, Culture=neutral, PublicKeyToken=02C301B61B060C4D
3056: 09:05:56.081 - CLRBaseDirectory set to "E:\PhotonServer\Photon-OnPremise-Server-SDK_v4-0-29-11263\deploy"
3056: 09:05:56.081 - Optimising event broadcast for 20 or more peers
3056: 09:05:56.144 - Start: About to load CLR - versions available:
3056: 09:05:56.144 - v2.0.50727
3056: 09:05:56.144 - v4.0.30319
3056: 09:05:56.144 - No preference in configuration file, will load latest.
3056: 09:05:56.144 - About to load version: "v4.0.30319"
3056: 09:05:56.144 - Loaded version: "v4.0.30319"
3056: 09:06:00.137 - Photon host runtime loaded
3056: 09:06:06.034 - LICENSE: No license file was found. Starting with Bootstrap License.
3056: 09:06:06.034 - License is valid.
3056: 09:06:06.034 - Licensed for 20 concurrent connections.
3056: 09:06:06.034 - ENet: Max Reliable Data In Transit (awaiting ACKs) per peer : 51200 bytes
3056: 09:06:06.034 - ENet: Per peer bandwidth limit
3056: 09:06:06.034 - ENet: Transmit Rate Limit: 256 KB/Sec
3056: 09:06:06.034 - ENet: Limit period: 200ms
3056: 09:06:06.034 - ENet: Limit per period: 52428 bytes
3056: 09:06:06.034 - ENet: Max queued data for transmission per peer: 512000 bytes
3056: 09:06:06.034 - ENet: Minimum retransmit timeout: 200
3056: 09:06:06.034 - No Maximum retransmit timeout
3056: 09:06:06.034 - ENet: Minimum timeout: 5000ms
3056: 09:06:06.034 - ENet: Maximum timeout: 30000ms
3056: 09:06:06.034 - ENet: Max Inbound Reliable Data Queued (awaiting resends of earlier sequence numbers) per peer : 163840 bytes
3056: 09:06:06.034 - No RTT ACK adjustment timeout
3056: 09:06:06.034 - About to load application: MMoDemo from Photon.MmoDemo.Server
3056: 09:06:06.034 - Auto restart is enabled for application, existing connections will be terminated during restart
3056: 09:06:06.034 - Application will restart 1000ms after the last change detected
3056: 09:06:06.034 - Application will restart if files matching the following are changed: "dll;config"
3056: 09:06:06.034 - Application will NOT restart if files matching the following are changed: "log4net.config"
3056: 09:06:06.409 - CService::OnException() - Exception: CManagedHost::CreateApplicationInNewAppDomain() - Failed to create new application domain for : "MMoDemo" - Can't find Photon.MmoDemo.Server.dll in  or E:\PhotonServer\Photon-OnPremise-Server-SDK_v4-0-29-11263\deploy\MmoDemo\bin
3056: 09:06:06.409 - Server shutting down...
3056: 09:06:06.409 - Shutdown monitoring enabled, 30000ms before process abort
3056: 09:06:06.409 - Notifying CLR applications of shutdown...
3056: 09:06:06.409 - RequestStop: defalt app domain
3056: 09:06:06.409 - Shutting down WebSocket Outbound Connection Manager...
3056: 09:06:06.518 - Shutting down TCP Outbound Connection Manager...
3056: 09:06:06.518 - Shutting down ENet Outbound Connection Manager...
3056: 09:06:06.518 - Disconnecting all outbound peers...
3056: 09:06:06.518 - Shutting down ENet host...
3056: 09:06:06.518 - Disconnecting all peers...
3056: 09:06:06.518 - Shutting down socket servers...
3056: 09:06:06.518 - Shutting down ENet thread pool...
3056: 09:06:06.518 - Shutting down TCP inactivity timers...
3056: 09:06:06.518 - Shutting down CLR applications...
3056: 09:06:06.518 - Shutting down business logic thread pool...
3056: 09:06:06.518 - Shutting down I/O thread pool...
3056: 09:06:06.518 - Destroying servers
3056: 09:06:06.518 - Destroying WebSocket Outbound Connection Manager
3056: 09:06:06.518 - Destroying TCP Outbound Connection Manager
3056: 09:06:06.518 - Destroying TCP inactivity timer
3056: 09:06:06.518 - Destroying ENet timer wheel
3056: 09:06:06.518 - Destroying ENet host
3056: 09:06:06.518 - Destroying ENet outbound host
3056: 09:06:06.518 - Destroying HTTP inactivity timer
3056: 09:06:06.518 - Destroying HTTP host
3056: 09:06:06.518 - Destroying HTTP Chunk host
3056: 09:06:06.518 - Flushing ENET buffer allocator...
3056: 09:06:06.518 - Flushing TCP buffer handle allocator...
3056: 09:06:06.518 - Flushing stream socket allocator...
3056: 09:06:06.518 - Flushing inbound datagram socket allocator...
3056: 09:06:06.518 - Flushing outbound datagram socket allocator...
3056: 09:06:06.518 - Destroying CLR dispatcher
3056: 09:06:06.518 - Destroying CLR applications
3056: 09:06:06.533 - ~CCLRApplicationCollection() - Waiting up to 10 seconds for the CLR to release all of our objects
3056: 09:06:06.533 - ~CCLRApplicationCollection() - Done. All objects released
3056: 09:06:06.533 - ~CManagedHost() - Release default app domain
3056: 09:06:06.533 - CManagedHost::OnDomainUnload() - 1
3056: 09:06:06.533 - ~CManagedHost() - Waiting up to 10 seconds for CLR shutdown...
3056: 09:06:06.533 - ~CManagedHost
3056: 09:06:06.533 - Destroying ENet thread pool
3056: 09:06:06.533 - Destroying Business logic thread pool
3056: 09:06:06.533 - Destroying I/O thread pool
3056: 09:06:06.533 - Destroying ENet buffer allocator
3056: 09:06:06.533 - Destroying TCP buffer allocator
3056: 09:06:06.533 - Destroying TCP socket allocator
3056: 09:06:06.533 - Destroying ENet inbound socket allocator
3056: 09:06:06.533 - Destroying ENet outbound socket allocator
3056: 09:06:06.533 - Destroying shared datagram flow control data
3056: 09:06:06.533 - Shutdown complete...
3416: 09:06:38.701 - Service shutting down
3416: 09:06:38.701 - Service shut down complete
