3644: 08:59:46.044 - ---
3644: 08:59:46.044 - Service: "Photon Socket Server" starting
3644: 08:59:46.044 - Config File: E:\PhotonServer\Photon-OnPremise-Server-SDK_v4-0-29-11263\deploy\bin_Win64\PhotonServer.config
3644: 08:59:46.044 - Will produce at most: 10 crash dumps
3644: 08:59:46.044 - Action: run as service
3612: 08:59:46.054 - Server Starting...
3612: 08:59:46.054 -    Tick count: 50871 (wraps in: 49.7097 days)
3612: 08:59:46.054 - Tick count 64: 50871
3612: 08:59:46.054 - Photon Version: 4.0.28.2962
3612: 08:59:46.054 - PID: 3296
3612: 08:59:46.054 - Current directory is: C:\Windows\system32
3612: 08:59:46.054 - Changing current directory to: E:\PhotonServer\Photon-OnPremise-Server-SDK_v4-0-29-11263\deploy\bin_Win64
3612: 08:59:46.054 - Config File: E:\PhotonServer\Photon-OnPremise-Server-SDK_v4-0-29-11263\deploy\bin_Win64\PhotonServer.config
3612: 08:59:46.054 - Will NOT log unimportant exceptions
3612: 08:59:46.134 - Not using performance counters as they are not currently installed. Run the service with /InstallCounters to install them.
3612: 08:59:46.134 - Shutdown timeout enabled: 30000ms
3612: 08:59:46.134 - Starting I/O thread pool with 2 threads
3612: 08:59:46.134 - Using Standard allocator
3612: 08:59:46.134 - Max message size: 512000
3612: 08:59:46.134 - Starting business logic thread pool with the following settings
3612: 08:59:46.134 - InitialThreads: 4 threads
3612: 08:59:46.134 - MinThreads: 4 threads
3612: 08:59:46.134 - Thread pool is fixed size
3612: 08:59:46.134 - Starting ENet thread pool with the following settings
3612: 08:59:46.134 - InitialThreads: 2 threads
3612: 08:59:46.134 - MinThreads: 2 threads
3612: 08:59:46.134 - Thread pool is fixed size
3612: 08:59:46.134 - OnlyDispatchTimers: False
3612: 08:59:46.144 - S2S: flow control: Max pending writes: 50
3612: 08:59:46.144 - S2S: flow control: Max queued buffers: 200
3612: 08:59:46.144 - S2S: flow control: Max pending writes MUX: 500
3612: 08:59:46.144 - S2S: flow control: Max queued buffers MUX: 2000
3612: 08:59:46.144 - S2S: MaxInboundMessageSize: 512000
3612: 08:59:46.144 - S2S: MaxOutboundMessageSize: 512000
3612: 08:59:46.144 - S2S: No inactivity timeout
3612: 08:59:46.174 - WebSocket S2S: MaxInboundMessageSize: 512000
3612: 08:59:46.174 - WebSocket S2S: MaxOutboundMessageSize: 512000
3612: 08:59:46.174 - WebSocket S2S: No inactivity timeout
3612: 08:59:46.174 - Max Reliable Data In Transit (awaiting ACKs) per peer : 51200 bytes
3612: 08:59:46.174 - Per peer bandwidth limit
3612: 08:59:46.174 - Transmit Rate Limit: 256 KB/Sec
3612: 08:59:46.174 - Limit period: 200ms
3612: 08:59:46.174 - Limit per period: 52428 bytes
3612: 08:59:46.174 - Max queued data for transmission per peer: 512000 bytes
3612: 08:59:46.174 - Minimum retransmit timeout: 200
3612: 08:59:46.174 - No Maximum retransmit timeout
3612: 08:59:46.174 - Minimum ENet timeout: 5000ms
3612: 08:59:46.174 - Maximum ENet timeout: 30000ms
3612: 08:59:46.174 - Max Inbound Reliable Data Queued (awaiting resends of earlier sequence numbers) per peer : 163840 bytes
3612: 08:59:46.174 - No RTT ACK adjustment timeout
3612: 08:59:46.174 - Outbound ENet: MaxInboundMessageSize: 512000
3612: 08:59:46.174 - Outbound ENet: MaxOutboundMessageSize: 512000
3612: 08:59:52.072 - GetRuntime - About to load CLR - versions available:
3612: 08:59:52.072 - v2.0.50727
3612: 08:59:52.072 - v4.0.30319
3612: 08:59:52.072 - Configuration requests: "v2.0.50727"
3612: 08:59:52.072 - About to load version: "v2.0.50727"
3612: 08:59:52.587 - About to load runtime: PhotonHostRuntime.PhotonDomainManager from PhotonHostRuntime, Culture=neutral, PublicKeyToken=02C301B61B060C4D
3612: 08:59:52.587 - CLRBaseDirectory set to "E:\PhotonServer\Photon-OnPremise-Server-SDK_v4-0-29-11263\deploy"
3612: 08:59:52.587 - Optimising event broadcast for 20 or more peers
3612: 08:59:52.665 - Start: About to load CLR - versions available:
3612: 08:59:52.665 - v2.0.50727
3612: 08:59:52.665 - v4.0.30319
3612: 08:59:52.665 - No preference in configuration file, will load latest.
3612: 08:59:52.665 - About to load version: "v4.0.30319"
3612: 08:59:52.665 - Loaded version: "v4.0.30319"
3612: 08:59:53.196 - Photon host runtime loaded
3612: 08:59:57.486 - LICENSE: No license file was found. Starting with Bootstrap License.
3612: 08:59:57.486 - License is valid.
3612: 08:59:57.486 - Licensed for 20 concurrent connections.
3612: 08:59:57.486 - ENet: Max Reliable Data In Transit (awaiting ACKs) per peer : 51200 bytes
3612: 08:59:57.486 - ENet: Per peer bandwidth limit
3612: 08:59:57.486 - ENet: Transmit Rate Limit: 256 KB/Sec
3612: 08:59:57.486 - ENet: Limit period: 200ms
3612: 08:59:57.486 - ENet: Limit per period: 52428 bytes
3612: 08:59:57.486 - ENet: Max queued data for transmission per peer: 512000 bytes
3612: 08:59:57.486 - ENet: Minimum retransmit timeout: 200
3612: 08:59:57.486 - No Maximum retransmit timeout
3612: 08:59:57.486 - ENet: Minimum timeout: 5000ms
3612: 08:59:57.486 - ENet: Maximum timeout: 30000ms
3612: 08:59:57.486 - ENet: Max Inbound Reliable Data Queued (awaiting resends of earlier sequence numbers) per peer : 163840 bytes
3612: 08:59:57.486 - No RTT ACK adjustment timeout
3612: 08:59:57.486 - About to load application: MMoDemo from Photon.MmoDemo.Server
3612: 08:59:57.486 - Auto restart is enabled for application, existing connections will be terminated during restart
3612: 08:59:57.486 - Application will restart 1000ms after the last change detected
3612: 08:59:57.486 - Application will restart if files matching the following are changed: "dll;config"
3612: 08:59:57.486 - Application will NOT restart if files matching the following are changed: "log4net.config"
3612: 08:59:58.562 - CService::OnException() - Exception: CManagedHost::CreateApplicationInNewAppDomain() - Failed to create new application domain for : "MMoDemo" - Can't find Photon.MmoDemo.Server.dll in  or E:\PhotonServer\Photon-OnPremise-Server-SDK_v4-0-29-11263\deploy\MmoDemo\bin
3612: 08:59:58.562 - Server shutting down...
3612: 08:59:58.562 - Shutdown monitoring enabled, 30000ms before process abort
3612: 08:59:58.562 - Notifying CLR applications of shutdown...
3612: 08:59:58.562 - RequestStop: defalt app domain
3612: 08:59:58.562 - Shutting down WebSocket Outbound Connection Manager...
3612: 08:59:58.671 - Shutting down TCP Outbound Connection Manager...
3612: 08:59:58.687 - Shutting down ENet Outbound Connection Manager...
3612: 08:59:58.765 - Disconnecting all outbound peers...
3612: 08:59:58.765 - Shutting down ENet host...
3612: 08:59:58.765 - Disconnecting all peers...
3612: 08:59:58.765 - Shutting down socket servers...
3612: 08:59:58.765 - Shutting down ENet thread pool...
3612: 08:59:58.765 - Shutting down TCP inactivity timers...
3612: 08:59:58.765 - Shutting down CLR applications...
3612: 08:59:58.765 - Shutting down business logic thread pool...
3612: 08:59:58.765 - Shutting down I/O thread pool...
3612: 08:59:58.765 - Destroying servers
3612: 08:59:58.765 - Destroying WebSocket Outbound Connection Manager
3612: 08:59:58.765 - Destroying TCP Outbound Connection Manager
3612: 08:59:58.765 - Destroying TCP inactivity timer
3612: 08:59:58.765 - Destroying ENet timer wheel
3612: 08:59:58.765 - Destroying ENet host
3612: 08:59:58.765 - Destroying ENet outbound host
3612: 08:59:58.765 - Destroying HTTP inactivity timer
3612: 08:59:58.765 - Destroying HTTP host
3612: 08:59:58.765 - Destroying HTTP Chunk host
3612: 08:59:58.765 - Flushing ENET buffer allocator...
3612: 08:59:58.765 - Flushing TCP buffer handle allocator...
3612: 08:59:58.765 - Flushing stream socket allocator...
3612: 08:59:58.765 - Flushing inbound datagram socket allocator...
3612: 08:59:58.765 - Flushing outbound datagram socket allocator...
3612: 08:59:58.765 - Destroying CLR dispatcher
3612: 08:59:58.765 - Destroying CLR applications
3612: 08:59:58.936 - ~CCLRApplicationCollection() - Waiting up to 10 seconds for the CLR to release all of our objects
3612: 08:59:58.936 - ~CCLRApplicationCollection() - Done. All objects released
3612: 08:59:58.936 - ~CManagedHost() - Release default app domain
3612: 08:59:58.936 - CManagedHost::OnDomainUnload() - 1
3612: 08:59:58.936 - ~CManagedHost() - Waiting up to 10 seconds for CLR shutdown...
3612: 08:59:58.936 - ~CManagedHost
3612: 08:59:58.936 - Destroying ENet thread pool
3612: 08:59:58.936 - Destroying Business logic thread pool
3612: 08:59:58.936 - Destroying I/O thread pool
3612: 08:59:58.936 - Destroying ENet buffer allocator
3612: 08:59:58.936 - Destroying TCP buffer allocator
3612: 08:59:58.936 - Destroying TCP socket allocator
3612: 08:59:58.936 - Destroying ENet inbound socket allocator
3612: 08:59:58.936 - Destroying ENet outbound socket allocator
3612: 08:59:58.936 - Destroying shared datagram flow control data
3612: 08:59:58.936 - Shutdown complete...
3644: 09:00:12.181 - Service shutting down
3644: 09:00:12.181 - Service shut down complete
