3872: 09:02:03.250 - ---
3872: 09:02:03.250 - Service: "Photon Socket Server" starting
3872: 09:02:03.250 - Config File: E:\PhotonServer\Photon-OnPremise-Server-SDK_v4-0-29-11263\deploy\bin_Win64\PhotonServer.config
3872: 09:02:07.072 - Will produce at most: 10 crash dumps
3872: 09:02:07.072 - Action: run as service
2476: 09:02:07.104 - Server Starting...
2476: 09:02:07.104 -    Tick count: 49920 (wraps in: 49.7097 days)
2476: 09:02:07.104 - Tick count 64: 49920
2476: 09:02:07.104 - Photon Version: 4.0.28.2962
2476: 09:02:07.104 - PID: 3868
2476: 09:02:07.119 - Current directory is: C:\Windows\system32
2476: 09:02:07.119 - Changing current directory to: E:\PhotonServer\Photon-OnPremise-Server-SDK_v4-0-29-11263\deploy\bin_Win64
2476: 09:02:07.119 - Config File: E:\PhotonServer\Photon-OnPremise-Server-SDK_v4-0-29-11263\deploy\bin_Win64\PhotonServer.config
2476: 09:02:07.119 - Will NOT log unimportant exceptions
2476: 09:02:10.910 - Not using performance counters as they are not currently installed. Run the service with /InstallCounters to install them.
2476: 09:02:10.910 - Shutdown timeout enabled: 30000ms
2476: 09:02:10.972 - Starting I/O thread pool with 2 threads
2476: 09:02:11.206 - Using Standard allocator
2476: 09:02:11.206 - Max message size: 512000
2476: 09:02:11.206 - Starting business logic thread pool with the following settings
2476: 09:02:11.206 - InitialThreads: 4 threads
2476: 09:02:11.206 - MinThreads: 4 threads
2476: 09:02:11.206 - Thread pool is fixed size
2476: 09:02:11.206 - Starting ENet thread pool with the following settings
2476: 09:02:11.206 - InitialThreads: 2 threads
2476: 09:02:11.206 - MinThreads: 2 threads
2476: 09:02:11.206 - Thread pool is fixed size
2476: 09:02:11.206 - OnlyDispatchTimers: False
2476: 09:02:11.238 - S2S: flow control: Max pending writes: 50
2476: 09:02:11.238 - S2S: flow control: Max queued buffers: 200
2476: 09:02:11.238 - S2S: flow control: Max pending writes MUX: 500
2476: 09:02:11.238 - S2S: flow control: Max queued buffers MUX: 2000
2476: 09:02:11.238 - S2S: MaxInboundMessageSize: 512000
2476: 09:02:11.238 - S2S: MaxOutboundMessageSize: 512000
2476: 09:02:11.238 - S2S: No inactivity timeout
2476: 09:02:11.316 - WebSocket S2S: MaxInboundMessageSize: 512000
2476: 09:02:11.316 - WebSocket S2S: MaxOutboundMessageSize: 512000
2476: 09:02:11.316 - WebSocket S2S: No inactivity timeout
2476: 09:02:11.721 - Max Reliable Data In Transit (awaiting ACKs) per peer : 51200 bytes
2476: 09:02:11.721 - Per peer bandwidth limit
2476: 09:02:11.721 - Transmit Rate Limit: 256 KB/Sec
2476: 09:02:11.721 - Limit period: 200ms
2476: 09:02:11.721 - Limit per period: 52428 bytes
2476: 09:02:11.721 - Max queued data for transmission per peer: 512000 bytes
2476: 09:02:11.721 - Minimum retransmit timeout: 200
2476: 09:02:11.721 - No Maximum retransmit timeout
2476: 09:02:11.721 - Minimum ENet timeout: 5000ms
2476: 09:02:11.721 - Maximum ENet timeout: 30000ms
2476: 09:02:11.721 - Max Inbound Reliable Data Queued (awaiting resends of earlier sequence numbers) per peer : 163840 bytes
2476: 09:02:11.721 - No RTT ACK adjustment timeout
2476: 09:02:11.721 - Outbound ENet: MaxInboundMessageSize: 512000
2476: 09:02:11.721 - Outbound ENet: MaxOutboundMessageSize: 512000
2476: 09:02:13.375 - GetRuntime - About to load CLR - versions available:
2476: 09:02:13.375 - v2.0.50727
2476: 09:02:13.375 - v4.0.30319
2476: 09:02:13.375 - Configuration requests: "v2.0.50727"
2476: 09:02:13.375 - About to load version: "v2.0.50727"
2476: 09:02:15.013 - About to load runtime: PhotonHostRuntime.PhotonDomainManager from PhotonHostRuntime, Culture=neutral, PublicKeyToken=02C301B61B060C4D
2476: 09:02:15.013 - CLRBaseDirectory set to "E:\PhotonServer\Photon-OnPremise-Server-SDK_v4-0-29-11263\deploy"
2476: 09:02:15.013 - Optimising event broadcast for 20 or more peers
2476: 09:02:17.384 - Start: About to load CLR - versions available:
2476: 09:02:17.384 - v2.0.50727
2476: 09:02:17.384 - v4.0.30319
2476: 09:02:17.384 - No preference in configuration file, will load latest.
2476: 09:02:17.384 - About to load version: "v4.0.30319"
2476: 09:02:17.384 - Loaded version: "v4.0.30319"
2476: 09:02:24.669 - Photon host runtime loaded
2476: 09:02:37.586 - LICENSE: No license file was found. Starting with Bootstrap License.
2476: 09:02:37.586 - License is valid.
2476: 09:02:37.586 - Licensed for 20 concurrent connections.
2476: 09:02:37.586 - ENet: Max Reliable Data In Transit (awaiting ACKs) per peer : 51200 bytes
2476: 09:02:37.586 - ENet: Per peer bandwidth limit
2476: 09:02:37.586 - ENet: Transmit Rate Limit: 256 KB/Sec
2476: 09:02:37.586 - ENet: Limit period: 200ms
2476: 09:02:37.586 - ENet: Limit per period: 52428 bytes
2476: 09:02:37.586 - ENet: Max queued data for transmission per peer: 512000 bytes
2476: 09:02:37.586 - ENet: Minimum retransmit timeout: 200
2476: 09:02:37.586 - No Maximum retransmit timeout
2476: 09:02:37.586 - ENet: Minimum timeout: 5000ms
2476: 09:02:37.586 - ENet: Maximum timeout: 30000ms
2476: 09:02:37.586 - ENet: Max Inbound Reliable Data Queued (awaiting resends of earlier sequence numbers) per peer : 163840 bytes
2476: 09:02:37.586 - No RTT ACK adjustment timeout
2476: 09:02:37.586 - About to load application: MMoDemo from Photon.MmoDemo.Server
2476: 09:02:37.586 - Auto restart is enabled for application, existing connections will be terminated during restart
2476: 09:02:37.586 - Application will restart 1000ms after the last change detected
2476: 09:02:37.586 - Application will restart if files matching the following are changed: "dll;config"
2476: 09:02:37.586 - Application will NOT restart if files matching the following are changed: "log4net.config"
2476: 09:02:39.567 - CService::OnException() - Exception: CManagedHost::CreateApplicationInNewAppDomain() - Failed to create new application domain for : "MMoDemo" - Can't find Photon.MmoDemo.Server.dll in  or E:\PhotonServer\Photon-OnPremise-Server-SDK_v4-0-29-11263\deploy\MmoDemo\bin
2476: 09:02:39.567 - Server shutting down...
2476: 09:02:39.567 - Shutdown monitoring enabled, 30000ms before process abort
2476: 09:02:39.567 - Notifying CLR applications of shutdown...
2476: 09:02:39.567 - RequestStop: defalt app domain
2476: 09:02:39.567 - Shutting down WebSocket Outbound Connection Manager...
2476: 09:02:40.597 - Shutting down TCP Outbound Connection Manager...
2476: 09:02:43.654 - Shutting down ENet Outbound Connection Manager...
2476: 09:02:43.654 - Disconnecting all outbound peers...
2476: 09:02:43.654 - Shutting down ENet host...
2476: 09:02:43.654 - Disconnecting all peers...
2476: 09:02:43.654 - Shutting down socket servers...
2476: 09:02:43.654 - Shutting down ENet thread pool...
2476: 09:02:43.654 - Shutting down TCP inactivity timers...
2476: 09:02:43.654 - Shutting down CLR applications...
2476: 09:02:43.654 - Shutting down business logic thread pool...
2476: 09:02:43.654 - Shutting down I/O thread pool...
2476: 09:02:43.654 - Destroying servers
2476: 09:02:43.654 - Destroying WebSocket Outbound Connection Manager
2476: 09:02:43.654 - Destroying TCP Outbound Connection Manager
2476: 09:02:43.654 - Destroying TCP inactivity timer
2476: 09:02:43.654 - Destroying ENet timer wheel
2476: 09:02:43.654 - Destroying ENet host
2476: 09:02:43.654 - Destroying ENet outbound host
2476: 09:02:43.654 - Destroying HTTP inactivity timer
2476: 09:02:43.654 - Destroying HTTP host
2476: 09:02:43.654 - Destroying HTTP Chunk host
2476: 09:02:43.654 - Flushing ENET buffer allocator...
2476: 09:02:43.654 - Flushing TCP buffer handle allocator...
2476: 09:02:43.654 - Flushing stream socket allocator...
2476: 09:02:43.654 - Flushing inbound datagram socket allocator...
2476: 09:02:43.654 - Flushing outbound datagram socket allocator...
2476: 09:02:43.654 - Destroying CLR dispatcher
2476: 09:02:43.654 - Destroying CLR applications
2476: 09:02:43.826 - ~CCLRApplicationCollection() - Waiting up to 10 seconds for the CLR to release all of our objects
2476: 09:02:43.826 - ~CCLRApplicationCollection() - Done. All objects released
2476: 09:02:43.826 - ~CManagedHost() - Release default app domain
2476: 09:02:43.826 - CManagedHost::OnDomainUnload() - 1
2476: 09:02:43.826 - ~CManagedHost() - Waiting up to 10 seconds for CLR shutdown...
2476: 09:02:43.904 - ~CManagedHost
2476: 09:02:43.904 - Destroying ENet thread pool
2476: 09:02:43.904 - Destroying Business logic thread pool
2476: 09:02:43.904 - Destroying I/O thread pool
2476: 09:02:43.904 - Destroying ENet buffer allocator
2476: 09:02:43.904 - Destroying TCP buffer allocator
2476: 09:02:43.904 - Destroying TCP socket allocator
2476: 09:02:43.904 - Destroying ENet inbound socket allocator
2476: 09:02:43.904 - Destroying ENet outbound socket allocator
2476: 09:02:43.904 - Destroying shared datagram flow control data
2476: 09:02:47.196 - Shutdown complete...
3872: 09:03:13.731 - Service shutting down
3872: 09:03:13.731 - Service shut down complete
