2584: 09:01:23.960 - ---
2584: 09:01:23.960 - Service: "Photon Socket Server" starting
2584: 09:01:23.960 - Config File: E:\PhotonServer\Photon-OnPremise-Server-SDK_v4-0-29-11263\deploy\bin_Win64\PhotonServer.config
2584: 09:01:23.960 - Will produce at most: 10 crash dumps
2584: 09:01:23.960 - Action: run as service
3292: 09:01:23.960 - Server Starting...
3292: 09:01:23.960 -    Tick count: 55785 (wraps in: 49.7096 days)
3292: 09:01:23.960 - Tick count 64: 55785
3292: 09:01:23.960 - Photon Version: 4.0.28.2962
3292: 09:01:23.960 - PID: 2592
3292: 09:01:23.960 - Current directory is: C:\Windows\system32
3292: 09:01:23.960 - Changing current directory to: E:\PhotonServer\Photon-OnPremise-Server-SDK_v4-0-29-11263\deploy\bin_Win64
3292: 09:01:23.960 - Config File: E:\PhotonServer\Photon-OnPremise-Server-SDK_v4-0-29-11263\deploy\bin_Win64\PhotonServer.config
3292: 09:01:23.960 - Will NOT log unimportant exceptions
3292: 09:01:25.193 - Not using performance counters as they are not currently installed. Run the service with /InstallCounters to install them.
3292: 09:01:25.926 - Shutdown timeout enabled: 30000ms
3292: 09:01:27.704 - Starting I/O thread pool with 2 threads
3292: 09:01:27.704 - Using Standard allocator
3292: 09:01:27.704 - Max message size: 512000
3292: 09:01:27.813 - Starting business logic thread pool with the following settings
3292: 09:01:27.813 - InitialThreads: 4 threads
3292: 09:01:27.813 - MinThreads: 4 threads
3292: 09:01:27.813 - Thread pool is fixed size
3292: 09:01:27.813 - Starting ENet thread pool with the following settings
3292: 09:01:27.813 - InitialThreads: 2 threads
3292: 09:01:27.813 - MinThreads: 2 threads
3292: 09:01:27.813 - Thread pool is fixed size
3292: 09:01:27.813 - OnlyDispatchTimers: False
3292: 09:01:27.813 - S2S: flow control: Max pending writes: 50
3292: 09:01:27.813 - S2S: flow control: Max queued buffers: 200
3292: 09:01:27.813 - S2S: flow control: Max pending writes MUX: 500
3292: 09:01:27.813 - S2S: flow control: Max queued buffers MUX: 2000
3292: 09:01:27.813 - S2S: MaxInboundMessageSize: 512000
3292: 09:01:27.813 - S2S: MaxOutboundMessageSize: 512000
3292: 09:01:27.813 - S2S: No inactivity timeout
3292: 09:01:29.015 - WebSocket S2S: MaxInboundMessageSize: 512000
3292: 09:01:29.015 - WebSocket S2S: MaxOutboundMessageSize: 512000
3292: 09:01:29.015 - WebSocket S2S: No inactivity timeout
3292: 09:01:29.171 - Max Reliable Data In Transit (awaiting ACKs) per peer : 51200 bytes
3292: 09:01:29.171 - Per peer bandwidth limit
3292: 09:01:29.171 - Transmit Rate Limit: 256 KB/Sec
3292: 09:01:29.171 - Limit period: 200ms
3292: 09:01:29.171 - Limit per period: 52428 bytes
3292: 09:01:29.171 - Max queued data for transmission per peer: 512000 bytes
3292: 09:01:29.171 - Minimum retransmit timeout: 200
3292: 09:01:29.171 - No Maximum retransmit timeout
3292: 09:01:29.171 - Minimum ENet timeout: 5000ms
3292: 09:01:29.171 - Maximum ENet timeout: 30000ms
3292: 09:01:29.171 - Max Inbound Reliable Data Queued (awaiting resends of earlier sequence numbers) per peer : 163840 bytes
3292: 09:01:29.171 - No RTT ACK adjustment timeout
3292: 09:01:29.171 - Outbound ENet: MaxInboundMessageSize: 512000
3292: 09:01:29.171 - Outbound ENet: MaxOutboundMessageSize: 512000
3292: 09:01:29.373 - GetRuntime - About to load CLR - versions available:
3292: 09:01:29.373 - v2.0.50727
3292: 09:01:29.373 - v4.0.30319
3292: 09:01:29.373 - Configuration requests: "v2.0.50727"
3292: 09:01:29.373 - About to load version: "v2.0.50727"
3292: 09:01:29.904 - About to load runtime: PhotonHostRuntime.PhotonDomainManager from PhotonHostRuntime, Culture=neutral, PublicKeyToken=02C301B61B060C4D
3292: 09:01:29.904 - CLRBaseDirectory set to "E:\PhotonServer\Photon-OnPremise-Server-SDK_v4-0-29-11263\deploy"
3292: 09:01:29.904 - Optimising event broadcast for 20 or more peers
3292: 09:01:30.107 - Start: About to load CLR - versions available:
3292: 09:01:30.107 - v2.0.50727
3292: 09:01:30.107 - v4.0.30319
3292: 09:01:30.107 - No preference in configuration file, will load latest.
3292: 09:01:30.107 - About to load version: "v4.0.30319"
3292: 09:01:30.107 - Loaded version: "v4.0.30319"
3292: 09:02:21.750 - Photon host runtime loaded
3292: 09:02:38.978 - LICENSE: No license file was found. Starting with Bootstrap License.
3292: 09:02:39.052 - License is valid.
3292: 09:02:39.052 - Licensed for 20 concurrent connections.
3292: 09:02:39.052 - ENet: Max Reliable Data In Transit (awaiting ACKs) per peer : 51200 bytes
3292: 09:02:39.052 - ENet: Per peer bandwidth limit
3292: 09:02:39.052 - ENet: Transmit Rate Limit: 256 KB/Sec
3292: 09:02:39.052 - ENet: Limit period: 200ms
3292: 09:02:39.052 - ENet: Limit per period: 52428 bytes
3292: 09:02:39.052 - ENet: Max queued data for transmission per peer: 512000 bytes
3292: 09:02:39.052 - ENet: Minimum retransmit timeout: 200
3292: 09:02:39.052 - No Maximum retransmit timeout
3292: 09:02:39.052 - ENet: Minimum timeout: 5000ms
3292: 09:02:39.052 - ENet: Maximum timeout: 30000ms
3292: 09:02:39.052 - ENet: Max Inbound Reliable Data Queued (awaiting resends of earlier sequence numbers) per peer : 163840 bytes
3292: 09:02:39.052 - No RTT ACK adjustment timeout
3292: 09:02:39.053 - About to load application: MMoDemo from Photon.MmoDemo.Server
3292: 09:02:39.053 - Auto restart is enabled for application, existing connections will be terminated during restart
3292: 09:02:39.053 - Application will restart 1000ms after the last change detected
3292: 09:02:39.053 - Application will restart if files matching the following are changed: "dll;config"
3292: 09:02:39.053 - Application will NOT restart if files matching the following are changed: "log4net.config"
3292: 09:02:44.888 - CService::OnException() - Exception: CManagedHost::CreateApplicationInNewAppDomain() - Failed to create new application domain for : "MMoDemo" - Can't find Photon.MmoDemo.Server.dll in  or E:\PhotonServer\Photon-OnPremise-Server-SDK_v4-0-29-11263\deploy\MmoDemo\bin
3292: 09:02:44.888 - Server shutting down...
3292: 09:02:44.888 - Shutdown monitoring enabled, 30000ms before process abort
3292: 09:02:44.888 - Notifying CLR applications of shutdown...
3292: 09:02:44.888 - RequestStop: defalt app domain
3292: 09:02:44.889 - Shutting down WebSocket Outbound Connection Manager...
3292: 09:02:45.934 - Shutting down TCP Outbound Connection Manager...
3292: 09:02:46.210 - Shutting down ENet Outbound Connection Manager...
3292: 09:02:46.365 - Disconnecting all outbound peers...
3292: 09:02:51.533 - Shutting down ENet host...
3292: 09:02:51.533 - Disconnecting all peers...
3292: 09:02:51.533 - Shutting down socket servers...
3292: 09:02:51.591 - Shutting down ENet thread pool...
3292: 09:02:51.591 - Shutting down TCP inactivity timers...
3292: 09:02:51.591 - Shutting down CLR applications...
3292: 09:02:51.591 - Shutting down business logic thread pool...
3292: 09:02:51.592 - Shutting down I/O thread pool...
3292: 09:02:51.592 - Destroying servers
3292: 09:02:51.592 - Destroying WebSocket Outbound Connection Manager
3292: 09:02:51.592 - Destroying TCP Outbound Connection Manager
3292: 09:02:51.592 - Destroying TCP inactivity timer
3292: 09:02:51.592 - Destroying ENet timer wheel
3292: 09:02:51.592 - Destroying ENet host
3292: 09:02:51.592 - Destroying ENet outbound host
3292: 09:02:51.592 - Destroying HTTP inactivity timer
3292: 09:02:51.592 - Destroying HTTP host
3292: 09:02:51.592 - Destroying HTTP Chunk host
3292: 09:02:51.592 - Flushing ENET buffer allocator...
3292: 09:02:51.592 - Flushing TCP buffer handle allocator...
3292: 09:02:51.592 - Flushing stream socket allocator...
3292: 09:02:51.592 - Flushing inbound datagram socket allocator...
3292: 09:02:51.592 - Flushing outbound datagram socket allocator...
3292: 09:02:51.592 - Destroying CLR dispatcher
3292: 09:02:51.592 - Destroying CLR applications
3292: 09:02:53.324 - ~CCLRApplicationCollection() - Waiting up to 10 seconds for the CLR to release all of our objects
3292: 09:02:53.324 - ~CCLRApplicationCollection() - Done. All objects released
3292: 09:02:53.324 - ~CManagedHost() - Release default app domain
3292: 09:02:53.324 - CManagedHost::OnDomainUnload() - 1
3292: 09:02:53.324 - ~CManagedHost() - Waiting up to 10 seconds for CLR shutdown...
3292: 09:02:53.468 - ~CManagedHost
3292: 09:02:53.469 - Destroying ENet thread pool
3292: 09:02:53.469 - Destroying Business logic thread pool
3292: 09:02:53.469 - Destroying I/O thread pool
3292: 09:02:53.469 - Destroying ENet buffer allocator
3292: 09:02:53.469 - Destroying TCP buffer allocator
3292: 09:02:53.469 - Destroying TCP socket allocator
3292: 09:02:53.469 - Destroying ENet inbound socket allocator
3292: 09:02:53.469 - Destroying ENet outbound socket allocator
3292: 09:02:53.469 - Destroying shared datagram flow control data
3292: 09:02:53.889 - Shutdown complete...
2584: 09:02:53.891 - Service shutting down
2584: 09:02:53.912 - Service shut down complete
