3016: 18:07:39.244 - ---
3016: 18:07:39.244 - Service: "Photon Socket Server" starting
3016: 18:07:39.244 - Config File: E:\PhotonServer\Photon-OnPremise-Server-SDK_v4-0-29-11263\deploy\bin_Win64\PhotonServer.config
3016: 18:07:39.291 - Will produce at most: 10 crash dumps
3016: 18:07:39.291 - Action: run as service
3064: 18:07:39.291 - Server Starting...
3064: 18:07:39.291 -    Tick count: 36114 (wraps in: 49.7099 days)
3064: 18:07:39.291 - Tick count 64: 36114
3064: 18:07:39.291 - Photon Version: 4.0.28.2962
3064: 18:07:39.291 - PID: 3012
3064: 18:07:39.291 - Current directory is: C:\Windows\system32
3064: 18:07:39.291 - Changing current directory to: E:\PhotonServer\Photon-OnPremise-Server-SDK_v4-0-29-11263\deploy\bin_Win64
3064: 18:07:39.291 - Config File: E:\PhotonServer\Photon-OnPremise-Server-SDK_v4-0-29-11263\deploy\bin_Win64\PhotonServer.config
3064: 18:07:39.291 - Will NOT log unimportant exceptions
3064: 18:07:39.322 - Not using performance counters as they are not currently installed. Run the service with /InstallCounters to install them.
3064: 18:07:39.322 - Shutdown timeout enabled: 30000ms
3064: 18:07:39.337 - Starting I/O thread pool with 2 threads
3064: 18:07:39.337 - Using Standard allocator
3064: 18:07:39.337 - Max message size: 512000
3064: 18:07:39.337 - Starting business logic thread pool with the following settings
3064: 18:07:39.337 - InitialThreads: 4 threads
3064: 18:07:39.337 - MinThreads: 4 threads
3064: 18:07:39.337 - Thread pool is fixed size
3064: 18:07:39.337 - Starting ENet thread pool with the following settings
3064: 18:07:39.337 - InitialThreads: 2 threads
3064: 18:07:39.337 - MinThreads: 2 threads
3064: 18:07:39.337 - Thread pool is fixed size
3064: 18:07:39.337 - OnlyDispatchTimers: False
3064: 18:07:39.337 - S2S: flow control: Max pending writes: 50
3064: 18:07:39.337 - S2S: flow control: Max queued buffers: 200
3064: 18:07:39.337 - S2S: flow control: Max pending writes MUX: 500
3064: 18:07:39.337 - S2S: flow control: Max queued buffers MUX: 2000
3064: 18:07:39.337 - S2S: MaxInboundMessageSize: 512000
3064: 18:07:39.337 - S2S: MaxOutboundMessageSize: 512000
3064: 18:07:39.337 - S2S: No inactivity timeout
3064: 18:07:39.337 - WebSocket S2S: MaxInboundMessageSize: 512000
3064: 18:07:39.337 - WebSocket S2S: MaxOutboundMessageSize: 512000
3064: 18:07:39.337 - WebSocket S2S: No inactivity timeout
3064: 18:07:39.337 - Max Reliable Data In Transit (awaiting ACKs) per peer : 51200 bytes
3064: 18:07:39.337 - Per peer bandwidth limit
3064: 18:07:39.337 - Transmit Rate Limit: 256 KB/Sec
3064: 18:07:39.337 - Limit period: 200ms
3064: 18:07:39.337 - Limit per period: 52428 bytes
3064: 18:07:39.337 - Max queued data for transmission per peer: 512000 bytes
3064: 18:07:39.337 - Minimum retransmit timeout: 200
3064: 18:07:39.337 - No Maximum retransmit timeout
3064: 18:07:39.337 - Minimum ENet timeout: 5000ms
3064: 18:07:39.337 - Maximum ENet timeout: 30000ms
3064: 18:07:39.337 - Max Inbound Reliable Data Queued (awaiting resends of earlier sequence numbers) per peer : 163840 bytes
3064: 18:07:39.337 - No RTT ACK adjustment timeout
3064: 18:07:39.337 - Outbound ENet: MaxInboundMessageSize: 512000
3064: 18:07:39.337 - Outbound ENet: MaxOutboundMessageSize: 512000
3064: 18:07:39.369 - GetRuntime - About to load CLR - versions available:
3064: 18:07:39.369 - v2.0.50727
3064: 18:07:39.369 - v4.0.30319
3064: 18:07:39.369 - Configuration requests: "v2.0.50727"
3064: 18:07:39.369 - About to load version: "v2.0.50727"
3064: 18:07:39.774 - About to load runtime: PhotonHostRuntime.PhotonDomainManager from PhotonHostRuntime, Culture=neutral, PublicKeyToken=02C301B61B060C4D
3064: 18:07:39.774 - CLRBaseDirectory set to "E:\PhotonServer\Photon-OnPremise-Server-SDK_v4-0-29-11263\deploy"
3064: 18:07:39.774 - Optimising event broadcast for 20 or more peers
3064: 18:07:39.915 - Start: About to load CLR - versions available:
3064: 18:07:39.915 - v2.0.50727
3064: 18:07:39.915 - v4.0.30319
3064: 18:07:39.915 - No preference in configuration file, will load latest.
3064: 18:07:39.915 - About to load version: "v4.0.30319"
3064: 18:07:39.915 - Loaded version: "v4.0.30319"
3064: 18:07:41.631 - Photon host runtime loaded
3064: 18:07:50.881 - LICENSE: No license file was found. Starting with Bootstrap License.
3064: 18:07:50.881 - License is valid.
3064: 18:07:50.881 - Licensed for 20 concurrent connections.
3064: 18:07:50.881 - ENet: Max Reliable Data In Transit (awaiting ACKs) per peer : 51200 bytes
3064: 18:07:50.881 - ENet: Per peer bandwidth limit
3064: 18:07:50.881 - ENet: Transmit Rate Limit: 256 KB/Sec
3064: 18:07:50.881 - ENet: Limit period: 200ms
3064: 18:07:50.881 - ENet: Limit per period: 52428 bytes
3064: 18:07:50.881 - ENet: Max queued data for transmission per peer: 512000 bytes
3064: 18:07:50.881 - ENet: Minimum retransmit timeout: 200
3064: 18:07:50.881 - No Maximum retransmit timeout
3064: 18:07:50.881 - ENet: Minimum timeout: 5000ms
3064: 18:07:50.881 - ENet: Maximum timeout: 30000ms
3064: 18:07:50.881 - ENet: Max Inbound Reliable Data Queued (awaiting resends of earlier sequence numbers) per peer : 163840 bytes
3064: 18:07:50.881 - No RTT ACK adjustment timeout
3064: 18:07:50.881 - About to load application: MMoDemo from Photon.MmoDemo.Server
3064: 18:07:50.881 - Auto restart is enabled for application, existing connections will be terminated during restart
3064: 18:07:50.881 - Application will restart 1000ms after the last change detected
3064: 18:07:50.881 - Application will restart if files matching the following are changed: "dll;config"
3064: 18:07:50.881 - Application will NOT restart if files matching the following are changed: "log4net.config"
3064: 18:07:56.700 - CService::OnException() - Exception: CManagedHost::CreateApplicationInNewAppDomain() - Failed to create new application domain for : "MMoDemo" - Can't find Photon.MmoDemo.Server.dll in  or E:\PhotonServer\Photon-OnPremise-Server-SDK_v4-0-29-11263\deploy\MmoDemo\bin
3064: 18:07:56.700 - Server shutting down...
3064: 18:07:56.700 - Shutdown monitoring enabled, 30000ms before process abort
3064: 18:07:56.700 - Notifying CLR applications of shutdown...
3064: 18:07:56.700 - RequestStop: defalt app domain
3064: 18:07:56.700 - Shutting down WebSocket Outbound Connection Manager...
3064: 18:07:56.887 - Shutting down TCP Outbound Connection Manager...
3064: 18:07:57.012 - Shutting down ENet Outbound Connection Manager...
3064: 18:07:57.121 - Disconnecting all outbound peers...
3064: 18:07:57.121 - Shutting down ENet host...
3064: 18:07:57.121 - Disconnecting all peers...
3064: 18:07:57.121 - Shutting down socket servers...
3064: 18:07:57.121 - Shutting down ENet thread pool...
3064: 18:07:57.121 - Shutting down TCP inactivity timers...
3064: 18:07:57.121 - Shutting down CLR applications...
3064: 18:07:57.121 - Shutting down business logic thread pool...
3064: 18:07:57.121 - Shutting down I/O thread pool...
3064: 18:07:57.121 - Destroying servers
3064: 18:07:57.121 - Destroying WebSocket Outbound Connection Manager
3064: 18:07:57.121 - Destroying TCP Outbound Connection Manager
3064: 18:07:57.121 - Destroying TCP inactivity timer
3064: 18:07:57.121 - Destroying ENet timer wheel
3064: 18:07:57.121 - Destroying ENet host
3064: 18:07:57.121 - Destroying ENet outbound host
3064: 18:07:57.121 - Destroying HTTP inactivity timer
3064: 18:07:57.121 - Destroying HTTP host
3064: 18:07:57.121 - Destroying HTTP Chunk host
3064: 18:07:57.121 - Flushing ENET buffer allocator...
3064: 18:07:57.121 - Flushing TCP buffer handle allocator...
3064: 18:07:57.121 - Flushing stream socket allocator...
3064: 18:07:57.121 - Flushing inbound datagram socket allocator...
3064: 18:07:57.121 - Flushing outbound datagram socket allocator...
3064: 18:07:57.121 - Destroying CLR dispatcher
3064: 18:07:57.121 - Destroying CLR applications
3064: 18:07:57.215 - ~CCLRApplicationCollection() - Waiting up to 10 seconds for the CLR to release all of our objects
3064: 18:07:57.215 - ~CCLRApplicationCollection() - Done. All objects released
3064: 18:07:57.215 - ~CManagedHost() - Release default app domain
3064: 18:07:57.215 - CManagedHost::OnDomainUnload() - 1
3064: 18:07:57.215 - ~CManagedHost() - Waiting up to 10 seconds for CLR shutdown...
3064: 18:07:57.215 - ~CManagedHost
3064: 18:07:57.215 - Destroying ENet thread pool
3064: 18:07:57.215 - Destroying Business logic thread pool
3064: 18:07:57.215 - Destroying I/O thread pool
3064: 18:07:57.215 - Destroying ENet buffer allocator
3064: 18:07:57.215 - Destroying TCP buffer allocator
3064: 18:07:57.215 - Destroying TCP socket allocator
3064: 18:07:57.215 - Destroying ENet inbound socket allocator
3064: 18:07:57.215 - Destroying ENet outbound socket allocator
3064: 18:07:57.215 - Destroying shared datagram flow control data
3064: 18:07:57.215 - Shutdown complete...
3016: 18:08:27.598 - Service shutting down
3016: 18:08:27.598 - Service shut down complete
