17196: 10:29:12.653 - ---
17196: 10:29:12.653 - Service: "Photon Socket Server" starting
17196: 10:29:12.653 - Config File: E:\PhotonServer\Photon-OnPremise-Server-SDK_v4-0-29-11263\deploy\bin_Win64\PhotonServer.config
17196: 10:29:12.654 - Will produce at most: 10 crash dumps
17196: 10:29:12.654 - Service shutting down
17196: 10:29:12.654 - Service shut down complete
15132: 10:38:45.232 - ---
15132: 10:38:45.232 - Service: "Photon Socket Server" starting
15132: 10:38:45.232 - Config File: E:\PhotonServer\Photon-OnPremise-Server-SDK_v4-0-29-11263\deploy\bin_Win64\PhotonServer.config
15132: 10:38:45.233 - Will produce at most: 10 crash dumps
15132: 10:38:45.233 - Service shutting down
15132: 10:38:45.233 - Service shut down complete
13556: 10:45:40.773 - ---
13556: 10:45:40.773 - Service: "Photon Socket Server" starting
13556: 10:45:40.773 - Config File: E:\PhotonServer\Photon-OnPremise-Server-SDK_v4-0-29-11263\deploy\bin_Win64\PhotonServer.config
13556: 10:45:40.774 - Will produce at most: 10 crash dumps
13556: 10:45:40.774 - Service shutting down
13556: 10:45:40.775 - Service shut down complete
3784: 10:49:45.352 - ---
3784: 10:49:45.352 - Service: "Photon Socket Server" starting
3784: 10:49:45.352 - Config File: E:\PhotonServer\Photon-OnPremise-Server-SDK_v4-0-29-11263\deploy\bin_Win64\PhotonServer.config
3784: 10:49:45.353 - Will produce at most: 10 crash dumps
3784: 10:49:45.353 - Service shutting down
3784: 10:49:45.355 - Service shut down complete
12140: 13:00:15.367 - ---
12140: 13:00:15.367 - Service: "Photon Socket Server" starting
12140: 13:00:15.367 - Config File: E:\PhotonServer\Photon-OnPremise-Server-SDK_v4-0-29-11263\deploy\bin_Win64\PhotonServer.config
12140: 13:00:15.369 - Will produce at most: 10 crash dumps
12140: 13:00:15.369 - Service shutting down
12140: 13:00:15.369 - Service shut down complete
10824: 13:14:21.443 - ---
10824: 13:14:21.443 - Service: "Photon Socket Server" starting
10824: 13:14:21.444 - Config File: E:\PhotonServer\Photon-OnPremise-Server-SDK_v4-0-29-11263\deploy\bin_Win64\PhotonServer.config
10824: 13:14:21.444 - Will produce at most: 10 crash dumps
10824: 13:14:21.445 - Service shutting down
10824: 13:14:21.446 - Service shut down complete
13888: 13:22:13.427 - ---
13888: 13:22:13.427 - Service: "Photon Socket Server" starting
13888: 13:22:13.428 - Config File: E:\PhotonServer\Photon-OnPremise-Server-SDK_v4-0-29-11263\deploy\bin_Win64\PhotonServer.config
13888: 13:22:13.428 - Will produce at most: 10 crash dumps
13888: 13:22:13.429 - Service shutting down
13888: 13:22:13.429 - Service shut down complete
18540: 13:24:25.598 - ---
18540: 13:24:25.598 - Service: "Photon Socket Server" starting
18540: 13:24:25.598 - Config File: E:\PhotonServer\Photon-OnPremise-Server-SDK_v4-0-29-11263\deploy\bin_Win64\PhotonServer.config
18540: 13:24:25.599 - Will produce at most: 10 crash dumps
18540: 13:24:25.599 - Service shutting down
18540: 13:24:25.600 - Service shut down complete
19340: 13:26:26.296 - ---
19340: 13:26:26.296 - Service: "Photon Socket Server" starting
19340: 13:26:26.296 - Config File: E:\PhotonServer\Photon-OnPremise-Server-SDK_v4-0-29-11263\deploy\bin_Win64\PhotonServer.config
19340: 13:26:26.297 - Will produce at most: 10 crash dumps
19340: 13:26:26.297 - Service shutting down
19340: 13:26:26.298 - Service shut down complete
